14:59:00.168 [org.springframework.kafka.KafkaListenerEndpointContainer#0-0-C-1] INFO  c.e.d.services.kafka.KafkaConsumer - 
ID: 512
Cecil Vines
cecil.vines@sakilacustomer.org
Wypożyczone filmy:
- Amadeus Holy - Wypozyczono 18 dni temu

14:59:00.179 [org.springframework.kafka.KafkaListenerEndpointContainer#0-0-C-1] INFO  c.e.d.services.kafka.KafkaConsumer - 
ID: 1
Mary Smith
mary.smith@sakilacustomer.org
Wypożyczone filmy:
- African Egg - Wypozyczono 14 dni temu

14:59:00.188 [org.springframework.kafka.KafkaListenerEndpointContainer#0-0-C-1] INFO  c.e.d.services.kafka.KafkaConsumer - 
ID: 516
Elmer Noe
elmer.noe@sakilacustomer.org
Wypożyczone filmy:
- Falcon Volume - Wypozyczono 18 dni temu
- Minority Kiss - Wypozyczono 18 dni temu

14:59:00.198 [org.springframework.kafka.KafkaListenerEndpointContainer#0-0-C-1] INFO  c.e.d.services.kafka.KafkaConsumer - 
ID: 5
Elizabeth Brown
elizabeth.brown@sakilacustomer.org
Wypożyczone filmy:
- Gables Metropolis - Wypozyczono 18 dni temu

14:59:00.198 [org.springframework.kafka.KafkaListenerEndpointContainer#0-0-C-1] INFO  c.e.d.services.kafka.KafkaConsumer - 
ID: 263
Hilda Hopkins
hilda.hopkins@sakilacustomer.org
Wypożyczone filmy:
- Earth Vision - Wypozyczono 18 dni temu

14:59:00.198 [org.springframework.kafka.KafkaListenerEndpointContainer#0-0-C-1] INFO  c.e.d.services.kafka.KafkaConsumer - 
ID: 264
Gwendolyn May
gwendolyn.may@sakilacustomer.org
Wypożyczone filmy:
- Flying Hook - Wypozyczono 18 dni temu

14:59:00.198 [org.springframework.kafka.KafkaListenerEndpointContainer#0-0-C-1] INFO  c.e.d.services.kafka.KafkaConsumer - 
ID: 521
Roland South
roland.south@sakilacustomer.org
Wypożyczone filmy:
- Suit Walls - Wypozyczono 18 dni temu

14:59:00.198 [org.springframework.kafka.KafkaListenerEndpointContainer#0-0-C-1] INFO  c.e.d.services.kafka.KafkaConsumer - 
ID: 9
Margaret Moore
margaret.moore@sakilacustomer.org
Wypożyczone filmy:
- Deep Crusade - Wypozyczono 18 dni temu

14:59:00.198 [org.springframework.kafka.KafkaListenerEndpointContainer#0-0-C-1] INFO  c.e.d.services.kafka.KafkaConsumer - 
ID: 11
Lisa Anderson
lisa.anderson@sakilacustomer.org
Wypożyczone filmy:
- Bull Shawshank - Wypozyczono 18 dni temu

14:59:00.198 [org.springframework.kafka.KafkaListenerEndpointContainer#0-0-C-1] INFO  c.e.d.services.kafka.KafkaConsumer - 
ID: 267
Margie Wade
margie.wade@sakilacustomer.org
Wypożyczone filmy:
- Lust Lock - Wypozyczono 18 dni temu
- Philadelphia Wife - Wypozyczono 18 dni temu

14:59:00.198 [org.springframework.kafka.KafkaListenerEndpointContainer#0-0-C-1] INFO  c.e.d.services.kafka.KafkaConsumer - 
ID: 269
Cassandra Walters
cassandra.walters@sakilacustomer.org
Wypożyczone filmy:
- Princess Giant - Wypozyczono 18 dni temu
- Theory Mermaid - Wypozyczono 18 dni temu

14:59:00.198 [org.springframework.kafka.KafkaListenerEndpointContainer#0-0-C-1] INFO  c.e.d.services.kafka.KafkaConsumer - 
ID: 525
Adrian Clary
adrian.clary@sakilacustomer.org
Wypożyczone filmy:
- Shock Cabin - Wypozyczono 18 dni temu

14:59:00.198 [org.springframework.kafka.KafkaListenerEndpointContainer#0-0-C-1] INFO  c.e.d.services.kafka.KafkaConsumer - 
ID: 14
Betty White
betty.white@sakilacustomer.org
Wypożyczone filmy:
- Groundhog Uncut - Wypozyczono 18 dni temu

14:59:00.198 [org.springframework.kafka.KafkaListenerEndpointContainer#0-0-C-1] INFO  c.e.d.services.kafka.KafkaConsumer - 
ID: 15
Helen Harris
helen.harris@sakilacustomer.org
Wypożyczone filmy:
- Candidate Perdition - Wypozyczono 18 dni temu
- Smoking Barbarella - Wypozyczono 18 dni temu

14:59:00.199 [org.springframework.kafka.KafkaListenerEndpointContainer#0-0-C-1] INFO  c.e.d.services.kafka.KafkaConsumer - 
ID: 527
Cory Meehan
cory.meehan@sakilacustomer.org
Wypożyczone filmy:
- Jason Trap - Wypozyczono 18 dni temu

14:59:00.199 [org.springframework.kafka.KafkaListenerEndpointContainer#0-0-C-1] INFO  c.e.d.services.kafka.KafkaConsumer - 
ID: 274
Naomi Jennings
naomi.jennings@sakilacustomer.org
Wypożyczone filmy:
- Wild Apollo - Wypozyczono 18 dni temu

14:59:00.201 [org.springframework.kafka.KafkaListenerEndpointContainer#0-0-C-1] INFO  c.e.d.services.kafka.KafkaConsumer - 
ID: 530
Darryl Ashcraft
darryl.ashcraft@sakilacustomer.org
Wypożyczone filmy:
- Pure Runner - Wypozyczono 18 dni temu

14:59:00.201 [org.springframework.kafka.KafkaListenerEndpointContainer#0-0-C-1] INFO  c.e.d.services.kafka.KafkaConsumer - 
ID: 532
Neil Renner
neil.renner@sakilacustomer.org
Wypożyczone filmy:
- World Leathernecks - Wypozyczono 18 dni temu

14:59:00.202 [org.springframework.kafka.KafkaListenerEndpointContainer#0-0-C-1] INFO  c.e.d.services.kafka.KafkaConsumer - 
ID: 533
Jessie Milam
jessie.milam@sakilacustomer.org
Wypożyczone filmy:
- Insider Arizona - Wypozyczono 18 dni temu

14:59:00.207 [org.springframework.kafka.KafkaListenerEndpointContainer#0-0-C-1] INFO  c.e.d.services.kafka.KafkaConsumer - 
ID: 21
Michelle Clark
michelle.clark@sakilacustomer.org
Wypożyczone filmy:
- Dwarfs Alter - Wypozyczono 18 dni temu

14:59:00.215 [org.springframework.kafka.KafkaListenerEndpointContainer#0-0-C-1] INFO  c.e.d.services.kafka.KafkaConsumer - 
ID: 22
Laura Rodriguez
laura.rodriguez@sakilacustomer.org
Wypożyczone filmy:
- Suit Walls - Wypozyczono 18 dni temu

14:59:00.219 [org.springframework.kafka.KafkaListenerEndpointContainer#0-0-C-1] INFO  c.e.d.services.kafka.KafkaConsumer - 
ID: 534
Christian Jung
christian.jung@sakilacustomer.org
Wypożyczone filmy:
- Half Outfield - Wypozyczono 18 dni temu

14:59:00.221 [org.springframework.kafka.KafkaListenerEndpointContainer#0-0-C-1] INFO  c.e.d.services.kafka.KafkaConsumer - 
ID: 279
Dianne Shelton
dianne.shelton@sakilacustomer.org
Wypożyczone filmy:
- Cat Coneheads - Wypozyczono 18 dni temu

14:59:00.223 [org.springframework.kafka.KafkaListenerEndpointContainer#0-0-C-1] INFO  c.e.d.services.kafka.KafkaConsumer - 
ID: 23
Sarah Lewis
sarah.lewis@sakilacustomer.org
Wypożyczone filmy:
- Divine Resurrection - Wypozyczono 18 dni temu

14:59:00.225 [org.springframework.kafka.KafkaListenerEndpointContainer#0-0-C-1] INFO  c.e.d.services.kafka.KafkaConsumer - 
ID: 537
Clinton Buford
clinton.buford@sakilacustomer.org
Wypożyczone filmy:
- Scarface Bang - Wypozyczono 18 dni temu

14:59:00.226 [org.springframework.kafka.KafkaListenerEndpointContainer#0-0-C-1] INFO  c.e.d.services.kafka.KafkaConsumer - 
ID: 282
Jenny Castro
jenny.castro@sakilacustomer.org
Wypożyczone filmy:
- Volcano Texas - Wypozyczono 18 dni temu

14:59:00.227 [org.springframework.kafka.KafkaListenerEndpointContainer#0-0-C-1] INFO  c.e.d.services.kafka.KafkaConsumer - 
ID: 284
Sonia Gregory
sonia.gregory@sakilacustomer.org
Wypożyczone filmy:
- Berets Agent - Wypozyczono 18 dni temu
- Frida Slipper - Wypozyczono 18 dni temu

14:59:00.228 [org.springframework.kafka.KafkaListenerEndpointContainer#0-0-C-1] INFO  c.e.d.services.kafka.KafkaConsumer - 
ID: 28
Cynthia Young
cynthia.young@sakilacustomer.org
Wypożyczone filmy:
- Suspects Quills - Wypozyczono 18 dni temu

14:59:00.229 [org.springframework.kafka.KafkaListenerEndpointContainer#0-0-C-1] INFO  c.e.d.services.kafka.KafkaConsumer - 
ID: 29
Angela Hernandez
angela.hernandez@sakilacustomer.org
Wypożyczone filmy:
- Canyon Stock - Wypozyczono 18 dni temu

14:59:00.231 [org.springframework.kafka.KafkaListenerEndpointContainer#0-0-C-1] INFO  c.e.d.services.kafka.KafkaConsumer - 
ID: 287
Becky Miles
becky.miles@sakilacustomer.org
Wypożyczone filmy:
- Virginian Pluto - Wypozyczono 18 dni temu

14:59:00.232 [org.springframework.kafka.KafkaListenerEndpointContainer#0-0-C-1] INFO  c.e.d.services.kafka.KafkaConsumer - 
ID: 33
Anna Hill
anna.hill@sakilacustomer.org
Wypożyczone filmy:
- Boulevard Mob - Wypozyczono 18 dni temu

14:59:00.232 [org.springframework.kafka.KafkaListenerEndpointContainer#0-0-C-1] INFO  c.e.d.services.kafka.KafkaConsumer - 
ID: 548
Allan Cornish
allan.cornish@sakilacustomer.org
Wypożyczone filmy:
- Sundance Invasion - Wypozyczono 18 dni temu

14:59:00.236 [org.springframework.kafka.KafkaListenerEndpointContainer#0-0-C-1] INFO  c.e.d.services.kafka.KafkaConsumer - 
ID: 550
Guy Brownlee
guy.brownlee@sakilacustomer.org
Wypożyczone filmy:
- Enough Raging - Wypozyczono 18 dni temu

14:59:00.245 [org.springframework.kafka.KafkaListenerEndpointContainer#0-0-C-1] INFO  c.e.d.services.kafka.KafkaConsumer - 
ID: 295
Daisy Bates
daisy.bates@sakilacustomer.org
Wypożyczone filmy:
- Pride Alamo - Wypozyczono 18 dni temu

14:59:00.249 [org.springframework.kafka.KafkaListenerEndpointContainer#0-0-C-1] INFO  c.e.d.services.kafka.KafkaConsumer - 
ID: 296
Ramona Hale
ramona.hale@sakilacustomer.org
Wypożyczone filmy:
- Insider Arizona - Wypozyczono 18 dni temu

14:59:00.252 [org.springframework.kafka.KafkaListenerEndpointContainer#0-0-C-1] INFO  c.e.d.services.kafka.KafkaConsumer - 
ID: 41
Stephanie Mitchell
stephanie.mitchell@sakilacustomer.org
Wypożyczone filmy:
- Shock Cabin - Wypozyczono 18 dni temu

14:59:00.253 [org.springframework.kafka.KafkaListenerEndpointContainer#0-0-C-1] INFO  c.e.d.services.kafka.KafkaConsumer - 
ID: 42
Carolyn Perez
carolyn.perez@sakilacustomer.org
Wypożyczone filmy:
- Torque Bound - Wypozyczono 18 dni temu
- River Outlaw - Wypozyczono 18 dni temu

14:59:00.255 [org.springframework.kafka.KafkaListenerEndpointContainer#0-0-C-1] INFO  c.e.d.services.kafka.KafkaConsumer - 
ID: 554
Dwayne Olvera
dwayne.olvera@sakilacustomer.org
Wypożyczone filmy:
- Academy Dinosaur - Wypozyczono 11 dni temu

14:59:00.256 [org.springframework.kafka.KafkaListenerEndpointContainer#0-0-C-1] INFO  c.e.d.services.kafka.KafkaConsumer - 
ID: 43
Christine Roberts
christine.roberts@sakilacustomer.org
Wypożyczone filmy:
- Pollock Deliverance - Wypozyczono 18 dni temu
- Motions Details - Wypozyczono 18 dni temu

14:59:00.258 [org.springframework.kafka.KafkaListenerEndpointContainer#0-0-C-1] INFO  c.e.d.services.kafka.KafkaConsumer - 
ID: 44
Marie Turner
marie.turner@sakilacustomer.org
Wypożyczone filmy:
- American Circus - Wypozyczono 18 dni temu

14:59:00.259 [org.springframework.kafka.KafkaListenerEndpointContainer#0-0-C-1] INFO  c.e.d.services.kafka.KafkaConsumer - 
ID: 300
John Farnsworth
john.farnsworth@sakilacustomer.org
Wypożyczone filmy:
- Outlaw Hanky - Wypozyczono 18 dni temu

14:59:00.261 [org.springframework.kafka.KafkaListenerEndpointContainer#0-0-C-1] INFO  c.e.d.services.kafka.KafkaConsumer - 
ID: 557
Felix Gaffney
felix.gaffney@sakilacustomer.org
Wypożyczone filmy:
- Lady Stage - Wypozyczono 18 dni temu

14:59:00.261 [org.springframework.kafka.KafkaListenerEndpointContainer#0-0-C-1] INFO  c.e.d.services.kafka.KafkaConsumer - 
ID: 560
Jordan Archuleta
jordan.archuleta@sakilacustomer.org
Wypożyczone filmy:
- Pianist Outfield - Wypozyczono 18 dni temu
- Movie Shakespeare - Wypozyczono 18 dni temu

14:59:00.262 [org.springframework.kafka.KafkaListenerEndpointContainer#0-0-C-1] INFO  c.e.d.services.kafka.KafkaConsumer - 
ID: 561
Ian Still
ian.still@sakilacustomer.org
Wypożyczone filmy:
- Mockingbird Hollywood - Wypozyczono 18 dni temu

14:59:00.263 [org.springframework.kafka.KafkaListenerEndpointContainer#0-0-C-1] INFO  c.e.d.services.kafka.KafkaConsumer - 
ID: 52
Julie Sanchez
julie.sanchez@sakilacustomer.org
Wypożyczone filmy:
- Trading Pinocchio - Wypozyczono 18 dni temu

14:59:00.271 [org.springframework.kafka.KafkaListenerEndpointContainer#0-0-C-1] INFO  c.e.d.services.kafka.KafkaConsumer - 
ID: 53
Heather Morris
heather.morris@sakilacustomer.org
Wypożyczone filmy:
- Peach Innocent - Wypozyczono 18 dni temu
- Lawless Vision - Wypozyczono 18 dni temu

14:59:00.279 [org.springframework.kafka.KafkaListenerEndpointContainer#0-0-C-1] INFO  c.e.d.services.kafka.KafkaConsumer - 
ID: 568
Alberto Henning
alberto.henning@sakilacustomer.org
Wypożyczone filmy:
- Vanishing Rocky - Wypozyczono 18 dni temu

14:59:00.280 [org.springframework.kafka.KafkaListenerEndpointContainer#0-0-C-1] INFO  c.e.d.services.kafka.KafkaConsumer - 
ID: 56
Gloria Cook
gloria.cook@sakilacustomer.org
Wypożyczone filmy:
- Igby Maker - Wypozyczono 18 dni temu

14:59:00.282 [org.springframework.kafka.KafkaListenerEndpointContainer#0-0-C-1] INFO  c.e.d.services.kafka.KafkaConsumer - 
ID: 570
Ivan Cromwell
ivan.cromwell@sakilacustomer.org
Wypożyczone filmy:
- Creatures Shakespeare - Wypozyczono 18 dni temu

14:59:00.284 [org.springframework.kafka.KafkaListenerEndpointContainer#0-0-C-1] INFO  c.e.d.services.kafka.KafkaConsumer - 
ID: 58
Jean Bell
jean.bell@sakilacustomer.org
Wypożyczone filmy:
- Ridgemont Submarine - Wypozyczono 18 dni temu

14:59:00.286 [org.springframework.kafka.KafkaListenerEndpointContainer#0-0-C-1] INFO  c.e.d.services.kafka.KafkaConsumer - 
ID: 315
Kenneth Gooden
kenneth.gooden@sakilacustomer.org
Wypożyczone filmy:
- Operation Operation - Wypozyczono 18 dni temu

14:59:00.288 [org.springframework.kafka.KafkaListenerEndpointContainer#0-0-C-1] INFO  c.e.d.services.kafka.KafkaConsumer - 
ID: 60
Mildred Bailey
mildred.bailey@sakilacustomer.org
Wypożyczone filmy:
- Boogie Amelie - Wypozyczono 18 dni temu
- Chamber Italian - Wypozyczono 18 dni temu

14:59:00.289 [org.springframework.kafka.KafkaListenerEndpointContainer#0-0-C-1] INFO  c.e.d.services.kafka.KafkaConsumer - 
ID: 317
Edward Baugh
edward.baugh@sakilacustomer.org
Wypożyczone filmy:
- Armageddon Lost - Wypozyczono 18 dni temu

14:59:00.290 [org.springframework.kafka.KafkaListenerEndpointContainer#0-0-C-1] INFO  c.e.d.services.kafka.KafkaConsumer - 
ID: 576
Morris Mccarter
morris.mccarter@sakilacustomer.org
Wypożyczone filmy:
- Titanic Boondock - Wypozyczono 18 dni temu
- Vanished Garden - Wypozyczono 18 dni temu

14:59:00.292 [org.springframework.kafka.KafkaListenerEndpointContainer#0-0-C-1] INFO  c.e.d.services.kafka.KafkaConsumer - 
ID: 64
Judith Cox
judith.cox@sakilacustomer.org
Wypożyczone filmy:
- Doors President - Wypozyczono 18 dni temu

14:59:00.293 [org.springframework.kafka.KafkaListenerEndpointContainer#0-0-C-1] INFO  c.e.d.services.kafka.KafkaConsumer - 
ID: 579
Daryl Larue
daryl.larue@sakilacustomer.org
Wypożyczone filmy:
- Streak Ridgemont - Wypozyczono 18 dni temu

14:59:00.294 [org.springframework.kafka.KafkaListenerEndpointContainer#0-0-C-1] INFO  c.e.d.services.kafka.KafkaConsumer - 
ID: 324
Gary Coy
gary.coy@sakilacustomer.org
Wypożyczone filmy:
- Chitty Lock - Wypozyczono 18 dni temu

14:59:00.305 [org.springframework.kafka.KafkaListenerEndpointContainer#0-0-C-1] INFO  c.e.d.services.kafka.KafkaConsumer - 
ID: 69
Judy Gray
judy.gray@sakilacustomer.org
Wypożyczone filmy:
- Summer Scarface - Wypozyczono 18 dni temu

14:59:00.308 [org.springframework.kafka.KafkaListenerEndpointContainer#0-0-C-1] INFO  c.e.d.services.kafka.KafkaConsumer - 
ID: 582
Andy Vanhorn
andy.vanhorn@sakilacustomer.org
Wypożyczone filmy:
- Tuxedo Mile - Wypozyczono 18 dni temu

14:59:00.310 [org.springframework.kafka.KafkaListenerEndpointContainer#0-0-C-1] INFO  c.e.d.services.kafka.KafkaConsumer - 
ID: 327
Larry Thrasher
larry.thrasher@sakilacustomer.org
Wypożyczone filmy:
- Pulp Beverly - Wypozyczono 18 dni temu

14:59:00.312 [org.springframework.kafka.KafkaListenerEndpointContainer#0-0-C-1] INFO  c.e.d.services.kafka.KafkaConsumer - 
ID: 73
Beverly Brooks
beverly.brooks@sakilacustomer.org
Wypożyczone filmy:
- Shrek License - Wypozyczono 18 dni temu

14:59:00.314 [org.springframework.kafka.KafkaListenerEndpointContainer#0-0-C-1] INFO  c.e.d.services.kafka.KafkaConsumer - 
ID: 585
Perry Swafford
perry.swafford@sakilacustomer.org
Wypożyczone filmy:
- Devil Desire - Wypozyczono 18 dni temu

14:59:00.315 [org.springframework.kafka.KafkaListenerEndpointContainer#0-0-C-1] INFO  c.e.d.services.kafka.KafkaConsumer - 
ID: 330
Scott Shelley
scott.shelley@sakilacustomer.org
Wypożyczone filmy:
- Grail Frankenstein - Wypozyczono 18 dni temu

14:59:00.316 [org.springframework.kafka.KafkaListenerEndpointContainer#0-0-C-1] INFO  c.e.d.services.kafka.KafkaConsumer - 
ID: 587
Sergio Stanfield
sergio.stanfield@sakilacustomer.org
Wypożyczone filmy:
- Camelot Vacation - Wypozyczono 18 dni temu

14:59:00.318 [org.springframework.kafka.KafkaListenerEndpointContainer#0-0-C-1] INFO  c.e.d.services.kafka.KafkaConsumer - 
ID: 75
Tammy Sanders
tammy.sanders@sakilacustomer.org
Wypożyczone filmy:
- Lust Lock - Wypozyczono 18 dni temu
- Trouble Date - Wypozyczono 18 dni temu
- Sleepy Japanese - Wypozyczono 18 dni temu

14:59:00.319 [org.springframework.kafka.KafkaListenerEndpointContainer#0-0-C-1] INFO  c.e.d.services.kafka.KafkaConsumer - 
ID: 334
Raymond Mcwhorter
raymond.mcwhorter@sakilacustomer.org
Wypożyczone filmy:
- Smoochy Control - Wypozyczono 18 dni temu

14:59:00.320 [org.springframework.kafka.KafkaListenerEndpointContainer#0-0-C-1] INFO  c.e.d.services.kafka.KafkaConsumer - 
ID: 590
Seth Hannon
seth.hannon@sakilacustomer.org
Wypożyczone filmy:
- African Egg - Wypozyczono 18 dni temu

14:59:00.321 [org.springframework.kafka.KafkaListenerEndpointContainer#0-0-C-1] INFO  c.e.d.services.kafka.KafkaConsumer - 
ID: 335
Gregory Mauldin
gregory.mauldin@sakilacustomer.org
Wypożyczone filmy:
- Hunger Roof - Wypozyczono 18 dni temu

14:59:00.326 [org.springframework.kafka.KafkaListenerEndpointContainer#0-0-C-1] INFO  c.e.d.services.kafka.KafkaConsumer - 
ID: 80
Marilyn Ross
marilyn.ross@sakilacustomer.org
Wypożyczone filmy:
- Intentions Empire - Wypozyczono 18 dni temu

14:59:00.334 [org.springframework.kafka.KafkaListenerEndpointContainer#0-0-C-1] INFO  c.e.d.services.kafka.KafkaConsumer - 
ID: 336
Joshua Mark
joshua.mark@sakilacustomer.org
Wypożyczone filmy:
- Juggler Hardly - Wypozyczono 18 dni temu

14:59:00.338 [org.springframework.kafka.KafkaListenerEndpointContainer#0-0-C-1] INFO  c.e.d.services.kafka.KafkaConsumer - 
ID: 592
Terrance Roush
terrance.roush@sakilacustomer.org
Wypożyczone filmy:
- Kick Savannah - Wypozyczono 18 dni temu

14:59:00.339 [org.springframework.kafka.KafkaListenerEndpointContainer#0-0-C-1] INFO  c.e.d.services.kafka.KafkaConsumer - 
ID: 337
Jerry Jordon
jerry.jordon@sakilacustomer.org
Wypożyczone filmy:
- Gunfight Moon - Wypozyczono 18 dni temu

14:59:00.341 [org.springframework.kafka.KafkaListenerEndpointContainer#0-0-C-1] INFO  c.e.d.services.kafka.KafkaConsumer - 
ID: 83
Louise Jenkins
louise.jenkins@sakilacustomer.org
Wypożyczone filmy:
- Frisco Forrest - Wypozyczono 18 dni temu

14:59:00.343 [org.springframework.kafka.KafkaListenerEndpointContainer#0-0-C-1] INFO  c.e.d.services.kafka.KafkaConsumer - 
ID: 596
Enrique Forsythe
enrique.forsythe@sakilacustomer.org
Wypożyczone filmy:
- Gunfight Moon - Wypozyczono 18 dni temu

14:59:00.344 [org.springframework.kafka.KafkaListenerEndpointContainer#0-0-C-1] INFO  c.e.d.services.kafka.KafkaConsumer - 
ID: 597
Freddie Duggan
freddie.duggan@sakilacustomer.org
Wypożyczone filmy:
- Ghost Groundhog - Wypozyczono 18 dni temu

14:59:00.345 [org.springframework.kafka.KafkaListenerEndpointContainer#0-0-C-1] INFO  c.e.d.services.kafka.KafkaConsumer - 
ID: 87
Wanda Patterson
wanda.patterson@sakilacustomer.org
Wypożyczone filmy:
- Doors President - Wypozyczono 18 dni temu

14:59:00.347 [org.springframework.kafka.KafkaListenerEndpointContainer#0-0-C-1] INFO  c.e.d.services.kafka.KafkaConsumer - 
ID: 91
Lois Butler
lois.butler@sakilacustomer.org
Wypożyczone filmy:
- Bubble Grosse - Wypozyczono 18 dni temu

14:59:00.349 [org.springframework.kafka.KafkaListenerEndpointContainer#0-0-C-1] INFO  c.e.d.services.kafka.KafkaConsumer - 
ID: 349
Joe Gilliland
joe.gilliland@sakilacustomer.org
Wypożyczone filmy:
- Amistad Midsummer - Wypozyczono 18 dni temu

14:59:00.349 [org.springframework.kafka.KafkaListenerEndpointContainer#0-0-C-1] INFO  c.e.d.services.kafka.KafkaConsumer - 
ID: 94
Norma Gonzales
norma.gonzales@sakilacustomer.org
Wypożyczone filmy:
- Sleeping Suspects - Wypozyczono 18 dni temu

14:59:00.350 [org.springframework.kafka.KafkaListenerEndpointContainer#0-0-C-1] INFO  c.e.d.services.kafka.KafkaConsumer - 
ID: 352
Albert Crouse
albert.crouse@sakilacustomer.org
Wypożyczone filmy:
- Varsity Trip - Wypozyczono 18 dni temu

14:59:00.351 [org.springframework.kafka.KafkaListenerEndpointContainer#0-0-C-1] INFO  c.e.d.services.kafka.KafkaConsumer - 
ID: 354
Justin Ngo
justin.ngo@sakilacustomer.org
Wypożyczone filmy:
- Titanic Boondock - Wypozyczono 18 dni temu
- Trojan Tomorrow - Wypozyczono 18 dni temu

14:59:00.358 [org.springframework.kafka.KafkaListenerEndpointContainer#0-0-C-1] INFO  c.e.d.services.kafka.KafkaConsumer - 
ID: 99
Emily Diaz
emily.diaz@sakilacustomer.org
Wypożyczone filmy:
- Connection Microcosmos - Wypozyczono 18 dni temu

14:59:00.365 [org.springframework.kafka.KafkaListenerEndpointContainer#0-0-C-1] INFO  c.e.d.services.kafka.KafkaConsumer - 
ID: 355
Terry Grissom
terry.grissom@sakilacustomer.org
Wypożyczone filmy:
- Family Sweet - Wypozyczono 18 dni temu

14:59:00.369 [org.springframework.kafka.KafkaListenerEndpointContainer#0-0-C-1] INFO  c.e.d.services.kafka.KafkaConsumer - 
ID: 100
Robin Hayes
robin.hayes@sakilacustomer.org
Wypożyczone filmy:
- Bound Cheaper - Wypozyczono 18 dni temu

14:59:00.371 [org.springframework.kafka.KafkaListenerEndpointContainer#0-0-C-1] INFO  c.e.d.services.kafka.KafkaConsumer - 
ID: 101
Peggy Myers
peggy.myers@sakilacustomer.org
Wypożyczone filmy:
- Club Graffiti - Wypozyczono 18 dni temu

14:59:00.373 [org.springframework.kafka.KafkaListenerEndpointContainer#0-0-C-1] INFO  c.e.d.services.kafka.KafkaConsumer - 
ID: 359
Willie Markham
willie.markham@sakilacustomer.org
Wypożyczone filmy:
- Center Dinosaur - Wypozyczono 18 dni temu

14:59:00.375 [org.springframework.kafka.KafkaListenerEndpointContainer#0-0-C-1] INFO  c.e.d.services.kafka.KafkaConsumer - 
ID: 361
Lawrence Lawton
lawrence.lawton@sakilacustomer.org
Wypożyczone filmy:
- Insects Stone - Wypozyczono 18 dni temu
- Half Outfield - Wypozyczono 18 dni temu

14:59:00.376 [org.springframework.kafka.KafkaListenerEndpointContainer#0-0-C-1] INFO  c.e.d.services.kafka.KafkaConsumer - 
ID: 107
Florence Woods
florence.woods@sakilacustomer.org
Wypożyczone filmy:
- Club Graffiti - Wypozyczono 18 dni temu
- Blade Polish - Wypozyczono 18 dni temu

14:59:00.378 [org.springframework.kafka.KafkaListenerEndpointContainer#0-0-C-1] INFO  c.e.d.services.kafka.KafkaConsumer - 
ID: 108
Tracy Cole
tracy.cole@sakilacustomer.org
Wypożyczone filmy:
- Ali Forever - Wypozyczono 18 dni temu

14:59:00.379 [org.springframework.kafka.KafkaListenerEndpointContainer#0-0-C-1] INFO  c.e.d.services.kafka.KafkaConsumer - 
ID: 366
Brandon Huey
brandon.huey@sakilacustomer.org
Wypożyczone filmy:
- Ace Goldfinger - Wypozyczono 18 dni temu

14:59:00.381 [org.springframework.kafka.KafkaListenerEndpointContainer#0-0-C-1] INFO  c.e.d.services.kafka.KafkaConsumer - 
ID: 111
Carmen Owens
carmen.owens@sakilacustomer.org
Wypożyczone filmy:
- Affair Prejudice - Wypozyczono 18 dni temu

14:59:00.382 [org.springframework.kafka.KafkaListenerEndpointContainer#0-0-C-1] INFO  c.e.d.services.kafka.KafkaConsumer - 
ID: 369
Fred Wheat
fred.wheat@sakilacustomer.org
Wypożyczone filmy:
- Sweethearts Suspects - Wypozyczono 18 dni temu

14:59:00.382 [org.springframework.kafka.KafkaListenerEndpointContainer#0-0-C-1] INFO  c.e.d.services.kafka.KafkaConsumer - 
ID: 114
Grace Ellis
grace.ellis@sakilacustomer.org
Wypożyczone filmy:
- Dragonfly Strangers - Wypozyczono 18 dni temu

14:59:00.383 [org.springframework.kafka.KafkaListenerEndpointContainer#0-0-C-1] INFO  c.e.d.services.kafka.KafkaConsumer - 
ID: 115
Wendy Harrison
wendy.harrison@sakilacustomer.org
Wypożyczone filmy:
- Sons Interview - Wypozyczono 18 dni temu

14:59:00.384 [org.springframework.kafka.KafkaListenerEndpointContainer#0-0-C-1] INFO  c.e.d.services.kafka.KafkaConsumer - 
ID: 373
Louis Leone
louis.leone@sakilacustomer.org
Wypożyczone filmy:
- Zhivago Core - Wypozyczono 18 dni temu

14:59:00.386 [org.springframework.kafka.KafkaListenerEndpointContainer#0-0-C-1] INFO  c.e.d.services.kafka.KafkaConsumer - 
ID: 374
Jeremy Hurtado
jeremy.hurtado@sakilacustomer.org
Wypożyczone filmy:
- Window Side - Wypozyczono 18 dni temu

14:59:00.387 [org.springframework.kafka.KafkaListenerEndpointContainer#0-0-C-1] INFO  c.e.d.services.kafka.KafkaConsumer - 
ID: 120
Sylvia Ortiz
sylvia.ortiz@sakilacustomer.org
Wypożyczone filmy:
- Opposite Necklace - Wypozyczono 18 dni temu

14:59:00.388 [org.springframework.kafka.KafkaListenerEndpointContainer#0-0-C-1] INFO  c.e.d.services.kafka.KafkaConsumer - 
ID: 388
Craig Morrell
craig.morrell@sakilacustomer.org
Wypożyczone filmy:
- Mummy Creatures - Wypozyczono 18 dni temu

14:59:00.391 [org.springframework.kafka.KafkaListenerEndpointContainer#0-0-C-1] INFO  c.e.d.services.kafka.KafkaConsumer - 
ID: 135
Juanita Mason
juanita.mason@sakilacustomer.org
Wypożyczone filmy:
- None Spiking - Wypozyczono 18 dni temu

14:59:00.391 [org.springframework.kafka.KafkaListenerEndpointContainer#0-0-C-1] INFO  c.e.d.services.kafka.KafkaConsumer - 
ID: 394
Chris Brothers
chris.brothers@sakilacustomer.org
Wypożyczone filmy:
- Cincinatti Whisperer - Wypozyczono 18 dni temu

14:59:00.393 [org.springframework.kafka.KafkaListenerEndpointContainer#0-0-C-1] INFO  c.e.d.services.kafka.KafkaConsumer - 
ID: 142
April Burns
april.burns@sakilacustomer.org
Wypożyczone filmy:
- Outfield Massacre - Wypozyczono 18 dni temu

14:59:00.394 [org.springframework.kafka.KafkaListenerEndpointContainer#0-0-C-1] INFO  c.e.d.services.kafka.KafkaConsumer - 
ID: 405
Leonard Schofield
leonard.schofield@sakilacustomer.org
Wypożyczone filmy:
- Fight Jawbreaker - Wypozyczono 18 dni temu

14:59:00.396 [org.springframework.kafka.KafkaListenerEndpointContainer#0-0-C-1] INFO  c.e.d.services.kafka.KafkaConsumer - 
ID: 152
Alicia Mills
alicia.mills@sakilacustomer.org
Wypożyczone filmy:
- Sleepless Monsoon - Wypozyczono 18 dni temu

14:59:00.404 [org.springframework.kafka.KafkaListenerEndpointContainer#0-0-C-1] INFO  c.e.d.services.kafka.KafkaConsumer - 
ID: 410
Curtis Irby
curtis.irby@sakilacustomer.org
Wypożyczone filmy:
- Gorgeous Bingo - Wypozyczono 18 dni temu

14:59:00.410 [org.springframework.kafka.KafkaListenerEndpointContainer#0-0-C-1] INFO  c.e.d.services.kafka.KafkaConsumer - 
ID: 155
Gail Knight
gail.knight@sakilacustomer.org
Wypożyczone filmy:
- Hyde Doctor - Wypozyczono 18 dni temu
- Chasing Fight - Wypozyczono 18 dni temu

14:59:00.414 [org.springframework.kafka.KafkaListenerEndpointContainer#0-0-C-1] INFO  c.e.d.services.kafka.KafkaConsumer - 
ID: 411
Norman Currier
norman.currier@sakilacustomer.org
Wypożyczone filmy:
- Harry Idaho - Wypozyczono 18 dni temu

14:59:00.416 [org.springframework.kafka.KafkaListenerEndpointContainer#0-0-C-1] INFO  c.e.d.services.kafka.KafkaConsumer - 
ID: 412
Allen Butterfield
allen.butterfield@sakilacustomer.org
Wypożyczone filmy:
- Mulan Moon - Wypozyczono 18 dni temu

14:59:00.417 [org.springframework.kafka.KafkaListenerEndpointContainer#0-0-C-1] INFO  c.e.d.services.kafka.KafkaConsumer - 
ID: 417
Travis Estep
travis.estep@sakilacustomer.org
Wypożyczone filmy:
- Seabiscuit Punk - Wypozyczono 18 dni temu

14:59:00.418 [org.springframework.kafka.KafkaListenerEndpointContainer#0-0-C-1] INFO  c.e.d.services.kafka.KafkaConsumer - 
ID: 162
Lauren Hudson
lauren.hudson@sakilacustomer.org
Wypożyczone filmy:
- Midnight Westward - Wypozyczono 18 dni temu

14:59:00.420 [org.springframework.kafka.KafkaListenerEndpointContainer#0-0-C-1] INFO  c.e.d.services.kafka.KafkaConsumer - 
ID: 163
Cathy Spencer
cathy.spencer@sakilacustomer.org
Wypożyczone filmy:
- Sons Interview - Wypozyczono 18 dni temu
- Holes Brannigan - Wypozyczono 18 dni temu

14:59:00.421 [org.springframework.kafka.KafkaListenerEndpointContainer#0-0-C-1] INFO  c.e.d.services.kafka.KafkaConsumer - 
ID: 421
Lee Hawks
lee.hawks@sakilacustomer.org
Wypożyczone filmy:
- Detective Vision - Wypozyczono 18 dni temu

14:59:00.422 [org.springframework.kafka.KafkaListenerEndpointContainer#0-0-C-1] INFO  c.e.d.services.kafka.KafkaConsumer - 
ID: 422
Melvin Ellington
melvin.ellington@sakilacustomer.org
Wypożyczone filmy:
- Basic Easy - Wypozyczono 18 dni temu

14:59:00.423 [org.springframework.kafka.KafkaListenerEndpointContainer#0-0-C-1] INFO  c.e.d.services.kafka.KafkaConsumer - 
ID: 424
Kyle Spurlock
kyle.spurlock@sakilacustomer.org
Wypożyczone filmy:
- Dances None - Wypozyczono 18 dni temu

14:59:00.425 [org.springframework.kafka.KafkaListenerEndpointContainer#0-0-C-1] INFO  c.e.d.services.kafka.KafkaConsumer - 
ID: 168
Regina Berry
regina.berry@sakilacustomer.org
Wypożyczone filmy:
- Wedding Apollo - Wypozyczono 18 dni temu

14:59:00.435 [org.springframework.kafka.KafkaListenerEndpointContainer#0-0-C-1] INFO  c.e.d.services.kafka.KafkaConsumer - 
ID: 175
Annette Olson
annette.olson@sakilacustomer.org
Wypożyczone filmy:
- Deer Virginian - Wypozyczono 18 dni temu
- Pirates Roxanne - Wypozyczono 18 dni temu

14:59:00.441 [org.springframework.kafka.KafkaListenerEndpointContainer#0-0-C-1] INFO  c.e.d.services.kafka.KafkaConsumer - 
ID: 431
Joel Francisco
joel.francisco@sakilacustomer.org
Wypożyczone filmy:
- Lovely Jingle - Wypozyczono 18 dni temu

14:59:00.443 [org.springframework.kafka.KafkaListenerEndpointContainer#0-0-C-1] INFO  c.e.d.services.kafka.KafkaConsumer - 
ID: 178
Marion Snyder
marion.snyder@sakilacustomer.org
Wypożyczone filmy:
- Forrester Comancheros - Wypozyczono 18 dni temu

14:59:00.445 [org.springframework.kafka.KafkaListenerEndpointContainer#0-0-C-1] INFO  c.e.d.services.kafka.KafkaConsumer - 
ID: 180
Stacy Cunningham
stacy.cunningham@sakilacustomer.org
Wypożyczone filmy:
- Name Detective - Wypozyczono 18 dni temu

14:59:00.446 [org.springframework.kafka.KafkaListenerEndpointContainer#0-0-C-1] INFO  c.e.d.services.kafka.KafkaConsumer - 
ID: 181
Ana Bradley
ana.bradley@sakilacustomer.org
Wypożyczone filmy:
- Happiness United - Wypozyczono 18 dni temu

14:59:00.448 [org.springframework.kafka.KafkaListenerEndpointContainer#0-0-C-1] INFO  c.e.d.services.kafka.KafkaConsumer - 
ID: 438
Barry Lovelace
barry.lovelace@sakilacustomer.org
Wypożyczone filmy:
- Creatures Shakespeare - Wypozyczono 18 dni temu

14:59:00.450 [org.springframework.kafka.KafkaListenerEndpointContainer#0-0-C-1] INFO  c.e.d.services.kafka.KafkaConsumer - 
ID: 440
Bernard Colby
bernard.colby@sakilacustomer.org
Wypożyczone filmy:
- Queen Luke - Wypozyczono 18 dni temu

14:59:00.450 [org.springframework.kafka.KafkaListenerEndpointContainer#0-0-C-1] INFO  c.e.d.services.kafka.KafkaConsumer - 
ID: 441
Mario Cheatham
mario.cheatham@sakilacustomer.org
Wypożyczone filmy:
- Eagles Panky - Wypozyczono 18 dni temu

14:59:00.451 [org.springframework.kafka.KafkaListenerEndpointContainer#0-0-C-1] INFO  c.e.d.services.kafka.KafkaConsumer - 
ID: 186
Holly Fox
holly.fox@sakilacustomer.org
Wypożyczone filmy:
- South Wait - Wypozyczono 18 dni temu

14:59:00.453 [org.springframework.kafka.KafkaListenerEndpointContainer#0-0-C-1] INFO  c.e.d.services.kafka.KafkaConsumer - 
ID: 188
Melanie Armstrong
melanie.armstrong@sakilacustomer.org
Wypożyczone filmy:
- Intentions Empire - Wypozyczono 18 dni temu

14:59:00.453 [org.springframework.kafka.KafkaListenerEndpointContainer#0-0-C-1] INFO  c.e.d.services.kafka.KafkaConsumer - 
ID: 190
Yolanda Weaver
yolanda.weaver@sakilacustomer.org
Wypożyczone filmy:
- Day Unfaithful - Wypozyczono 18 dni temu

14:59:00.455 [org.springframework.kafka.KafkaListenerEndpointContainer#0-0-C-1] INFO  c.e.d.services.kafka.KafkaConsumer - 
ID: 191
Jeanette Greene
jeanette.greene@sakilacustomer.org
Wypożyczone filmy:
- Effect Gladiator - Wypozyczono 18 dni temu

14:59:00.462 [org.springframework.kafka.KafkaListenerEndpointContainer#0-0-C-1] INFO  c.e.d.services.kafka.KafkaConsumer - 
ID: 192
Laurie Lawrence
laurie.lawrence@sakilacustomer.org
Wypożyczone filmy:
- Haunted Antitrust - Wypozyczono 18 dni temu

14:59:00.469 [org.springframework.kafka.KafkaListenerEndpointContainer#0-0-C-1] INFO  c.e.d.services.kafka.KafkaConsumer - 
ID: 448
Miguel Betancourt
miguel.betancourt@sakilacustomer.org
Wypożyczone filmy:
- State Wasteland - Wypozyczono 18 dni temu
- Family Sweet - Wypozyczono 18 dni temu

14:59:00.472 [org.springframework.kafka.KafkaListenerEndpointContainer#0-0-C-1] INFO  c.e.d.services.kafka.KafkaConsumer - 
ID: 193
Katie Elliott
katie.elliott@sakilacustomer.org
Wypożyczone filmy:
- Monster Spartacus - Wypozyczono 18 dni temu

14:59:00.474 [org.springframework.kafka.KafkaListenerEndpointContainer#0-0-C-1] INFO  c.e.d.services.kafka.KafkaConsumer - 
ID: 450
Jay Robb
jay.robb@sakilacustomer.org
Wypożyczone filmy:
- Intrigue Worst - Wypozyczono 18 dni temu

14:59:00.477 [org.springframework.kafka.KafkaListenerEndpointContainer#0-0-C-1] INFO  c.e.d.services.kafka.KafkaConsumer - 
ID: 452
Tom Milner
tom.milner@sakilacustomer.org
Wypożyczone filmy:
- Hunchback Impossible - Wypozyczono 18 dni temu

14:59:00.478 [org.springframework.kafka.KafkaListenerEndpointContainer#0-0-C-1] INFO  c.e.d.services.kafka.KafkaConsumer - 
ID: 199
Beth Franklin
beth.franklin@sakilacustomer.org
Wypożyczone filmy:
- Baked Cleopatra - Wypozyczono 18 dni temu

14:59:00.480 [org.springframework.kafka.KafkaListenerEndpointContainer#0-0-C-1] INFO  c.e.d.services.kafka.KafkaConsumer - 
ID: 200
Jeanne Lawson
jeanne.lawson@sakilacustomer.org
Wypożyczone filmy:
- Mulholland Beast - Wypozyczono 18 dni temu

14:59:00.481 [org.springframework.kafka.KafkaListenerEndpointContainer#0-0-C-1] INFO  c.e.d.services.kafka.KafkaConsumer - 
ID: 457
Bill Gavin
bill.gavin@sakilacustomer.org
Wypożyczone filmy:
- Gleaming Jawbreaker - Wypozyczono 18 dni temu
- Cleopatra Devil - Wypozyczono 18 dni temu

14:59:00.482 [org.springframework.kafka.KafkaListenerEndpointContainer#0-0-C-1] INFO  c.e.d.services.kafka.KafkaConsumer - 
ID: 208
Lucy Wheeler
lucy.wheeler@sakilacustomer.org
Wypożyczone filmy:
- Seattle Expecations - Wypozyczono 18 dni temu
- Curtain Videotape - Wypozyczono 18 dni temu

14:59:00.484 [org.springframework.kafka.KafkaListenerEndpointContainer#0-0-C-1] INFO  c.e.d.services.kafka.KafkaConsumer - 
ID: 211
Stacey Montgomery
stacey.montgomery@sakilacustomer.org
Wypożyczone filmy:
- Details Packer - Wypozyczono 18 dni temu

14:59:00.484 [org.springframework.kafka.KafkaListenerEndpointContainer#0-0-C-1] INFO  c.e.d.services.kafka.KafkaConsumer - 
ID: 213
Gina Williamson
gina.williamson@sakilacustomer.org
Wypożyczone filmy:
- Bang Kwai - Wypozyczono 18 dni temu

14:59:00.485 [org.springframework.kafka.KafkaListenerEndpointContainer#0-0-C-1] INFO  c.e.d.services.kafka.KafkaConsumer - 
ID: 214
Kristin Johnston
kristin.johnston@sakilacustomer.org
Wypożyczone filmy:
- Star Operation - Wypozyczono 18 dni temu

14:59:00.487 [org.springframework.kafka.KafkaListenerEndpointContainer#0-0-C-1] INFO  c.e.d.services.kafka.KafkaConsumer - 
ID: 215
Jessie Banks
jessie.banks@sakilacustomer.org
Wypożyczone filmy:
- Dances None - Wypozyczono 18 dni temu

14:59:00.488 [org.springframework.kafka.KafkaListenerEndpointContainer#0-0-C-1] INFO  c.e.d.services.kafka.KafkaConsumer - 
ID: 216
Natalie Meyer
natalie.meyer@sakilacustomer.org
Wypożyczone filmy:
- Women Dorado - Wypozyczono 18 dni temu
- Sweden Shining - Wypozyczono 18 dni temu

14:59:00.489 [org.springframework.kafka.KafkaListenerEndpointContainer#0-0-C-1] INFO  c.e.d.services.kafka.KafkaConsumer - 
ID: 472
Greg Robins
greg.robins@sakilacustomer.org
Wypożyczone filmy:
- Wanda Chamber - Wypozyczono 18 dni temu

14:59:00.490 [org.springframework.kafka.KafkaListenerEndpointContainer#0-0-C-1] INFO  c.e.d.services.kafka.KafkaConsumer - 
ID: 474
Dustin Gillette
dustin.gillette@sakilacustomer.org
Wypożyczone filmy:
- Crooked Frogmen - Wypozyczono 18 dni temu

14:59:00.491 [org.springframework.kafka.KafkaListenerEndpointContainer#0-0-C-1] INFO  c.e.d.services.kafka.KafkaConsumer - 
ID: 219
Willie Howell
willie.howell@sakilacustomer.org
Wypożyczone filmy:
- Titans Jerk - Wypozyczono 18 dni temu

14:59:00.493 [org.springframework.kafka.KafkaListenerEndpointContainer#0-0-C-1] INFO  c.e.d.services.kafka.KafkaConsumer - 
ID: 476
Derrick Bourque
derrick.bourque@sakilacustomer.org
Wypożyczone filmy:
- Mosquito Armageddon - Wypozyczono 18 dni temu

14:59:00.494 [org.springframework.kafka.KafkaListenerEndpointContainer#0-0-C-1] INFO  c.e.d.services.kafka.KafkaConsumer - 
ID: 479
Zachary Hite
zachary.hite@sakilacustomer.org
Wypożyczone filmy:
- Frost Head - Wypozyczono 18 dni temu

14:59:00.495 [org.springframework.kafka.KafkaListenerEndpointContainer#0-0-C-1] INFO  c.e.d.services.kafka.KafkaConsumer - 
ID: 227
Colleen Burton
colleen.burton@sakilacustomer.org
Wypożyczone filmy:
- Moonwalker Fool - Wypozyczono 18 dni temu

14:59:00.497 [org.springframework.kafka.KafkaListenerEndpointContainer#0-0-C-1] INFO  c.e.d.services.kafka.KafkaConsumer - 
ID: 228
Allison Stanley
allison.stanley@sakilacustomer.org
Wypożyczone filmy:
- Grapes Fury - Wypozyczono 18 dni temu
- Cyclone Family - Wypozyczono 18 dni temu

14:59:00.498 [org.springframework.kafka.KafkaListenerEndpointContainer#0-0-C-1] INFO  c.e.d.services.kafka.KafkaConsumer - 
ID: 229
Tamara Nguyen
tamara.nguyen@sakilacustomer.org
Wypożyczone filmy:
- Loathing Legally - Wypozyczono 18 dni temu

14:59:00.498 [org.springframework.kafka.KafkaListenerEndpointContainer#0-0-C-1] INFO  c.e.d.services.kafka.KafkaConsumer - 
ID: 234
Claudia Fuller
claudia.fuller@sakilacustomer.org
Wypożyczone filmy:
- Encino Elf - Wypozyczono 18 dni temu

14:59:00.500 [org.springframework.kafka.KafkaListenerEndpointContainer#0-0-C-1] INFO  c.e.d.services.kafka.KafkaConsumer - 
ID: 236
Marcia Dean
marcia.dean@sakilacustomer.org
Wypożyczone filmy:
- Alone Trip - Wypozyczono 18 dni temu

14:59:00.501 [org.springframework.kafka.KafkaListenerEndpointContainer#0-0-C-1] INFO  c.e.d.services.kafka.KafkaConsumer - 
ID: 493
Brent Harkins
brent.harkins@sakilacustomer.org
Wypożyczone filmy:
- Lord Arizona - Wypozyczono 18 dni temu

14:59:00.501 [org.springframework.kafka.KafkaListenerEndpointContainer#0-0-C-1] INFO  c.e.d.services.kafka.KafkaConsumer - 
ID: 495
Charlie Bess
charlie.bess@sakilacustomer.org
Wypożyczone filmy:
- Song Hedwig - Wypozyczono 18 dni temu

14:59:00.503 [org.springframework.kafka.KafkaListenerEndpointContainer#0-0-C-1] INFO  c.e.d.services.kafka.KafkaConsumer - 
ID: 496
Tyler Wren
tyler.wren@sakilacustomer.org
Wypożyczone filmy:
- Blanket Beverly - Wypozyczono 18 dni temu

14:59:00.505 [org.springframework.kafka.KafkaListenerEndpointContainer#0-0-C-1] INFO  c.e.d.services.kafka.KafkaConsumer - 
ID: 497
Gilbert Sledge
gilbert.sledge@sakilacustomer.org
Wypożyczone filmy:
- Silverado Goldfinger - Wypozyczono 18 dni temu

14:59:00.506 [org.springframework.kafka.KafkaListenerEndpointContainer#0-0-C-1] INFO  c.e.d.services.kafka.KafkaConsumer - 
ID: 244
Viola Hanson
viola.hanson@sakilacustomer.org
Wypożyczone filmy:
- Shawshank Bubble - Wypozyczono 18 dni temu

14:59:00.507 [org.springframework.kafka.KafkaListenerEndpointContainer#0-0-C-1] INFO  c.e.d.services.kafka.KafkaConsumer - 
ID: 245
Courtney Day
courtney.day@sakilacustomer.org
Wypożyczone filmy:
- Driver Annie - Wypozyczono 18 dni temu

14:59:00.517 [org.springframework.kafka.KafkaListenerEndpointContainer#0-0-C-1] INFO  c.e.d.services.kafka.KafkaConsumer - 
ID: 505
Rafael Abney
rafael.abney@sakilacustomer.org
Wypożyczone filmy:
- Conversation Downhill - Wypozyczono 18 dni temu

14:59:00.521 [org.springframework.kafka.KafkaListenerEndpointContainer#0-0-C-1] INFO  c.e.d.services.kafka.KafkaConsumer - 
ID: 251
Vickie Brewer
vickie.brewer@sakilacustomer.org
Wypożyczone filmy:
- Swarm Gold - Wypozyczono 18 dni temu

14:59:00.523 [org.springframework.kafka.KafkaListenerEndpointContainer#0-0-C-1] INFO  c.e.d.services.kafka.KafkaConsumer - 
ID: 252
Mattie Hoffman
mattie.hoffman@sakilacustomer.org
Wypożyczone filmy:
- Drifter Commandments - Wypozyczono 18 dni temu

14:59:00.525 [org.springframework.kafka.KafkaListenerEndpointContainer#0-0-C-1] INFO  c.e.d.services.kafka.KafkaConsumer - 
ID: 508
Milton Howland
milton.howland@sakilacustomer.org
Wypożyczone filmy:
- Disciple Mother - Wypozyczono 18 dni temu

14:59:06.196 [org.springframework.kafka.KafkaListenerEndpointContainer#0-0-C-1] INFO  o.a.k.c.c.i.ConsumerRebalanceListenerInvoker - [Consumer clientId=consumer-group_id-1, groupId=group_id] Revoke previously assigned partitions customer-reports-0
14:59:06.197 [org.springframework.kafka.KafkaListenerEndpointContainer#0-0-C-1] INFO  o.s.k.l.KafkaMessageListenerContainer - group_id: partitions revoked: [customer-reports-0]
14:59:06.198 [org.springframework.kafka.KafkaListenerEndpointContainer#0-0-C-1] INFO  o.a.k.c.c.i.ConsumerCoordinator - [Consumer clientId=consumer-group_id-1, groupId=group_id] Member consumer-group_id-1-3bc138b1-6024-4f2e-ac67-a50f4c0c6691 sending LeaveGroup request to coordinator 10.132.15.83:9092 (id: 2147483647 rack: null) due to the consumer unsubscribed from all topics
14:59:06.200 [org.springframework.kafka.KafkaListenerEndpointContainer#0-0-C-1] INFO  o.a.k.c.c.i.ConsumerCoordinator - [Consumer clientId=consumer-group_id-1, groupId=group_id] Resetting generation and member id due to: consumer pro-actively leaving the group
14:59:06.200 [org.springframework.kafka.KafkaListenerEndpointContainer#0-0-C-1] INFO  o.a.k.c.c.i.ConsumerCoordinator - [Consumer clientId=consumer-group_id-1, groupId=group_id] Request joining group due to: consumer pro-actively leaving the group
14:59:06.201 [org.springframework.kafka.KafkaListenerEndpointContainer#0-0-C-1] INFO  o.a.k.c.c.i.LegacyKafkaConsumer - [Consumer clientId=consumer-group_id-1, groupId=group_id] Unsubscribed all topics or patterns and assigned partitions
14:59:06.213 [org.springframework.kafka.KafkaListenerEndpointContainer#0-0-C-1] INFO  o.a.k.c.c.i.ConsumerCoordinator - [Consumer clientId=consumer-group_id-1, groupId=group_id] Resetting generation and member id due to: consumer pro-actively leaving the group
14:59:06.213 [org.springframework.kafka.KafkaListenerEndpointContainer#0-0-C-1] INFO  o.a.k.c.c.i.ConsumerCoordinator - [Consumer clientId=consumer-group_id-1, groupId=group_id] Request joining group due to: consumer pro-actively leaving the group
14:59:06.660 [org.springframework.kafka.KafkaListenerEndpointContainer#0-0-C-1] INFO  o.a.kafka.common.metrics.Metrics - Metrics scheduler closed
14:59:06.660 [org.springframework.kafka.KafkaListenerEndpointContainer#0-0-C-1] INFO  o.a.kafka.common.metrics.Metrics - Closing reporter org.apache.kafka.common.metrics.JmxReporter
14:59:06.660 [org.springframework.kafka.KafkaListenerEndpointContainer#0-0-C-1] INFO  o.a.kafka.common.metrics.Metrics - Closing reporter org.apache.kafka.common.telemetry.internals.ClientTelemetryReporter
14:59:06.660 [org.springframework.kafka.KafkaListenerEndpointContainer#0-0-C-1] INFO  o.a.kafka.common.metrics.Metrics - Metrics reporters closed
14:59:06.683 [org.springframework.kafka.KafkaListenerEndpointContainer#0-0-C-1] INFO  o.a.kafka.common.utils.AppInfoParser - App info kafka.consumer for consumer-group_id-1 unregistered
14:59:06.684 [org.springframework.kafka.KafkaListenerEndpointContainer#0-0-C-1] INFO  o.s.k.l.KafkaMessageListenerContainer - group_id: Consumer stopped
14:59:06.748 [SpringApplicationShutdownHook] INFO  o.a.k.clients.producer.KafkaProducer - [Producer clientId=dvdRentalv2-producer-1] Closing the Kafka producer with timeoutMillis = 30000 ms.
14:59:06.760 [SpringApplicationShutdownHook] INFO  o.a.kafka.common.metrics.Metrics - Metrics scheduler closed
14:59:06.760 [SpringApplicationShutdownHook] INFO  o.a.kafka.common.metrics.Metrics - Closing reporter org.apache.kafka.common.metrics.JmxReporter
14:59:06.761 [SpringApplicationShutdownHook] INFO  o.a.kafka.common.metrics.Metrics - Closing reporter org.apache.kafka.common.telemetry.internals.ClientTelemetryReporter
14:59:06.761 [SpringApplicationShutdownHook] INFO  o.a.kafka.common.metrics.Metrics - Metrics reporters closed
14:59:06.766 [SpringApplicationShutdownHook] INFO  o.a.kafka.common.utils.AppInfoParser - App info kafka.producer for dvdRentalv2-producer-1 unregistered
14:59:06.774 [SpringApplicationShutdownHook] INFO  o.s.o.j.LocalContainerEntityManagerFactoryBean - Closing JPA EntityManagerFactory for persistence unit 'default'
14:59:06.778 [SpringApplicationShutdownHook] INFO  com.zaxxer.hikari.HikariDataSource - HikariPool-1 - Shutdown initiated...
14:59:06.781 [SpringApplicationShutdownHook] INFO  com.zaxxer.hikari.HikariDataSource - HikariPool-1 - Shutdown completed.
