14:54:00.200 [org.springframework.kafka.KafkaListenerEndpointContainer#0-0-C-1] INFO  c.e.d.services.kafka.KafkaConsumer - 
ID: 512
Cecil Vines
cecil.vines@sakilacustomer.org
Wypożyczone filmy:
- Amadeus Holy - Wypozyczono 18 dni temu

14:54:00.220 [org.springframework.kafka.KafkaListenerEndpointContainer#0-0-C-1] INFO  c.e.d.services.kafka.KafkaConsumer - 
ID: 1
Mary Smith
mary.smith@sakilacustomer.org
Wypożyczone filmy:
- African Egg - Wypozyczono 14 dni temu

14:54:00.221 [org.springframework.kafka.KafkaListenerEndpointContainer#0-0-C-1] INFO  c.e.d.services.kafka.KafkaConsumer - 
ID: 516
Elmer Noe
elmer.noe@sakilacustomer.org
Wypożyczone filmy:
- Falcon Volume - Wypozyczono 18 dni temu
- Minority Kiss - Wypozyczono 18 dni temu

14:54:00.235 [org.springframework.kafka.KafkaListenerEndpointContainer#0-0-C-1] INFO  c.e.d.services.kafka.KafkaConsumer - 
ID: 5
Elizabeth Brown
elizabeth.brown@sakilacustomer.org
Wypożyczone filmy:
- Gables Metropolis - Wypozyczono 18 dni temu

14:54:00.236 [org.springframework.kafka.KafkaListenerEndpointContainer#0-0-C-1] INFO  c.e.d.services.kafka.KafkaConsumer - 
ID: 263
Hilda Hopkins
hilda.hopkins@sakilacustomer.org
Wypożyczone filmy:
- Earth Vision - Wypozyczono 18 dni temu

14:54:00.236 [org.springframework.kafka.KafkaListenerEndpointContainer#0-0-C-1] INFO  c.e.d.services.kafka.KafkaConsumer - 
ID: 264
Gwendolyn May
gwendolyn.may@sakilacustomer.org
Wypożyczone filmy:
- Flying Hook - Wypozyczono 18 dni temu

14:54:00.236 [org.springframework.kafka.KafkaListenerEndpointContainer#0-0-C-1] INFO  c.e.d.services.kafka.KafkaConsumer - 
ID: 521
Roland South
roland.south@sakilacustomer.org
Wypożyczone filmy:
- Suit Walls - Wypozyczono 18 dni temu

14:54:00.237 [org.springframework.kafka.KafkaListenerEndpointContainer#0-0-C-1] INFO  c.e.d.services.kafka.KafkaConsumer - 
ID: 9
Margaret Moore
margaret.moore@sakilacustomer.org
Wypożyczone filmy:
- Deep Crusade - Wypozyczono 18 dni temu

14:54:00.237 [org.springframework.kafka.KafkaListenerEndpointContainer#0-0-C-1] INFO  c.e.d.services.kafka.KafkaConsumer - 
ID: 11
Lisa Anderson
lisa.anderson@sakilacustomer.org
Wypożyczone filmy:
- Bull Shawshank - Wypozyczono 18 dni temu

14:54:00.237 [org.springframework.kafka.KafkaListenerEndpointContainer#0-0-C-1] INFO  c.e.d.services.kafka.KafkaConsumer - 
ID: 267
Margie Wade
margie.wade@sakilacustomer.org
Wypożyczone filmy:
- Lust Lock - Wypozyczono 18 dni temu
- Philadelphia Wife - Wypozyczono 18 dni temu

14:54:00.238 [org.springframework.kafka.KafkaListenerEndpointContainer#0-0-C-1] INFO  c.e.d.services.kafka.KafkaConsumer - 
ID: 269
Cassandra Walters
cassandra.walters@sakilacustomer.org
Wypożyczone filmy:
- Princess Giant - Wypozyczono 18 dni temu
- Theory Mermaid - Wypozyczono 18 dni temu

14:54:00.238 [org.springframework.kafka.KafkaListenerEndpointContainer#0-0-C-1] INFO  c.e.d.services.kafka.KafkaConsumer - 
ID: 525
Adrian Clary
adrian.clary@sakilacustomer.org
Wypożyczone filmy:
- Shock Cabin - Wypozyczono 18 dni temu

14:54:00.238 [org.springframework.kafka.KafkaListenerEndpointContainer#0-0-C-1] INFO  c.e.d.services.kafka.KafkaConsumer - 
ID: 14
Betty White
betty.white@sakilacustomer.org
Wypożyczone filmy:
- Groundhog Uncut - Wypozyczono 18 dni temu

14:54:00.238 [org.springframework.kafka.KafkaListenerEndpointContainer#0-0-C-1] INFO  c.e.d.services.kafka.KafkaConsumer - 
ID: 15
Helen Harris
helen.harris@sakilacustomer.org
Wypożyczone filmy:
- Candidate Perdition - Wypozyczono 18 dni temu
- Smoking Barbarella - Wypozyczono 18 dni temu

14:54:00.239 [org.springframework.kafka.KafkaListenerEndpointContainer#0-0-C-1] INFO  c.e.d.services.kafka.KafkaConsumer - 
ID: 527
Cory Meehan
cory.meehan@sakilacustomer.org
Wypożyczone filmy:
- Jason Trap - Wypozyczono 18 dni temu

14:54:00.239 [org.springframework.kafka.KafkaListenerEndpointContainer#0-0-C-1] INFO  c.e.d.services.kafka.KafkaConsumer - 
ID: 274
Naomi Jennings
naomi.jennings@sakilacustomer.org
Wypożyczone filmy:
- Wild Apollo - Wypozyczono 18 dni temu

14:54:00.244 [org.springframework.kafka.KafkaListenerEndpointContainer#0-0-C-1] INFO  c.e.d.services.kafka.KafkaConsumer - 
ID: 530
Darryl Ashcraft
darryl.ashcraft@sakilacustomer.org
Wypożyczone filmy:
- Pure Runner - Wypozyczono 18 dni temu

14:54:00.246 [org.springframework.kafka.KafkaListenerEndpointContainer#0-0-C-1] INFO  c.e.d.services.kafka.KafkaConsumer - 
ID: 532
Neil Renner
neil.renner@sakilacustomer.org
Wypożyczone filmy:
- World Leathernecks - Wypozyczono 18 dni temu

14:54:00.248 [org.springframework.kafka.KafkaListenerEndpointContainer#0-0-C-1] INFO  c.e.d.services.kafka.KafkaConsumer - 
ID: 533
Jessie Milam
jessie.milam@sakilacustomer.org
Wypożyczone filmy:
- Insider Arizona - Wypozyczono 18 dni temu

14:54:00.250 [org.springframework.kafka.KafkaListenerEndpointContainer#0-0-C-1] INFO  c.e.d.services.kafka.KafkaConsumer - 
ID: 21
Michelle Clark
michelle.clark@sakilacustomer.org
Wypożyczone filmy:
- Dwarfs Alter - Wypozyczono 18 dni temu

14:54:00.252 [org.springframework.kafka.KafkaListenerEndpointContainer#0-0-C-1] INFO  c.e.d.services.kafka.KafkaConsumer - 
ID: 22
Laura Rodriguez
laura.rodriguez@sakilacustomer.org
Wypożyczone filmy:
- Suit Walls - Wypozyczono 18 dni temu

14:54:00.253 [org.springframework.kafka.KafkaListenerEndpointContainer#0-0-C-1] INFO  c.e.d.services.kafka.KafkaConsumer - 
ID: 534
Christian Jung
christian.jung@sakilacustomer.org
Wypożyczone filmy:
- Half Outfield - Wypozyczono 18 dni temu

14:54:00.255 [org.springframework.kafka.KafkaListenerEndpointContainer#0-0-C-1] INFO  c.e.d.services.kafka.KafkaConsumer - 
ID: 279
Dianne Shelton
dianne.shelton@sakilacustomer.org
Wypożyczone filmy:
- Cat Coneheads - Wypozyczono 18 dni temu

14:54:00.257 [org.springframework.kafka.KafkaListenerEndpointContainer#0-0-C-1] INFO  c.e.d.services.kafka.KafkaConsumer - 
ID: 23
Sarah Lewis
sarah.lewis@sakilacustomer.org
Wypożyczone filmy:
- Divine Resurrection - Wypozyczono 18 dni temu

14:54:00.258 [org.springframework.kafka.KafkaListenerEndpointContainer#0-0-C-1] INFO  c.e.d.services.kafka.KafkaConsumer - 
ID: 537
Clinton Buford
clinton.buford@sakilacustomer.org
Wypożyczone filmy:
- Scarface Bang - Wypozyczono 18 dni temu

14:54:00.259 [org.springframework.kafka.KafkaListenerEndpointContainer#0-0-C-1] INFO  c.e.d.services.kafka.KafkaConsumer - 
ID: 282
Jenny Castro
jenny.castro@sakilacustomer.org
Wypożyczone filmy:
- Volcano Texas - Wypozyczono 18 dni temu

14:54:00.260 [org.springframework.kafka.KafkaListenerEndpointContainer#0-0-C-1] INFO  c.e.d.services.kafka.KafkaConsumer - 
ID: 284
Sonia Gregory
sonia.gregory@sakilacustomer.org
Wypożyczone filmy:
- Berets Agent - Wypozyczono 18 dni temu
- Frida Slipper - Wypozyczono 18 dni temu

14:54:00.262 [org.springframework.kafka.KafkaListenerEndpointContainer#0-0-C-1] INFO  c.e.d.services.kafka.KafkaConsumer - 
ID: 28
Cynthia Young
cynthia.young@sakilacustomer.org
Wypożyczone filmy:
- Suspects Quills - Wypozyczono 18 dni temu

14:54:00.263 [org.springframework.kafka.KafkaListenerEndpointContainer#0-0-C-1] INFO  c.e.d.services.kafka.KafkaConsumer - 
ID: 29
Angela Hernandez
angela.hernandez@sakilacustomer.org
Wypożyczone filmy:
- Canyon Stock - Wypozyczono 18 dni temu

14:54:00.265 [org.springframework.kafka.KafkaListenerEndpointContainer#0-0-C-1] INFO  c.e.d.services.kafka.KafkaConsumer - 
ID: 287
Becky Miles
becky.miles@sakilacustomer.org
Wypożyczone filmy:
- Virginian Pluto - Wypozyczono 18 dni temu

14:54:00.267 [org.springframework.kafka.KafkaListenerEndpointContainer#0-0-C-1] INFO  c.e.d.services.kafka.KafkaConsumer - 
ID: 33
Anna Hill
anna.hill@sakilacustomer.org
Wypożyczone filmy:
- Boulevard Mob - Wypozyczono 18 dni temu

14:54:00.268 [org.springframework.kafka.KafkaListenerEndpointContainer#0-0-C-1] INFO  c.e.d.services.kafka.KafkaConsumer - 
ID: 548
Allan Cornish
allan.cornish@sakilacustomer.org
Wypożyczone filmy:
- Sundance Invasion - Wypozyczono 18 dni temu

14:54:00.269 [org.springframework.kafka.KafkaListenerEndpointContainer#0-0-C-1] INFO  c.e.d.services.kafka.KafkaConsumer - 
ID: 550
Guy Brownlee
guy.brownlee@sakilacustomer.org
Wypożyczone filmy:
- Enough Raging - Wypozyczono 18 dni temu

14:54:00.270 [org.springframework.kafka.KafkaListenerEndpointContainer#0-0-C-1] INFO  c.e.d.services.kafka.KafkaConsumer - 
ID: 295
Daisy Bates
daisy.bates@sakilacustomer.org
Wypożyczone filmy:
- Pride Alamo - Wypozyczono 18 dni temu

14:54:00.272 [org.springframework.kafka.KafkaListenerEndpointContainer#0-0-C-1] INFO  c.e.d.services.kafka.KafkaConsumer - 
ID: 296
Ramona Hale
ramona.hale@sakilacustomer.org
Wypożyczone filmy:
- Insider Arizona - Wypozyczono 18 dni temu

14:54:00.284 [org.springframework.kafka.KafkaListenerEndpointContainer#0-0-C-1] INFO  c.e.d.services.kafka.KafkaConsumer - 
ID: 41
Stephanie Mitchell
stephanie.mitchell@sakilacustomer.org
Wypożyczone filmy:
- Shock Cabin - Wypozyczono 18 dni temu

14:54:00.286 [org.springframework.kafka.KafkaListenerEndpointContainer#0-0-C-1] INFO  c.e.d.services.kafka.KafkaConsumer - 
ID: 42
Carolyn Perez
carolyn.perez@sakilacustomer.org
Wypożyczone filmy:
- Torque Bound - Wypozyczono 18 dni temu
- River Outlaw - Wypozyczono 18 dni temu

14:54:00.291 [org.springframework.kafka.KafkaListenerEndpointContainer#0-0-C-1] INFO  c.e.d.services.kafka.KafkaConsumer - 
ID: 554
Dwayne Olvera
dwayne.olvera@sakilacustomer.org
Wypożyczone filmy:
- Academy Dinosaur - Wypozyczono 11 dni temu

14:54:00.292 [org.springframework.kafka.KafkaListenerEndpointContainer#0-0-C-1] INFO  c.e.d.services.kafka.KafkaConsumer - 
ID: 43
Christine Roberts
christine.roberts@sakilacustomer.org
Wypożyczone filmy:
- Pollock Deliverance - Wypozyczono 18 dni temu
- Motions Details - Wypozyczono 18 dni temu

14:54:00.294 [org.springframework.kafka.KafkaListenerEndpointContainer#0-0-C-1] INFO  c.e.d.services.kafka.KafkaConsumer - 
ID: 44
Marie Turner
marie.turner@sakilacustomer.org
Wypożyczone filmy:
- American Circus - Wypozyczono 18 dni temu

14:54:00.296 [org.springframework.kafka.KafkaListenerEndpointContainer#0-0-C-1] INFO  c.e.d.services.kafka.KafkaConsumer - 
ID: 300
John Farnsworth
john.farnsworth@sakilacustomer.org
Wypożyczone filmy:
- Outlaw Hanky - Wypozyczono 18 dni temu

14:54:00.298 [org.springframework.kafka.KafkaListenerEndpointContainer#0-0-C-1] INFO  c.e.d.services.kafka.KafkaConsumer - 
ID: 557
Felix Gaffney
felix.gaffney@sakilacustomer.org
Wypożyczone filmy:
- Lady Stage - Wypozyczono 18 dni temu

14:54:00.300 [org.springframework.kafka.KafkaListenerEndpointContainer#0-0-C-1] INFO  c.e.d.services.kafka.KafkaConsumer - 
ID: 560
Jordan Archuleta
jordan.archuleta@sakilacustomer.org
Wypożyczone filmy:
- Pianist Outfield - Wypozyczono 18 dni temu
- Movie Shakespeare - Wypozyczono 18 dni temu

14:54:00.301 [org.springframework.kafka.KafkaListenerEndpointContainer#0-0-C-1] INFO  c.e.d.services.kafka.KafkaConsumer - 
ID: 561
Ian Still
ian.still@sakilacustomer.org
Wypożyczone filmy:
- Mockingbird Hollywood - Wypozyczono 18 dni temu

14:54:00.302 [org.springframework.kafka.KafkaListenerEndpointContainer#0-0-C-1] INFO  c.e.d.services.kafka.KafkaConsumer - 
ID: 52
Julie Sanchez
julie.sanchez@sakilacustomer.org
Wypożyczone filmy:
- Trading Pinocchio - Wypozyczono 18 dni temu

14:54:00.305 [org.springframework.kafka.KafkaListenerEndpointContainer#0-0-C-1] INFO  c.e.d.services.kafka.KafkaConsumer - 
ID: 53
Heather Morris
heather.morris@sakilacustomer.org
Wypożyczone filmy:
- Peach Innocent - Wypozyczono 18 dni temu
- Lawless Vision - Wypozyczono 18 dni temu

14:54:00.306 [org.springframework.kafka.KafkaListenerEndpointContainer#0-0-C-1] INFO  c.e.d.services.kafka.KafkaConsumer - 
ID: 568
Alberto Henning
alberto.henning@sakilacustomer.org
Wypożyczone filmy:
- Vanishing Rocky - Wypozyczono 18 dni temu

14:54:00.308 [org.springframework.kafka.KafkaListenerEndpointContainer#0-0-C-1] INFO  c.e.d.services.kafka.KafkaConsumer - 
ID: 56
Gloria Cook
gloria.cook@sakilacustomer.org
Wypożyczone filmy:
- Igby Maker - Wypozyczono 18 dni temu

14:54:00.309 [org.springframework.kafka.KafkaListenerEndpointContainer#0-0-C-1] INFO  c.e.d.services.kafka.KafkaConsumer - 
ID: 570
Ivan Cromwell
ivan.cromwell@sakilacustomer.org
Wypożyczone filmy:
- Creatures Shakespeare - Wypozyczono 18 dni temu

14:54:00.311 [org.springframework.kafka.KafkaListenerEndpointContainer#0-0-C-1] INFO  c.e.d.services.kafka.KafkaConsumer - 
ID: 58
Jean Bell
jean.bell@sakilacustomer.org
Wypożyczone filmy:
- Ridgemont Submarine - Wypozyczono 18 dni temu

14:54:00.313 [org.springframework.kafka.KafkaListenerEndpointContainer#0-0-C-1] INFO  c.e.d.services.kafka.KafkaConsumer - 
ID: 315
Kenneth Gooden
kenneth.gooden@sakilacustomer.org
Wypożyczone filmy:
- Operation Operation - Wypozyczono 18 dni temu

14:54:00.315 [org.springframework.kafka.KafkaListenerEndpointContainer#0-0-C-1] INFO  c.e.d.services.kafka.KafkaConsumer - 
ID: 60
Mildred Bailey
mildred.bailey@sakilacustomer.org
Wypożyczone filmy:
- Boogie Amelie - Wypozyczono 18 dni temu
- Chamber Italian - Wypozyczono 18 dni temu

14:54:00.316 [org.springframework.kafka.KafkaListenerEndpointContainer#0-0-C-1] INFO  c.e.d.services.kafka.KafkaConsumer - 
ID: 317
Edward Baugh
edward.baugh@sakilacustomer.org
Wypożyczone filmy:
- Armageddon Lost - Wypozyczono 18 dni temu

14:54:00.318 [org.springframework.kafka.KafkaListenerEndpointContainer#0-0-C-1] INFO  c.e.d.services.kafka.KafkaConsumer - 
ID: 576
Morris Mccarter
morris.mccarter@sakilacustomer.org
Wypożyczone filmy:
- Titanic Boondock - Wypozyczono 18 dni temu
- Vanished Garden - Wypozyczono 18 dni temu

14:54:00.319 [org.springframework.kafka.KafkaListenerEndpointContainer#0-0-C-1] INFO  c.e.d.services.kafka.KafkaConsumer - 
ID: 64
Judith Cox
judith.cox@sakilacustomer.org
Wypożyczone filmy:
- Doors President - Wypozyczono 18 dni temu

14:54:00.321 [org.springframework.kafka.KafkaListenerEndpointContainer#0-0-C-1] INFO  c.e.d.services.kafka.KafkaConsumer - 
ID: 579
Daryl Larue
daryl.larue@sakilacustomer.org
Wypożyczone filmy:
- Streak Ridgemont - Wypozyczono 18 dni temu

14:54:00.322 [org.springframework.kafka.KafkaListenerEndpointContainer#0-0-C-1] INFO  c.e.d.services.kafka.KafkaConsumer - 
ID: 324
Gary Coy
gary.coy@sakilacustomer.org
Wypożyczone filmy:
- Chitty Lock - Wypozyczono 18 dni temu

14:54:00.324 [org.springframework.kafka.KafkaListenerEndpointContainer#0-0-C-1] INFO  c.e.d.services.kafka.KafkaConsumer - 
ID: 69
Judy Gray
judy.gray@sakilacustomer.org
Wypożyczone filmy:
- Summer Scarface - Wypozyczono 18 dni temu

14:54:00.325 [org.springframework.kafka.KafkaListenerEndpointContainer#0-0-C-1] INFO  c.e.d.services.kafka.KafkaConsumer - 
ID: 582
Andy Vanhorn
andy.vanhorn@sakilacustomer.org
Wypożyczone filmy:
- Tuxedo Mile - Wypozyczono 18 dni temu

14:54:00.327 [org.springframework.kafka.KafkaListenerEndpointContainer#0-0-C-1] INFO  c.e.d.services.kafka.KafkaConsumer - 
ID: 327
Larry Thrasher
larry.thrasher@sakilacustomer.org
Wypożyczone filmy:
- Pulp Beverly - Wypozyczono 18 dni temu

14:54:00.339 [org.springframework.kafka.KafkaListenerEndpointContainer#0-0-C-1] INFO  c.e.d.services.kafka.KafkaConsumer - 
ID: 73
Beverly Brooks
beverly.brooks@sakilacustomer.org
Wypożyczone filmy:
- Shrek License - Wypozyczono 18 dni temu

14:54:00.343 [org.springframework.kafka.KafkaListenerEndpointContainer#0-0-C-1] INFO  c.e.d.services.kafka.KafkaConsumer - 
ID: 585
Perry Swafford
perry.swafford@sakilacustomer.org
Wypożyczone filmy:
- Devil Desire - Wypozyczono 18 dni temu

14:54:00.346 [org.springframework.kafka.KafkaListenerEndpointContainer#0-0-C-1] INFO  c.e.d.services.kafka.KafkaConsumer - 
ID: 330
Scott Shelley
scott.shelley@sakilacustomer.org
Wypożyczone filmy:
- Grail Frankenstein - Wypozyczono 18 dni temu

14:54:00.348 [org.springframework.kafka.KafkaListenerEndpointContainer#0-0-C-1] INFO  c.e.d.services.kafka.KafkaConsumer - 
ID: 587
Sergio Stanfield
sergio.stanfield@sakilacustomer.org
Wypożyczone filmy:
- Camelot Vacation - Wypozyczono 18 dni temu

14:54:00.349 [org.springframework.kafka.KafkaListenerEndpointContainer#0-0-C-1] INFO  c.e.d.services.kafka.KafkaConsumer - 
ID: 75
Tammy Sanders
tammy.sanders@sakilacustomer.org
Wypożyczone filmy:
- Lust Lock - Wypozyczono 18 dni temu
- Trouble Date - Wypozyczono 18 dni temu
- Sleepy Japanese - Wypozyczono 18 dni temu

14:54:00.351 [org.springframework.kafka.KafkaListenerEndpointContainer#0-0-C-1] INFO  c.e.d.services.kafka.KafkaConsumer - 
ID: 334
Raymond Mcwhorter
raymond.mcwhorter@sakilacustomer.org
Wypożyczone filmy:
- Smoochy Control - Wypozyczono 18 dni temu

14:54:00.353 [org.springframework.kafka.KafkaListenerEndpointContainer#0-0-C-1] INFO  c.e.d.services.kafka.KafkaConsumer - 
ID: 590
Seth Hannon
seth.hannon@sakilacustomer.org
Wypożyczone filmy:
- African Egg - Wypozyczono 18 dni temu

14:54:00.354 [org.springframework.kafka.KafkaListenerEndpointContainer#0-0-C-1] INFO  c.e.d.services.kafka.KafkaConsumer - 
ID: 335
Gregory Mauldin
gregory.mauldin@sakilacustomer.org
Wypożyczone filmy:
- Hunger Roof - Wypozyczono 18 dni temu

14:54:00.355 [org.springframework.kafka.KafkaListenerEndpointContainer#0-0-C-1] INFO  c.e.d.services.kafka.KafkaConsumer - 
ID: 80
Marilyn Ross
marilyn.ross@sakilacustomer.org
Wypożyczone filmy:
- Intentions Empire - Wypozyczono 18 dni temu

14:54:00.357 [org.springframework.kafka.KafkaListenerEndpointContainer#0-0-C-1] INFO  c.e.d.services.kafka.KafkaConsumer - 
ID: 336
Joshua Mark
joshua.mark@sakilacustomer.org
Wypożyczone filmy:
- Juggler Hardly - Wypozyczono 18 dni temu

14:54:00.358 [org.springframework.kafka.KafkaListenerEndpointContainer#0-0-C-1] INFO  c.e.d.services.kafka.KafkaConsumer - 
ID: 592
Terrance Roush
terrance.roush@sakilacustomer.org
Wypożyczone filmy:
- Kick Savannah - Wypozyczono 18 dni temu

14:54:00.359 [org.springframework.kafka.KafkaListenerEndpointContainer#0-0-C-1] INFO  c.e.d.services.kafka.KafkaConsumer - 
ID: 337
Jerry Jordon
jerry.jordon@sakilacustomer.org
Wypożyczone filmy:
- Gunfight Moon - Wypozyczono 18 dni temu

14:54:00.360 [org.springframework.kafka.KafkaListenerEndpointContainer#0-0-C-1] INFO  c.e.d.services.kafka.KafkaConsumer - 
ID: 83
Louise Jenkins
louise.jenkins@sakilacustomer.org
Wypożyczone filmy:
- Frisco Forrest - Wypozyczono 18 dni temu

14:54:00.363 [org.springframework.kafka.KafkaListenerEndpointContainer#0-0-C-1] INFO  c.e.d.services.kafka.KafkaConsumer - 
ID: 596
Enrique Forsythe
enrique.forsythe@sakilacustomer.org
Wypożyczone filmy:
- Gunfight Moon - Wypozyczono 18 dni temu

14:54:00.364 [org.springframework.kafka.KafkaListenerEndpointContainer#0-0-C-1] INFO  c.e.d.services.kafka.KafkaConsumer - 
ID: 597
Freddie Duggan
freddie.duggan@sakilacustomer.org
Wypożyczone filmy:
- Ghost Groundhog - Wypozyczono 18 dni temu

14:54:00.365 [org.springframework.kafka.KafkaListenerEndpointContainer#0-0-C-1] INFO  c.e.d.services.kafka.KafkaConsumer - 
ID: 87
Wanda Patterson
wanda.patterson@sakilacustomer.org
Wypożyczone filmy:
- Doors President - Wypozyczono 18 dni temu

14:54:00.367 [org.springframework.kafka.KafkaListenerEndpointContainer#0-0-C-1] INFO  c.e.d.services.kafka.KafkaConsumer - 
ID: 91
Lois Butler
lois.butler@sakilacustomer.org
Wypożyczone filmy:
- Bubble Grosse - Wypozyczono 18 dni temu

14:54:00.368 [org.springframework.kafka.KafkaListenerEndpointContainer#0-0-C-1] INFO  c.e.d.services.kafka.KafkaConsumer - 
ID: 349
Joe Gilliland
joe.gilliland@sakilacustomer.org
Wypożyczone filmy:
- Amistad Midsummer - Wypozyczono 18 dni temu

14:54:00.377 [org.springframework.kafka.KafkaListenerEndpointContainer#0-0-C-1] INFO  c.e.d.services.kafka.KafkaConsumer - 
ID: 94
Norma Gonzales
norma.gonzales@sakilacustomer.org
Wypożyczone filmy:
- Sleeping Suspects - Wypozyczono 18 dni temu

14:54:00.382 [org.springframework.kafka.KafkaListenerEndpointContainer#0-0-C-1] INFO  c.e.d.services.kafka.KafkaConsumer - 
ID: 352
Albert Crouse
albert.crouse@sakilacustomer.org
Wypożyczone filmy:
- Varsity Trip - Wypozyczono 18 dni temu

14:54:00.385 [org.springframework.kafka.KafkaListenerEndpointContainer#0-0-C-1] INFO  c.e.d.services.kafka.KafkaConsumer - 
ID: 354
Justin Ngo
justin.ngo@sakilacustomer.org
Wypożyczone filmy:
- Titanic Boondock - Wypozyczono 18 dni temu
- Trojan Tomorrow - Wypozyczono 18 dni temu

14:54:00.387 [org.springframework.kafka.KafkaListenerEndpointContainer#0-0-C-1] INFO  c.e.d.services.kafka.KafkaConsumer - 
ID: 99
Emily Diaz
emily.diaz@sakilacustomer.org
Wypożyczone filmy:
- Connection Microcosmos - Wypozyczono 18 dni temu

14:54:00.389 [org.springframework.kafka.KafkaListenerEndpointContainer#0-0-C-1] INFO  c.e.d.services.kafka.KafkaConsumer - 
ID: 355
Terry Grissom
terry.grissom@sakilacustomer.org
Wypożyczone filmy:
- Family Sweet - Wypozyczono 18 dni temu

14:54:00.391 [org.springframework.kafka.KafkaListenerEndpointContainer#0-0-C-1] INFO  c.e.d.services.kafka.KafkaConsumer - 
ID: 100
Robin Hayes
robin.hayes@sakilacustomer.org
Wypożyczone filmy:
- Bound Cheaper - Wypozyczono 18 dni temu

14:54:00.392 [org.springframework.kafka.KafkaListenerEndpointContainer#0-0-C-1] INFO  c.e.d.services.kafka.KafkaConsumer - 
ID: 101
Peggy Myers
peggy.myers@sakilacustomer.org
Wypożyczone filmy:
- Club Graffiti - Wypozyczono 18 dni temu

14:54:00.394 [org.springframework.kafka.KafkaListenerEndpointContainer#0-0-C-1] INFO  c.e.d.services.kafka.KafkaConsumer - 
ID: 359
Willie Markham
willie.markham@sakilacustomer.org
Wypożyczone filmy:
- Center Dinosaur - Wypozyczono 18 dni temu

14:54:00.395 [org.springframework.kafka.KafkaListenerEndpointContainer#0-0-C-1] INFO  c.e.d.services.kafka.KafkaConsumer - 
ID: 361
Lawrence Lawton
lawrence.lawton@sakilacustomer.org
Wypożyczone filmy:
- Insects Stone - Wypozyczono 18 dni temu
- Half Outfield - Wypozyczono 18 dni temu

14:54:00.396 [org.springframework.kafka.KafkaListenerEndpointContainer#0-0-C-1] INFO  c.e.d.services.kafka.KafkaConsumer - 
ID: 107
Florence Woods
florence.woods@sakilacustomer.org
Wypożyczone filmy:
- Club Graffiti - Wypozyczono 18 dni temu
- Blade Polish - Wypozyczono 18 dni temu

14:54:00.399 [org.springframework.kafka.KafkaListenerEndpointContainer#0-0-C-1] INFO  c.e.d.services.kafka.KafkaConsumer - 
ID: 108
Tracy Cole
tracy.cole@sakilacustomer.org
Wypożyczone filmy:
- Ali Forever - Wypozyczono 18 dni temu

14:54:00.400 [org.springframework.kafka.KafkaListenerEndpointContainer#0-0-C-1] INFO  c.e.d.services.kafka.KafkaConsumer - 
ID: 366
Brandon Huey
brandon.huey@sakilacustomer.org
Wypożyczone filmy:
- Ace Goldfinger - Wypozyczono 18 dni temu

14:54:00.402 [org.springframework.kafka.KafkaListenerEndpointContainer#0-0-C-1] INFO  c.e.d.services.kafka.KafkaConsumer - 
ID: 111
Carmen Owens
carmen.owens@sakilacustomer.org
Wypożyczone filmy:
- Affair Prejudice - Wypozyczono 18 dni temu

14:54:00.403 [org.springframework.kafka.KafkaListenerEndpointContainer#0-0-C-1] INFO  c.e.d.services.kafka.KafkaConsumer - 
ID: 369
Fred Wheat
fred.wheat@sakilacustomer.org
Wypożyczone filmy:
- Sweethearts Suspects - Wypozyczono 18 dni temu

14:54:00.406 [org.springframework.kafka.KafkaListenerEndpointContainer#0-0-C-1] INFO  c.e.d.services.kafka.KafkaConsumer - 
ID: 114
Grace Ellis
grace.ellis@sakilacustomer.org
Wypożyczone filmy:
- Dragonfly Strangers - Wypozyczono 18 dni temu

14:54:00.407 [org.springframework.kafka.KafkaListenerEndpointContainer#0-0-C-1] INFO  c.e.d.services.kafka.KafkaConsumer - 
ID: 115
Wendy Harrison
wendy.harrison@sakilacustomer.org
Wypożyczone filmy:
- Sons Interview - Wypozyczono 18 dni temu

14:54:00.408 [org.springframework.kafka.KafkaListenerEndpointContainer#0-0-C-1] INFO  c.e.d.services.kafka.KafkaConsumer - 
ID: 373
Louis Leone
louis.leone@sakilacustomer.org
Wypożyczone filmy:
- Zhivago Core - Wypozyczono 18 dni temu

14:54:00.410 [org.springframework.kafka.KafkaListenerEndpointContainer#0-0-C-1] INFO  c.e.d.services.kafka.KafkaConsumer - 
ID: 374
Jeremy Hurtado
jeremy.hurtado@sakilacustomer.org
Wypożyczone filmy:
- Window Side - Wypozyczono 18 dni temu

14:54:00.412 [org.springframework.kafka.KafkaListenerEndpointContainer#0-0-C-1] INFO  c.e.d.services.kafka.KafkaConsumer - 
ID: 120
Sylvia Ortiz
sylvia.ortiz@sakilacustomer.org
Wypożyczone filmy:
- Opposite Necklace - Wypozyczono 18 dni temu

14:54:00.414 [org.springframework.kafka.KafkaListenerEndpointContainer#0-0-C-1] INFO  c.e.d.services.kafka.KafkaConsumer - 
ID: 388
Craig Morrell
craig.morrell@sakilacustomer.org
Wypożyczone filmy:
- Mummy Creatures - Wypozyczono 18 dni temu

14:54:00.415 [org.springframework.kafka.KafkaListenerEndpointContainer#0-0-C-1] INFO  c.e.d.services.kafka.KafkaConsumer - 
ID: 135
Juanita Mason
juanita.mason@sakilacustomer.org
Wypożyczone filmy:
- None Spiking - Wypozyczono 18 dni temu

14:54:00.417 [org.springframework.kafka.KafkaListenerEndpointContainer#0-0-C-1] INFO  c.e.d.services.kafka.KafkaConsumer - 
ID: 394
Chris Brothers
chris.brothers@sakilacustomer.org
Wypożyczone filmy:
- Cincinatti Whisperer - Wypozyczono 18 dni temu

14:54:00.419 [org.springframework.kafka.KafkaListenerEndpointContainer#0-0-C-1] INFO  c.e.d.services.kafka.KafkaConsumer - 
ID: 142
April Burns
april.burns@sakilacustomer.org
Wypożyczone filmy:
- Outfield Massacre - Wypozyczono 18 dni temu

14:54:00.421 [org.springframework.kafka.KafkaListenerEndpointContainer#0-0-C-1] INFO  c.e.d.services.kafka.KafkaConsumer - 
ID: 405
Leonard Schofield
leonard.schofield@sakilacustomer.org
Wypożyczone filmy:
- Fight Jawbreaker - Wypozyczono 18 dni temu

14:54:00.422 [org.springframework.kafka.KafkaListenerEndpointContainer#0-0-C-1] INFO  c.e.d.services.kafka.KafkaConsumer - 
ID: 152
Alicia Mills
alicia.mills@sakilacustomer.org
Wypożyczone filmy:
- Sleepless Monsoon - Wypozyczono 18 dni temu

14:54:00.424 [org.springframework.kafka.KafkaListenerEndpointContainer#0-0-C-1] INFO  c.e.d.services.kafka.KafkaConsumer - 
ID: 410
Curtis Irby
curtis.irby@sakilacustomer.org
Wypożyczone filmy:
- Gorgeous Bingo - Wypozyczono 18 dni temu

14:54:00.425 [org.springframework.kafka.KafkaListenerEndpointContainer#0-0-C-1] INFO  c.e.d.services.kafka.KafkaConsumer - 
ID: 155
Gail Knight
gail.knight@sakilacustomer.org
Wypożyczone filmy:
- Hyde Doctor - Wypozyczono 18 dni temu
- Chasing Fight - Wypozyczono 18 dni temu

14:54:00.428 [org.springframework.kafka.KafkaListenerEndpointContainer#0-0-C-1] INFO  c.e.d.services.kafka.KafkaConsumer - 
ID: 411
Norman Currier
norman.currier@sakilacustomer.org
Wypożyczone filmy:
- Harry Idaho - Wypozyczono 18 dni temu

14:54:00.429 [org.springframework.kafka.KafkaListenerEndpointContainer#0-0-C-1] INFO  c.e.d.services.kafka.KafkaConsumer - 
ID: 412
Allen Butterfield
allen.butterfield@sakilacustomer.org
Wypożyczone filmy:
- Mulan Moon - Wypozyczono 18 dni temu

14:54:00.430 [org.springframework.kafka.KafkaListenerEndpointContainer#0-0-C-1] INFO  c.e.d.services.kafka.KafkaConsumer - 
ID: 417
Travis Estep
travis.estep@sakilacustomer.org
Wypożyczone filmy:
- Seabiscuit Punk - Wypozyczono 18 dni temu

14:54:00.432 [org.springframework.kafka.KafkaListenerEndpointContainer#0-0-C-1] INFO  c.e.d.services.kafka.KafkaConsumer - 
ID: 162
Lauren Hudson
lauren.hudson@sakilacustomer.org
Wypożyczone filmy:
- Midnight Westward - Wypozyczono 18 dni temu

14:54:00.434 [org.springframework.kafka.KafkaListenerEndpointContainer#0-0-C-1] INFO  c.e.d.services.kafka.KafkaConsumer - 
ID: 163
Cathy Spencer
cathy.spencer@sakilacustomer.org
Wypożyczone filmy:
- Sons Interview - Wypozyczono 18 dni temu
- Holes Brannigan - Wypozyczono 18 dni temu

14:54:00.445 [org.springframework.kafka.KafkaListenerEndpointContainer#0-0-C-1] INFO  c.e.d.services.kafka.KafkaConsumer - 
ID: 421
Lee Hawks
lee.hawks@sakilacustomer.org
Wypożyczone filmy:
- Detective Vision - Wypozyczono 18 dni temu

14:54:00.450 [org.springframework.kafka.KafkaListenerEndpointContainer#0-0-C-1] INFO  c.e.d.services.kafka.KafkaConsumer - 
ID: 422
Melvin Ellington
melvin.ellington@sakilacustomer.org
Wypożyczone filmy:
- Basic Easy - Wypozyczono 18 dni temu

14:54:00.452 [org.springframework.kafka.KafkaListenerEndpointContainer#0-0-C-1] INFO  c.e.d.services.kafka.KafkaConsumer - 
ID: 424
Kyle Spurlock
kyle.spurlock@sakilacustomer.org
Wypożyczone filmy:
- Dances None - Wypozyczono 18 dni temu

14:54:00.454 [org.springframework.kafka.KafkaListenerEndpointContainer#0-0-C-1] INFO  c.e.d.services.kafka.KafkaConsumer - 
ID: 168
Regina Berry
regina.berry@sakilacustomer.org
Wypożyczone filmy:
- Wedding Apollo - Wypozyczono 18 dni temu

14:54:00.456 [org.springframework.kafka.KafkaListenerEndpointContainer#0-0-C-1] INFO  c.e.d.services.kafka.KafkaConsumer - 
ID: 175
Annette Olson
annette.olson@sakilacustomer.org
Wypożyczone filmy:
- Deer Virginian - Wypozyczono 18 dni temu
- Pirates Roxanne - Wypozyczono 18 dni temu

14:54:00.458 [org.springframework.kafka.KafkaListenerEndpointContainer#0-0-C-1] INFO  c.e.d.services.kafka.KafkaConsumer - 
ID: 431
Joel Francisco
joel.francisco@sakilacustomer.org
Wypożyczone filmy:
- Lovely Jingle - Wypozyczono 18 dni temu

14:54:00.460 [org.springframework.kafka.KafkaListenerEndpointContainer#0-0-C-1] INFO  c.e.d.services.kafka.KafkaConsumer - 
ID: 178
Marion Snyder
marion.snyder@sakilacustomer.org
Wypożyczone filmy:
- Forrester Comancheros - Wypozyczono 18 dni temu

14:54:00.461 [org.springframework.kafka.KafkaListenerEndpointContainer#0-0-C-1] INFO  c.e.d.services.kafka.KafkaConsumer - 
ID: 180
Stacy Cunningham
stacy.cunningham@sakilacustomer.org
Wypożyczone filmy:
- Name Detective - Wypozyczono 18 dni temu

14:54:00.463 [org.springframework.kafka.KafkaListenerEndpointContainer#0-0-C-1] INFO  c.e.d.services.kafka.KafkaConsumer - 
ID: 181
Ana Bradley
ana.bradley@sakilacustomer.org
Wypożyczone filmy:
- Happiness United - Wypozyczono 18 dni temu

14:54:00.469 [org.springframework.kafka.KafkaListenerEndpointContainer#0-0-C-1] INFO  c.e.d.services.kafka.KafkaConsumer - 
ID: 438
Barry Lovelace
barry.lovelace@sakilacustomer.org
Wypożyczone filmy:
- Creatures Shakespeare - Wypozyczono 18 dni temu

14:54:00.477 [org.springframework.kafka.KafkaListenerEndpointContainer#0-0-C-1] INFO  c.e.d.services.kafka.KafkaConsumer - 
ID: 440
Bernard Colby
bernard.colby@sakilacustomer.org
Wypożyczone filmy:
- Queen Luke - Wypozyczono 18 dni temu

14:54:00.480 [org.springframework.kafka.KafkaListenerEndpointContainer#0-0-C-1] INFO  c.e.d.services.kafka.KafkaConsumer - 
ID: 441
Mario Cheatham
mario.cheatham@sakilacustomer.org
Wypożyczone filmy:
- Eagles Panky - Wypozyczono 18 dni temu

14:54:00.483 [org.springframework.kafka.KafkaListenerEndpointContainer#0-0-C-1] INFO  c.e.d.services.kafka.KafkaConsumer - 
ID: 186
Holly Fox
holly.fox@sakilacustomer.org
Wypożyczone filmy:
- South Wait - Wypozyczono 18 dni temu

14:54:00.485 [org.springframework.kafka.KafkaListenerEndpointContainer#0-0-C-1] INFO  c.e.d.services.kafka.KafkaConsumer - 
ID: 188
Melanie Armstrong
melanie.armstrong@sakilacustomer.org
Wypożyczone filmy:
- Intentions Empire - Wypozyczono 18 dni temu

14:54:00.486 [org.springframework.kafka.KafkaListenerEndpointContainer#0-0-C-1] INFO  c.e.d.services.kafka.KafkaConsumer - 
ID: 190
Yolanda Weaver
yolanda.weaver@sakilacustomer.org
Wypożyczone filmy:
- Day Unfaithful - Wypozyczono 18 dni temu

14:54:00.487 [org.springframework.kafka.KafkaListenerEndpointContainer#0-0-C-1] INFO  c.e.d.services.kafka.KafkaConsumer - 
ID: 191
Jeanette Greene
jeanette.greene@sakilacustomer.org
Wypożyczone filmy:
- Effect Gladiator - Wypozyczono 18 dni temu

14:54:00.490 [org.springframework.kafka.KafkaListenerEndpointContainer#0-0-C-1] INFO  c.e.d.services.kafka.KafkaConsumer - 
ID: 192
Laurie Lawrence
laurie.lawrence@sakilacustomer.org
Wypożyczone filmy:
- Haunted Antitrust - Wypozyczono 18 dni temu

14:54:00.491 [org.springframework.kafka.KafkaListenerEndpointContainer#0-0-C-1] INFO  c.e.d.services.kafka.KafkaConsumer - 
ID: 448
Miguel Betancourt
miguel.betancourt@sakilacustomer.org
Wypożyczone filmy:
- State Wasteland - Wypozyczono 18 dni temu
- Family Sweet - Wypozyczono 18 dni temu

14:54:00.494 [org.springframework.kafka.KafkaListenerEndpointContainer#0-0-C-1] INFO  c.e.d.services.kafka.KafkaConsumer - 
ID: 193
Katie Elliott
katie.elliott@sakilacustomer.org
Wypożyczone filmy:
- Monster Spartacus - Wypozyczono 18 dni temu

14:54:00.505 [org.springframework.kafka.KafkaListenerEndpointContainer#0-0-C-1] INFO  c.e.d.services.kafka.KafkaConsumer - 
ID: 450
Jay Robb
jay.robb@sakilacustomer.org
Wypożyczone filmy:
- Intrigue Worst - Wypozyczono 18 dni temu

14:54:00.507 [org.springframework.kafka.KafkaListenerEndpointContainer#0-0-C-1] INFO  c.e.d.services.kafka.KafkaConsumer - 
ID: 452
Tom Milner
tom.milner@sakilacustomer.org
Wypożyczone filmy:
- Hunchback Impossible - Wypozyczono 18 dni temu

14:54:00.510 [org.springframework.kafka.KafkaListenerEndpointContainer#0-0-C-1] INFO  c.e.d.services.kafka.KafkaConsumer - 
ID: 199
Beth Franklin
beth.franklin@sakilacustomer.org
Wypożyczone filmy:
- Baked Cleopatra - Wypozyczono 18 dni temu

14:54:00.513 [org.springframework.kafka.KafkaListenerEndpointContainer#0-0-C-1] INFO  c.e.d.services.kafka.KafkaConsumer - 
ID: 200
Jeanne Lawson
jeanne.lawson@sakilacustomer.org
Wypożyczone filmy:
- Mulholland Beast - Wypozyczono 18 dni temu

14:54:00.514 [org.springframework.kafka.KafkaListenerEndpointContainer#0-0-C-1] INFO  c.e.d.services.kafka.KafkaConsumer - 
ID: 457
Bill Gavin
bill.gavin@sakilacustomer.org
Wypożyczone filmy:
- Gleaming Jawbreaker - Wypozyczono 18 dni temu
- Cleopatra Devil - Wypozyczono 18 dni temu

14:54:00.516 [org.springframework.kafka.KafkaListenerEndpointContainer#0-0-C-1] INFO  c.e.d.services.kafka.KafkaConsumer - 
ID: 208
Lucy Wheeler
lucy.wheeler@sakilacustomer.org
Wypożyczone filmy:
- Seattle Expecations - Wypozyczono 18 dni temu
- Curtain Videotape - Wypozyczono 18 dni temu

14:54:00.517 [org.springframework.kafka.KafkaListenerEndpointContainer#0-0-C-1] INFO  c.e.d.services.kafka.KafkaConsumer - 
ID: 211
Stacey Montgomery
stacey.montgomery@sakilacustomer.org
Wypożyczone filmy:
- Details Packer - Wypozyczono 18 dni temu

14:54:00.519 [org.springframework.kafka.KafkaListenerEndpointContainer#0-0-C-1] INFO  c.e.d.services.kafka.KafkaConsumer - 
ID: 213
Gina Williamson
gina.williamson@sakilacustomer.org
Wypożyczone filmy:
- Bang Kwai - Wypozyczono 18 dni temu

14:54:00.521 [org.springframework.kafka.KafkaListenerEndpointContainer#0-0-C-1] INFO  c.e.d.services.kafka.KafkaConsumer - 
ID: 214
Kristin Johnston
kristin.johnston@sakilacustomer.org
Wypożyczone filmy:
- Star Operation - Wypozyczono 18 dni temu

14:54:00.522 [org.springframework.kafka.KafkaListenerEndpointContainer#0-0-C-1] INFO  c.e.d.services.kafka.KafkaConsumer - 
ID: 215
Jessie Banks
jessie.banks@sakilacustomer.org
Wypożyczone filmy:
- Dances None - Wypozyczono 18 dni temu

14:54:00.524 [org.springframework.kafka.KafkaListenerEndpointContainer#0-0-C-1] INFO  c.e.d.services.kafka.KafkaConsumer - 
ID: 216
Natalie Meyer
natalie.meyer@sakilacustomer.org
Wypożyczone filmy:
- Women Dorado - Wypozyczono 18 dni temu
- Sweden Shining - Wypozyczono 18 dni temu

14:54:00.526 [org.springframework.kafka.KafkaListenerEndpointContainer#0-0-C-1] INFO  c.e.d.services.kafka.KafkaConsumer - 
ID: 472
Greg Robins
greg.robins@sakilacustomer.org
Wypożyczone filmy:
- Wanda Chamber - Wypozyczono 18 dni temu

14:54:00.529 [org.springframework.kafka.KafkaListenerEndpointContainer#0-0-C-1] INFO  c.e.d.services.kafka.KafkaConsumer - 
ID: 474
Dustin Gillette
dustin.gillette@sakilacustomer.org
Wypożyczone filmy:
- Crooked Frogmen - Wypozyczono 18 dni temu

14:54:00.531 [org.springframework.kafka.KafkaListenerEndpointContainer#0-0-C-1] INFO  c.e.d.services.kafka.KafkaConsumer - 
ID: 219
Willie Howell
willie.howell@sakilacustomer.org
Wypożyczone filmy:
- Titans Jerk - Wypozyczono 18 dni temu

14:54:00.533 [org.springframework.kafka.KafkaListenerEndpointContainer#0-0-C-1] INFO  c.e.d.services.kafka.KafkaConsumer - 
ID: 476
Derrick Bourque
derrick.bourque@sakilacustomer.org
Wypożyczone filmy:
- Mosquito Armageddon - Wypozyczono 18 dni temu

14:54:00.535 [org.springframework.kafka.KafkaListenerEndpointContainer#0-0-C-1] INFO  c.e.d.services.kafka.KafkaConsumer - 
ID: 479
Zachary Hite
zachary.hite@sakilacustomer.org
Wypożyczone filmy:
- Frost Head - Wypozyczono 18 dni temu

14:54:00.536 [org.springframework.kafka.KafkaListenerEndpointContainer#0-0-C-1] INFO  c.e.d.services.kafka.KafkaConsumer - 
ID: 227
Colleen Burton
colleen.burton@sakilacustomer.org
Wypożyczone filmy:
- Moonwalker Fool - Wypozyczono 18 dni temu

14:54:00.538 [org.springframework.kafka.KafkaListenerEndpointContainer#0-0-C-1] INFO  c.e.d.services.kafka.KafkaConsumer - 
ID: 228
Allison Stanley
allison.stanley@sakilacustomer.org
Wypożyczone filmy:
- Grapes Fury - Wypozyczono 18 dni temu
- Cyclone Family - Wypozyczono 18 dni temu

14:54:00.541 [org.springframework.kafka.KafkaListenerEndpointContainer#0-0-C-1] INFO  c.e.d.services.kafka.KafkaConsumer - 
ID: 229
Tamara Nguyen
tamara.nguyen@sakilacustomer.org
Wypożyczone filmy:
- Loathing Legally - Wypozyczono 18 dni temu

14:54:00.542 [org.springframework.kafka.KafkaListenerEndpointContainer#0-0-C-1] INFO  c.e.d.services.kafka.KafkaConsumer - 
ID: 234
Claudia Fuller
claudia.fuller@sakilacustomer.org
Wypożyczone filmy:
- Encino Elf - Wypozyczono 18 dni temu

14:54:00.543 [org.springframework.kafka.KafkaListenerEndpointContainer#0-0-C-1] INFO  c.e.d.services.kafka.KafkaConsumer - 
ID: 236
Marcia Dean
marcia.dean@sakilacustomer.org
Wypożyczone filmy:
- Alone Trip - Wypozyczono 18 dni temu

14:54:00.546 [org.springframework.kafka.KafkaListenerEndpointContainer#0-0-C-1] INFO  c.e.d.services.kafka.KafkaConsumer - 
ID: 493
Brent Harkins
brent.harkins@sakilacustomer.org
Wypożyczone filmy:
- Lord Arizona - Wypozyczono 18 dni temu

14:54:00.548 [org.springframework.kafka.KafkaListenerEndpointContainer#0-0-C-1] INFO  c.e.d.services.kafka.KafkaConsumer - 
ID: 495
Charlie Bess
charlie.bess@sakilacustomer.org
Wypożyczone filmy:
- Song Hedwig - Wypozyczono 18 dni temu

14:54:00.549 [org.springframework.kafka.KafkaListenerEndpointContainer#0-0-C-1] INFO  c.e.d.services.kafka.KafkaConsumer - 
ID: 496
Tyler Wren
tyler.wren@sakilacustomer.org
Wypożyczone filmy:
- Blanket Beverly - Wypozyczono 18 dni temu

14:54:00.550 [org.springframework.kafka.KafkaListenerEndpointContainer#0-0-C-1] INFO  c.e.d.services.kafka.KafkaConsumer - 
ID: 497
Gilbert Sledge
gilbert.sledge@sakilacustomer.org
Wypożyczone filmy:
- Silverado Goldfinger - Wypozyczono 18 dni temu

14:54:00.552 [org.springframework.kafka.KafkaListenerEndpointContainer#0-0-C-1] INFO  c.e.d.services.kafka.KafkaConsumer - 
ID: 244
Viola Hanson
viola.hanson@sakilacustomer.org
Wypożyczone filmy:
- Shawshank Bubble - Wypozyczono 18 dni temu

14:54:00.554 [org.springframework.kafka.KafkaListenerEndpointContainer#0-0-C-1] INFO  c.e.d.services.kafka.KafkaConsumer - 
ID: 245
Courtney Day
courtney.day@sakilacustomer.org
Wypożyczone filmy:
- Driver Annie - Wypozyczono 18 dni temu

14:54:00.556 [org.springframework.kafka.KafkaListenerEndpointContainer#0-0-C-1] INFO  c.e.d.services.kafka.KafkaConsumer - 
ID: 505
Rafael Abney
rafael.abney@sakilacustomer.org
Wypożyczone filmy:
- Conversation Downhill - Wypozyczono 18 dni temu

14:54:00.557 [org.springframework.kafka.KafkaListenerEndpointContainer#0-0-C-1] INFO  c.e.d.services.kafka.KafkaConsumer - 
ID: 251
Vickie Brewer
vickie.brewer@sakilacustomer.org
Wypożyczone filmy:
- Swarm Gold - Wypozyczono 18 dni temu

14:54:00.559 [org.springframework.kafka.KafkaListenerEndpointContainer#0-0-C-1] INFO  c.e.d.services.kafka.KafkaConsumer - 
ID: 252
Mattie Hoffman
mattie.hoffman@sakilacustomer.org
Wypożyczone filmy:
- Drifter Commandments - Wypozyczono 18 dni temu

14:54:00.561 [org.springframework.kafka.KafkaListenerEndpointContainer#0-0-C-1] INFO  c.e.d.services.kafka.KafkaConsumer - 
ID: 508
Milton Howland
milton.howland@sakilacustomer.org
Wypożyczone filmy:
- Disciple Mother - Wypozyczono 18 dni temu

14:54:30.143 [org.springframework.kafka.KafkaListenerEndpointContainer#0-0-C-1] INFO  c.e.d.services.kafka.KafkaConsumer - 
ID: 512
Cecil Vines
cecil.vines@sakilacustomer.org
Wypożyczone filmy:
- Amadeus Holy - Wypozyczono 18 dni temu

14:54:30.149 [org.springframework.kafka.KafkaListenerEndpointContainer#0-0-C-1] INFO  c.e.d.services.kafka.KafkaConsumer - 
ID: 1
Mary Smith
mary.smith@sakilacustomer.org
Wypożyczone filmy:
- African Egg - Wypozyczono 14 dni temu

14:54:30.150 [org.springframework.kafka.KafkaListenerEndpointContainer#0-0-C-1] INFO  c.e.d.services.kafka.KafkaConsumer - 
ID: 516
Elmer Noe
elmer.noe@sakilacustomer.org
Wypożyczone filmy:
- Falcon Volume - Wypozyczono 18 dni temu
- Minority Kiss - Wypozyczono 18 dni temu

14:54:30.157 [org.springframework.kafka.KafkaListenerEndpointContainer#0-0-C-1] INFO  c.e.d.services.kafka.KafkaConsumer - 
ID: 5
Elizabeth Brown
elizabeth.brown@sakilacustomer.org
Wypożyczone filmy:
- Gables Metropolis - Wypozyczono 18 dni temu

14:54:30.160 [org.springframework.kafka.KafkaListenerEndpointContainer#0-0-C-1] INFO  c.e.d.services.kafka.KafkaConsumer - 
ID: 263
Hilda Hopkins
hilda.hopkins@sakilacustomer.org
Wypożyczone filmy:
- Earth Vision - Wypozyczono 18 dni temu

14:54:30.163 [org.springframework.kafka.KafkaListenerEndpointContainer#0-0-C-1] INFO  c.e.d.services.kafka.KafkaConsumer - 
ID: 264
Gwendolyn May
gwendolyn.may@sakilacustomer.org
Wypożyczone filmy:
- Flying Hook - Wypozyczono 18 dni temu

14:54:30.165 [org.springframework.kafka.KafkaListenerEndpointContainer#0-0-C-1] INFO  c.e.d.services.kafka.KafkaConsumer - 
ID: 521
Roland South
roland.south@sakilacustomer.org
Wypożyczone filmy:
- Suit Walls - Wypozyczono 18 dni temu

14:54:30.166 [org.springframework.kafka.KafkaListenerEndpointContainer#0-0-C-1] INFO  c.e.d.services.kafka.KafkaConsumer - 
ID: 9
Margaret Moore
margaret.moore@sakilacustomer.org
Wypożyczone filmy:
- Deep Crusade - Wypozyczono 18 dni temu

14:54:30.168 [org.springframework.kafka.KafkaListenerEndpointContainer#0-0-C-1] INFO  c.e.d.services.kafka.KafkaConsumer - 
ID: 11
Lisa Anderson
lisa.anderson@sakilacustomer.org
Wypożyczone filmy:
- Bull Shawshank - Wypozyczono 18 dni temu

14:54:30.170 [org.springframework.kafka.KafkaListenerEndpointContainer#0-0-C-1] INFO  c.e.d.services.kafka.KafkaConsumer - 
ID: 267
Margie Wade
margie.wade@sakilacustomer.org
Wypożyczone filmy:
- Lust Lock - Wypozyczono 18 dni temu
- Philadelphia Wife - Wypozyczono 18 dni temu

14:54:30.172 [org.springframework.kafka.KafkaListenerEndpointContainer#0-0-C-1] INFO  c.e.d.services.kafka.KafkaConsumer - 
ID: 269
Cassandra Walters
cassandra.walters@sakilacustomer.org
Wypożyczone filmy:
- Princess Giant - Wypozyczono 18 dni temu
- Theory Mermaid - Wypozyczono 18 dni temu

14:54:30.173 [org.springframework.kafka.KafkaListenerEndpointContainer#0-0-C-1] INFO  c.e.d.services.kafka.KafkaConsumer - 
ID: 525
Adrian Clary
adrian.clary@sakilacustomer.org
Wypożyczone filmy:
- Shock Cabin - Wypozyczono 18 dni temu

14:54:30.175 [org.springframework.kafka.KafkaListenerEndpointContainer#0-0-C-1] INFO  c.e.d.services.kafka.KafkaConsumer - 
ID: 14
Betty White
betty.white@sakilacustomer.org
Wypożyczone filmy:
- Groundhog Uncut - Wypozyczono 18 dni temu

14:54:30.177 [org.springframework.kafka.KafkaListenerEndpointContainer#0-0-C-1] INFO  c.e.d.services.kafka.KafkaConsumer - 
ID: 15
Helen Harris
helen.harris@sakilacustomer.org
Wypożyczone filmy:
- Candidate Perdition - Wypozyczono 18 dni temu
- Smoking Barbarella - Wypozyczono 18 dni temu

14:54:30.178 [org.springframework.kafka.KafkaListenerEndpointContainer#0-0-C-1] INFO  c.e.d.services.kafka.KafkaConsumer - 
ID: 527
Cory Meehan
cory.meehan@sakilacustomer.org
Wypożyczone filmy:
- Jason Trap - Wypozyczono 18 dni temu

14:54:30.180 [org.springframework.kafka.KafkaListenerEndpointContainer#0-0-C-1] INFO  c.e.d.services.kafka.KafkaConsumer - 
ID: 274
Naomi Jennings
naomi.jennings@sakilacustomer.org
Wypożyczone filmy:
- Wild Apollo - Wypozyczono 18 dni temu

14:54:30.181 [org.springframework.kafka.KafkaListenerEndpointContainer#0-0-C-1] INFO  c.e.d.services.kafka.KafkaConsumer - 
ID: 530
Darryl Ashcraft
darryl.ashcraft@sakilacustomer.org
Wypożyczone filmy:
- Pure Runner - Wypozyczono 18 dni temu

14:54:30.184 [org.springframework.kafka.KafkaListenerEndpointContainer#0-0-C-1] INFO  c.e.d.services.kafka.KafkaConsumer - 
ID: 532
Neil Renner
neil.renner@sakilacustomer.org
Wypożyczone filmy:
- World Leathernecks - Wypozyczono 18 dni temu

14:54:30.186 [org.springframework.kafka.KafkaListenerEndpointContainer#0-0-C-1] INFO  c.e.d.services.kafka.KafkaConsumer - 
ID: 533
Jessie Milam
jessie.milam@sakilacustomer.org
Wypożyczone filmy:
- Insider Arizona - Wypozyczono 18 dni temu

14:54:30.188 [org.springframework.kafka.KafkaListenerEndpointContainer#0-0-C-1] INFO  c.e.d.services.kafka.KafkaConsumer - 
ID: 21
Michelle Clark
michelle.clark@sakilacustomer.org
Wypożyczone filmy:
- Dwarfs Alter - Wypozyczono 18 dni temu

14:54:30.189 [org.springframework.kafka.KafkaListenerEndpointContainer#0-0-C-1] INFO  c.e.d.services.kafka.KafkaConsumer - 
ID: 22
Laura Rodriguez
laura.rodriguez@sakilacustomer.org
Wypożyczone filmy:
- Suit Walls - Wypozyczono 18 dni temu

14:54:30.191 [org.springframework.kafka.KafkaListenerEndpointContainer#0-0-C-1] INFO  c.e.d.services.kafka.KafkaConsumer - 
ID: 534
Christian Jung
christian.jung@sakilacustomer.org
Wypożyczone filmy:
- Half Outfield - Wypozyczono 18 dni temu

14:54:30.193 [org.springframework.kafka.KafkaListenerEndpointContainer#0-0-C-1] INFO  c.e.d.services.kafka.KafkaConsumer - 
ID: 279
Dianne Shelton
dianne.shelton@sakilacustomer.org
Wypożyczone filmy:
- Cat Coneheads - Wypozyczono 18 dni temu

14:54:30.196 [org.springframework.kafka.KafkaListenerEndpointContainer#0-0-C-1] INFO  c.e.d.services.kafka.KafkaConsumer - 
ID: 23
Sarah Lewis
sarah.lewis@sakilacustomer.org
Wypożyczone filmy:
- Divine Resurrection - Wypozyczono 18 dni temu

14:54:30.205 [org.springframework.kafka.KafkaListenerEndpointContainer#0-0-C-1] INFO  c.e.d.services.kafka.KafkaConsumer - 
ID: 537
Clinton Buford
clinton.buford@sakilacustomer.org
Wypożyczone filmy:
- Scarface Bang - Wypozyczono 18 dni temu

14:54:30.210 [org.springframework.kafka.KafkaListenerEndpointContainer#0-0-C-1] INFO  c.e.d.services.kafka.KafkaConsumer - 
ID: 282
Jenny Castro
jenny.castro@sakilacustomer.org
Wypożyczone filmy:
- Volcano Texas - Wypozyczono 18 dni temu

14:54:30.213 [org.springframework.kafka.KafkaListenerEndpointContainer#0-0-C-1] INFO  c.e.d.services.kafka.KafkaConsumer - 
ID: 284
Sonia Gregory
sonia.gregory@sakilacustomer.org
Wypożyczone filmy:
- Berets Agent - Wypozyczono 18 dni temu
- Frida Slipper - Wypozyczono 18 dni temu

14:54:30.216 [org.springframework.kafka.KafkaListenerEndpointContainer#0-0-C-1] INFO  c.e.d.services.kafka.KafkaConsumer - 
ID: 28
Cynthia Young
cynthia.young@sakilacustomer.org
Wypożyczone filmy:
- Suspects Quills - Wypozyczono 18 dni temu

14:54:30.219 [org.springframework.kafka.KafkaListenerEndpointContainer#0-0-C-1] INFO  c.e.d.services.kafka.KafkaConsumer - 
ID: 29
Angela Hernandez
angela.hernandez@sakilacustomer.org
Wypożyczone filmy:
- Canyon Stock - Wypozyczono 18 dni temu

14:54:30.220 [org.springframework.kafka.KafkaListenerEndpointContainer#0-0-C-1] INFO  c.e.d.services.kafka.KafkaConsumer - 
ID: 287
Becky Miles
becky.miles@sakilacustomer.org
Wypożyczone filmy:
- Virginian Pluto - Wypozyczono 18 dni temu

14:54:30.222 [org.springframework.kafka.KafkaListenerEndpointContainer#0-0-C-1] INFO  c.e.d.services.kafka.KafkaConsumer - 
ID: 33
Anna Hill
anna.hill@sakilacustomer.org
Wypożyczone filmy:
- Boulevard Mob - Wypozyczono 18 dni temu

14:54:30.224 [org.springframework.kafka.KafkaListenerEndpointContainer#0-0-C-1] INFO  c.e.d.services.kafka.KafkaConsumer - 
ID: 548
Allan Cornish
allan.cornish@sakilacustomer.org
Wypożyczone filmy:
- Sundance Invasion - Wypozyczono 18 dni temu

14:54:30.236 [org.springframework.kafka.KafkaListenerEndpointContainer#0-0-C-1] INFO  c.e.d.services.kafka.KafkaConsumer - 
ID: 550
Guy Brownlee
guy.brownlee@sakilacustomer.org
Wypożyczone filmy:
- Enough Raging - Wypozyczono 18 dni temu

14:54:30.240 [org.springframework.kafka.KafkaListenerEndpointContainer#0-0-C-1] INFO  c.e.d.services.kafka.KafkaConsumer - 
ID: 295
Daisy Bates
daisy.bates@sakilacustomer.org
Wypożyczone filmy:
- Pride Alamo - Wypozyczono 18 dni temu

14:54:30.243 [org.springframework.kafka.KafkaListenerEndpointContainer#0-0-C-1] INFO  c.e.d.services.kafka.KafkaConsumer - 
ID: 296
Ramona Hale
ramona.hale@sakilacustomer.org
Wypożyczone filmy:
- Insider Arizona - Wypozyczono 18 dni temu

14:54:30.245 [org.springframework.kafka.KafkaListenerEndpointContainer#0-0-C-1] INFO  c.e.d.services.kafka.KafkaConsumer - 
ID: 41
Stephanie Mitchell
stephanie.mitchell@sakilacustomer.org
Wypożyczone filmy:
- Shock Cabin - Wypozyczono 18 dni temu

14:54:30.247 [org.springframework.kafka.KafkaListenerEndpointContainer#0-0-C-1] INFO  c.e.d.services.kafka.KafkaConsumer - 
ID: 42
Carolyn Perez
carolyn.perez@sakilacustomer.org
Wypożyczone filmy:
- Torque Bound - Wypozyczono 18 dni temu
- River Outlaw - Wypozyczono 18 dni temu

14:54:30.248 [org.springframework.kafka.KafkaListenerEndpointContainer#0-0-C-1] INFO  c.e.d.services.kafka.KafkaConsumer - 
ID: 554
Dwayne Olvera
dwayne.olvera@sakilacustomer.org
Wypożyczone filmy:
- Academy Dinosaur - Wypozyczono 11 dni temu

14:54:30.249 [org.springframework.kafka.KafkaListenerEndpointContainer#0-0-C-1] INFO  c.e.d.services.kafka.KafkaConsumer - 
ID: 43
Christine Roberts
christine.roberts@sakilacustomer.org
Wypożyczone filmy:
- Pollock Deliverance - Wypozyczono 18 dni temu
- Motions Details - Wypozyczono 18 dni temu

14:54:30.251 [org.springframework.kafka.KafkaListenerEndpointContainer#0-0-C-1] INFO  c.e.d.services.kafka.KafkaConsumer - 
ID: 44
Marie Turner
marie.turner@sakilacustomer.org
Wypożyczone filmy:
- American Circus - Wypozyczono 18 dni temu

14:54:30.254 [org.springframework.kafka.KafkaListenerEndpointContainer#0-0-C-1] INFO  c.e.d.services.kafka.KafkaConsumer - 
ID: 300
John Farnsworth
john.farnsworth@sakilacustomer.org
Wypożyczone filmy:
- Outlaw Hanky - Wypozyczono 18 dni temu

14:54:30.264 [org.springframework.kafka.KafkaListenerEndpointContainer#0-0-C-1] INFO  c.e.d.services.kafka.KafkaConsumer - 
ID: 557
Felix Gaffney
felix.gaffney@sakilacustomer.org
Wypożyczone filmy:
- Lady Stage - Wypozyczono 18 dni temu

14:54:30.269 [org.springframework.kafka.KafkaListenerEndpointContainer#0-0-C-1] INFO  c.e.d.services.kafka.KafkaConsumer - 
ID: 560
Jordan Archuleta
jordan.archuleta@sakilacustomer.org
Wypożyczone filmy:
- Pianist Outfield - Wypozyczono 18 dni temu
- Movie Shakespeare - Wypozyczono 18 dni temu

14:54:30.272 [org.springframework.kafka.KafkaListenerEndpointContainer#0-0-C-1] INFO  c.e.d.services.kafka.KafkaConsumer - 
ID: 561
Ian Still
ian.still@sakilacustomer.org
Wypożyczone filmy:
- Mockingbird Hollywood - Wypozyczono 18 dni temu

14:54:30.274 [org.springframework.kafka.KafkaListenerEndpointContainer#0-0-C-1] INFO  c.e.d.services.kafka.KafkaConsumer - 
ID: 52
Julie Sanchez
julie.sanchez@sakilacustomer.org
Wypożyczone filmy:
- Trading Pinocchio - Wypozyczono 18 dni temu

14:54:30.276 [org.springframework.kafka.KafkaListenerEndpointContainer#0-0-C-1] INFO  c.e.d.services.kafka.KafkaConsumer - 
ID: 53
Heather Morris
heather.morris@sakilacustomer.org
Wypożyczone filmy:
- Peach Innocent - Wypozyczono 18 dni temu
- Lawless Vision - Wypozyczono 18 dni temu

14:54:30.278 [org.springframework.kafka.KafkaListenerEndpointContainer#0-0-C-1] INFO  c.e.d.services.kafka.KafkaConsumer - 
ID: 568
Alberto Henning
alberto.henning@sakilacustomer.org
Wypożyczone filmy:
- Vanishing Rocky - Wypozyczono 18 dni temu

14:54:30.280 [org.springframework.kafka.KafkaListenerEndpointContainer#0-0-C-1] INFO  c.e.d.services.kafka.KafkaConsumer - 
ID: 56
Gloria Cook
gloria.cook@sakilacustomer.org
Wypożyczone filmy:
- Igby Maker - Wypozyczono 18 dni temu

14:54:30.281 [org.springframework.kafka.KafkaListenerEndpointContainer#0-0-C-1] INFO  c.e.d.services.kafka.KafkaConsumer - 
ID: 570
Ivan Cromwell
ivan.cromwell@sakilacustomer.org
Wypożyczone filmy:
- Creatures Shakespeare - Wypozyczono 18 dni temu

14:54:30.282 [org.springframework.kafka.KafkaListenerEndpointContainer#0-0-C-1] INFO  c.e.d.services.kafka.KafkaConsumer - 
ID: 58
Jean Bell
jean.bell@sakilacustomer.org
Wypożyczone filmy:
- Ridgemont Submarine - Wypozyczono 18 dni temu

14:54:30.283 [org.springframework.kafka.KafkaListenerEndpointContainer#0-0-C-1] INFO  c.e.d.services.kafka.KafkaConsumer - 
ID: 315
Kenneth Gooden
kenneth.gooden@sakilacustomer.org
Wypożyczone filmy:
- Operation Operation - Wypozyczono 18 dni temu

14:54:30.283 [org.springframework.kafka.KafkaListenerEndpointContainer#0-0-C-1] INFO  c.e.d.services.kafka.KafkaConsumer - 
ID: 60
Mildred Bailey
mildred.bailey@sakilacustomer.org
Wypożyczone filmy:
- Boogie Amelie - Wypozyczono 18 dni temu
- Chamber Italian - Wypozyczono 18 dni temu

14:54:30.286 [org.springframework.kafka.KafkaListenerEndpointContainer#0-0-C-1] INFO  c.e.d.services.kafka.KafkaConsumer - 
ID: 317
Edward Baugh
edward.baugh@sakilacustomer.org
Wypożyczone filmy:
- Armageddon Lost - Wypozyczono 18 dni temu

14:54:30.299 [org.springframework.kafka.KafkaListenerEndpointContainer#0-0-C-1] INFO  c.e.d.services.kafka.KafkaConsumer - 
ID: 576
Morris Mccarter
morris.mccarter@sakilacustomer.org
Wypożyczone filmy:
- Titanic Boondock - Wypozyczono 18 dni temu
- Vanished Garden - Wypozyczono 18 dni temu

14:54:30.302 [org.springframework.kafka.KafkaListenerEndpointContainer#0-0-C-1] INFO  c.e.d.services.kafka.KafkaConsumer - 
ID: 64
Judith Cox
judith.cox@sakilacustomer.org
Wypożyczone filmy:
- Doors President - Wypozyczono 18 dni temu

14:54:30.304 [org.springframework.kafka.KafkaListenerEndpointContainer#0-0-C-1] INFO  c.e.d.services.kafka.KafkaConsumer - 
ID: 579
Daryl Larue
daryl.larue@sakilacustomer.org
Wypożyczone filmy:
- Streak Ridgemont - Wypozyczono 18 dni temu

14:54:30.305 [org.springframework.kafka.KafkaListenerEndpointContainer#0-0-C-1] INFO  c.e.d.services.kafka.KafkaConsumer - 
ID: 324
Gary Coy
gary.coy@sakilacustomer.org
Wypożyczone filmy:
- Chitty Lock - Wypozyczono 18 dni temu

14:54:30.307 [org.springframework.kafka.KafkaListenerEndpointContainer#0-0-C-1] INFO  c.e.d.services.kafka.KafkaConsumer - 
ID: 69
Judy Gray
judy.gray@sakilacustomer.org
Wypożyczone filmy:
- Summer Scarface - Wypozyczono 18 dni temu

14:54:30.309 [org.springframework.kafka.KafkaListenerEndpointContainer#0-0-C-1] INFO  c.e.d.services.kafka.KafkaConsumer - 
ID: 582
Andy Vanhorn
andy.vanhorn@sakilacustomer.org
Wypożyczone filmy:
- Tuxedo Mile - Wypozyczono 18 dni temu

14:54:30.310 [org.springframework.kafka.KafkaListenerEndpointContainer#0-0-C-1] INFO  c.e.d.services.kafka.KafkaConsumer - 
ID: 327
Larry Thrasher
larry.thrasher@sakilacustomer.org
Wypożyczone filmy:
- Pulp Beverly - Wypozyczono 18 dni temu

14:54:30.311 [org.springframework.kafka.KafkaListenerEndpointContainer#0-0-C-1] INFO  c.e.d.services.kafka.KafkaConsumer - 
ID: 73
Beverly Brooks
beverly.brooks@sakilacustomer.org
Wypożyczone filmy:
- Shrek License - Wypozyczono 18 dni temu

14:54:30.312 [org.springframework.kafka.KafkaListenerEndpointContainer#0-0-C-1] INFO  c.e.d.services.kafka.KafkaConsumer - 
ID: 585
Perry Swafford
perry.swafford@sakilacustomer.org
Wypożyczone filmy:
- Devil Desire - Wypozyczono 18 dni temu

14:54:30.313 [org.springframework.kafka.KafkaListenerEndpointContainer#0-0-C-1] INFO  c.e.d.services.kafka.KafkaConsumer - 
ID: 330
Scott Shelley
scott.shelley@sakilacustomer.org
Wypożyczone filmy:
- Grail Frankenstein - Wypozyczono 18 dni temu

14:54:30.314 [org.springframework.kafka.KafkaListenerEndpointContainer#0-0-C-1] INFO  c.e.d.services.kafka.KafkaConsumer - 
ID: 587
Sergio Stanfield
sergio.stanfield@sakilacustomer.org
Wypożyczone filmy:
- Camelot Vacation - Wypozyczono 18 dni temu

14:54:30.316 [org.springframework.kafka.KafkaListenerEndpointContainer#0-0-C-1] INFO  c.e.d.services.kafka.KafkaConsumer - 
ID: 75
Tammy Sanders
tammy.sanders@sakilacustomer.org
Wypożyczone filmy:
- Lust Lock - Wypozyczono 18 dni temu
- Trouble Date - Wypozyczono 18 dni temu
- Sleepy Japanese - Wypozyczono 18 dni temu

14:54:30.320 [org.springframework.kafka.KafkaListenerEndpointContainer#0-0-C-1] INFO  c.e.d.services.kafka.KafkaConsumer - 
ID: 334
Raymond Mcwhorter
raymond.mcwhorter@sakilacustomer.org
Wypożyczone filmy:
- Smoochy Control - Wypozyczono 18 dni temu

14:54:30.329 [org.springframework.kafka.KafkaListenerEndpointContainer#0-0-C-1] INFO  c.e.d.services.kafka.KafkaConsumer - 
ID: 590
Seth Hannon
seth.hannon@sakilacustomer.org
Wypożyczone filmy:
- African Egg - Wypozyczono 18 dni temu

14:54:30.332 [org.springframework.kafka.KafkaListenerEndpointContainer#0-0-C-1] INFO  c.e.d.services.kafka.KafkaConsumer - 
ID: 335
Gregory Mauldin
gregory.mauldin@sakilacustomer.org
Wypożyczone filmy:
- Hunger Roof - Wypozyczono 18 dni temu

14:54:30.334 [org.springframework.kafka.KafkaListenerEndpointContainer#0-0-C-1] INFO  c.e.d.services.kafka.KafkaConsumer - 
ID: 80
Marilyn Ross
marilyn.ross@sakilacustomer.org
Wypożyczone filmy:
- Intentions Empire - Wypozyczono 18 dni temu

14:54:30.336 [org.springframework.kafka.KafkaListenerEndpointContainer#0-0-C-1] INFO  c.e.d.services.kafka.KafkaConsumer - 
ID: 336
Joshua Mark
joshua.mark@sakilacustomer.org
Wypożyczone filmy:
- Juggler Hardly - Wypozyczono 18 dni temu

14:54:30.338 [org.springframework.kafka.KafkaListenerEndpointContainer#0-0-C-1] INFO  c.e.d.services.kafka.KafkaConsumer - 
ID: 592
Terrance Roush
terrance.roush@sakilacustomer.org
Wypożyczone filmy:
- Kick Savannah - Wypozyczono 18 dni temu

14:54:30.340 [org.springframework.kafka.KafkaListenerEndpointContainer#0-0-C-1] INFO  c.e.d.services.kafka.KafkaConsumer - 
ID: 337
Jerry Jordon
jerry.jordon@sakilacustomer.org
Wypożyczone filmy:
- Gunfight Moon - Wypozyczono 18 dni temu

14:54:30.341 [org.springframework.kafka.KafkaListenerEndpointContainer#0-0-C-1] INFO  c.e.d.services.kafka.KafkaConsumer - 
ID: 83
Louise Jenkins
louise.jenkins@sakilacustomer.org
Wypożyczone filmy:
- Frisco Forrest - Wypozyczono 18 dni temu

14:54:30.343 [org.springframework.kafka.KafkaListenerEndpointContainer#0-0-C-1] INFO  c.e.d.services.kafka.KafkaConsumer - 
ID: 596
Enrique Forsythe
enrique.forsythe@sakilacustomer.org
Wypożyczone filmy:
- Gunfight Moon - Wypozyczono 18 dni temu

14:54:30.344 [org.springframework.kafka.KafkaListenerEndpointContainer#0-0-C-1] INFO  c.e.d.services.kafka.KafkaConsumer - 
ID: 597
Freddie Duggan
freddie.duggan@sakilacustomer.org
Wypożyczone filmy:
- Ghost Groundhog - Wypozyczono 18 dni temu

14:54:30.345 [org.springframework.kafka.KafkaListenerEndpointContainer#0-0-C-1] INFO  c.e.d.services.kafka.KafkaConsumer - 
ID: 87
Wanda Patterson
wanda.patterson@sakilacustomer.org
Wypożyczone filmy:
- Doors President - Wypozyczono 18 dni temu

14:54:30.346 [org.springframework.kafka.KafkaListenerEndpointContainer#0-0-C-1] INFO  c.e.d.services.kafka.KafkaConsumer - 
ID: 91
Lois Butler
lois.butler@sakilacustomer.org
Wypożyczone filmy:
- Bubble Grosse - Wypozyczono 18 dni temu

14:54:30.348 [org.springframework.kafka.KafkaListenerEndpointContainer#0-0-C-1] INFO  c.e.d.services.kafka.KafkaConsumer - 
ID: 349
Joe Gilliland
joe.gilliland@sakilacustomer.org
Wypożyczone filmy:
- Amistad Midsummer - Wypozyczono 18 dni temu

14:54:30.350 [org.springframework.kafka.KafkaListenerEndpointContainer#0-0-C-1] INFO  c.e.d.services.kafka.KafkaConsumer - 
ID: 94
Norma Gonzales
norma.gonzales@sakilacustomer.org
Wypożyczone filmy:
- Sleeping Suspects - Wypozyczono 18 dni temu

14:54:30.352 [org.springframework.kafka.KafkaListenerEndpointContainer#0-0-C-1] INFO  c.e.d.services.kafka.KafkaConsumer - 
ID: 352
Albert Crouse
albert.crouse@sakilacustomer.org
Wypożyczone filmy:
- Varsity Trip - Wypozyczono 18 dni temu

14:54:30.353 [org.springframework.kafka.KafkaListenerEndpointContainer#0-0-C-1] INFO  c.e.d.services.kafka.KafkaConsumer - 
ID: 354
Justin Ngo
justin.ngo@sakilacustomer.org
Wypożyczone filmy:
- Titanic Boondock - Wypozyczono 18 dni temu
- Trojan Tomorrow - Wypozyczono 18 dni temu

14:54:30.354 [org.springframework.kafka.KafkaListenerEndpointContainer#0-0-C-1] INFO  c.e.d.services.kafka.KafkaConsumer - 
ID: 99
Emily Diaz
emily.diaz@sakilacustomer.org
Wypożyczone filmy:
- Connection Microcosmos - Wypozyczono 18 dni temu

14:54:30.357 [org.springframework.kafka.KafkaListenerEndpointContainer#0-0-C-1] INFO  c.e.d.services.kafka.KafkaConsumer - 
ID: 355
Terry Grissom
terry.grissom@sakilacustomer.org
Wypożyczone filmy:
- Family Sweet - Wypozyczono 18 dni temu

14:54:30.358 [org.springframework.kafka.KafkaListenerEndpointContainer#0-0-C-1] INFO  c.e.d.services.kafka.KafkaConsumer - 
ID: 100
Robin Hayes
robin.hayes@sakilacustomer.org
Wypożyczone filmy:
- Bound Cheaper - Wypozyczono 18 dni temu

14:54:30.360 [org.springframework.kafka.KafkaListenerEndpointContainer#0-0-C-1] INFO  c.e.d.services.kafka.KafkaConsumer - 
ID: 101
Peggy Myers
peggy.myers@sakilacustomer.org
Wypożyczone filmy:
- Club Graffiti - Wypozyczono 18 dni temu

14:54:30.362 [org.springframework.kafka.KafkaListenerEndpointContainer#0-0-C-1] INFO  c.e.d.services.kafka.KafkaConsumer - 
ID: 359
Willie Markham
willie.markham@sakilacustomer.org
Wypożyczone filmy:
- Center Dinosaur - Wypozyczono 18 dni temu

14:54:30.364 [org.springframework.kafka.KafkaListenerEndpointContainer#0-0-C-1] INFO  c.e.d.services.kafka.KafkaConsumer - 
ID: 361
Lawrence Lawton
lawrence.lawton@sakilacustomer.org
Wypożyczone filmy:
- Insects Stone - Wypozyczono 18 dni temu
- Half Outfield - Wypozyczono 18 dni temu

14:54:30.365 [org.springframework.kafka.KafkaListenerEndpointContainer#0-0-C-1] INFO  c.e.d.services.kafka.KafkaConsumer - 
ID: 107
Florence Woods
florence.woods@sakilacustomer.org
Wypożyczone filmy:
- Club Graffiti - Wypozyczono 18 dni temu
- Blade Polish - Wypozyczono 18 dni temu

14:54:30.367 [org.springframework.kafka.KafkaListenerEndpointContainer#0-0-C-1] INFO  c.e.d.services.kafka.KafkaConsumer - 
ID: 108
Tracy Cole
tracy.cole@sakilacustomer.org
Wypożyczone filmy:
- Ali Forever - Wypozyczono 18 dni temu

14:54:30.369 [org.springframework.kafka.KafkaListenerEndpointContainer#0-0-C-1] INFO  c.e.d.services.kafka.KafkaConsumer - 
ID: 366
Brandon Huey
brandon.huey@sakilacustomer.org
Wypożyczone filmy:
- Ace Goldfinger - Wypozyczono 18 dni temu

14:54:30.370 [org.springframework.kafka.KafkaListenerEndpointContainer#0-0-C-1] INFO  c.e.d.services.kafka.KafkaConsumer - 
ID: 111
Carmen Owens
carmen.owens@sakilacustomer.org
Wypożyczone filmy:
- Affair Prejudice - Wypozyczono 18 dni temu

14:54:30.372 [org.springframework.kafka.KafkaListenerEndpointContainer#0-0-C-1] INFO  c.e.d.services.kafka.KafkaConsumer - 
ID: 369
Fred Wheat
fred.wheat@sakilacustomer.org
Wypożyczone filmy:
- Sweethearts Suspects - Wypozyczono 18 dni temu

14:54:30.373 [org.springframework.kafka.KafkaListenerEndpointContainer#0-0-C-1] INFO  c.e.d.services.kafka.KafkaConsumer - 
ID: 114
Grace Ellis
grace.ellis@sakilacustomer.org
Wypożyczone filmy:
- Dragonfly Strangers - Wypozyczono 18 dni temu

14:54:30.375 [org.springframework.kafka.KafkaListenerEndpointContainer#0-0-C-1] INFO  c.e.d.services.kafka.KafkaConsumer - 
ID: 115
Wendy Harrison
wendy.harrison@sakilacustomer.org
Wypożyczone filmy:
- Sons Interview - Wypozyczono 18 dni temu

14:54:30.376 [org.springframework.kafka.KafkaListenerEndpointContainer#0-0-C-1] INFO  c.e.d.services.kafka.KafkaConsumer - 
ID: 373
Louis Leone
louis.leone@sakilacustomer.org
Wypożyczone filmy:
- Zhivago Core - Wypozyczono 18 dni temu

14:54:30.378 [org.springframework.kafka.KafkaListenerEndpointContainer#0-0-C-1] INFO  c.e.d.services.kafka.KafkaConsumer - 
ID: 374
Jeremy Hurtado
jeremy.hurtado@sakilacustomer.org
Wypożyczone filmy:
- Window Side - Wypozyczono 18 dni temu

14:54:30.379 [org.springframework.kafka.KafkaListenerEndpointContainer#0-0-C-1] INFO  c.e.d.services.kafka.KafkaConsumer - 
ID: 120
Sylvia Ortiz
sylvia.ortiz@sakilacustomer.org
Wypożyczone filmy:
- Opposite Necklace - Wypozyczono 18 dni temu

14:54:30.381 [org.springframework.kafka.KafkaListenerEndpointContainer#0-0-C-1] INFO  c.e.d.services.kafka.KafkaConsumer - 
ID: 388
Craig Morrell
craig.morrell@sakilacustomer.org
Wypożyczone filmy:
- Mummy Creatures - Wypozyczono 18 dni temu

14:54:30.382 [org.springframework.kafka.KafkaListenerEndpointContainer#0-0-C-1] INFO  c.e.d.services.kafka.KafkaConsumer - 
ID: 135
Juanita Mason
juanita.mason@sakilacustomer.org
Wypożyczone filmy:
- None Spiking - Wypozyczono 18 dni temu

14:54:30.383 [org.springframework.kafka.KafkaListenerEndpointContainer#0-0-C-1] INFO  c.e.d.services.kafka.KafkaConsumer - 
ID: 394
Chris Brothers
chris.brothers@sakilacustomer.org
Wypożyczone filmy:
- Cincinatti Whisperer - Wypozyczono 18 dni temu

14:54:30.384 [org.springframework.kafka.KafkaListenerEndpointContainer#0-0-C-1] INFO  c.e.d.services.kafka.KafkaConsumer - 
ID: 142
April Burns
april.burns@sakilacustomer.org
Wypożyczone filmy:
- Outfield Massacre - Wypozyczono 18 dni temu

14:54:30.386 [org.springframework.kafka.KafkaListenerEndpointContainer#0-0-C-1] INFO  c.e.d.services.kafka.KafkaConsumer - 
ID: 405
Leonard Schofield
leonard.schofield@sakilacustomer.org
Wypożyczone filmy:
- Fight Jawbreaker - Wypozyczono 18 dni temu

14:54:30.387 [org.springframework.kafka.KafkaListenerEndpointContainer#0-0-C-1] INFO  c.e.d.services.kafka.KafkaConsumer - 
ID: 152
Alicia Mills
alicia.mills@sakilacustomer.org
Wypożyczone filmy:
- Sleepless Monsoon - Wypozyczono 18 dni temu

14:54:30.389 [org.springframework.kafka.KafkaListenerEndpointContainer#0-0-C-1] INFO  c.e.d.services.kafka.KafkaConsumer - 
ID: 410
Curtis Irby
curtis.irby@sakilacustomer.org
Wypożyczone filmy:
- Gorgeous Bingo - Wypozyczono 18 dni temu

14:54:30.390 [org.springframework.kafka.KafkaListenerEndpointContainer#0-0-C-1] INFO  c.e.d.services.kafka.KafkaConsumer - 
ID: 155
Gail Knight
gail.knight@sakilacustomer.org
Wypożyczone filmy:
- Hyde Doctor - Wypozyczono 18 dni temu
- Chasing Fight - Wypozyczono 18 dni temu

14:54:30.392 [org.springframework.kafka.KafkaListenerEndpointContainer#0-0-C-1] INFO  c.e.d.services.kafka.KafkaConsumer - 
ID: 411
Norman Currier
norman.currier@sakilacustomer.org
Wypożyczone filmy:
- Harry Idaho - Wypozyczono 18 dni temu

14:54:30.394 [org.springframework.kafka.KafkaListenerEndpointContainer#0-0-C-1] INFO  c.e.d.services.kafka.KafkaConsumer - 
ID: 412
Allen Butterfield
allen.butterfield@sakilacustomer.org
Wypożyczone filmy:
- Mulan Moon - Wypozyczono 18 dni temu

14:54:30.396 [org.springframework.kafka.KafkaListenerEndpointContainer#0-0-C-1] INFO  c.e.d.services.kafka.KafkaConsumer - 
ID: 417
Travis Estep
travis.estep@sakilacustomer.org
Wypożyczone filmy:
- Seabiscuit Punk - Wypozyczono 18 dni temu

14:54:30.406 [org.springframework.kafka.KafkaListenerEndpointContainer#0-0-C-1] INFO  c.e.d.services.kafka.KafkaConsumer - 
ID: 162
Lauren Hudson
lauren.hudson@sakilacustomer.org
Wypożyczone filmy:
- Midnight Westward - Wypozyczono 18 dni temu

14:54:30.411 [org.springframework.kafka.KafkaListenerEndpointContainer#0-0-C-1] INFO  c.e.d.services.kafka.KafkaConsumer - 
ID: 163
Cathy Spencer
cathy.spencer@sakilacustomer.org
Wypożyczone filmy:
- Sons Interview - Wypozyczono 18 dni temu
- Holes Brannigan - Wypozyczono 18 dni temu

14:54:30.414 [org.springframework.kafka.KafkaListenerEndpointContainer#0-0-C-1] INFO  c.e.d.services.kafka.KafkaConsumer - 
ID: 421
Lee Hawks
lee.hawks@sakilacustomer.org
Wypożyczone filmy:
- Detective Vision - Wypozyczono 18 dni temu

14:54:30.416 [org.springframework.kafka.KafkaListenerEndpointContainer#0-0-C-1] INFO  c.e.d.services.kafka.KafkaConsumer - 
ID: 422
Melvin Ellington
melvin.ellington@sakilacustomer.org
Wypożyczone filmy:
- Basic Easy - Wypozyczono 18 dni temu

14:54:30.417 [org.springframework.kafka.KafkaListenerEndpointContainer#0-0-C-1] INFO  c.e.d.services.kafka.KafkaConsumer - 
ID: 424
Kyle Spurlock
kyle.spurlock@sakilacustomer.org
Wypożyczone filmy:
- Dances None - Wypozyczono 18 dni temu

14:54:30.420 [org.springframework.kafka.KafkaListenerEndpointContainer#0-0-C-1] INFO  c.e.d.services.kafka.KafkaConsumer - 
ID: 168
Regina Berry
regina.berry@sakilacustomer.org
Wypożyczone filmy:
- Wedding Apollo - Wypozyczono 18 dni temu

14:54:30.420 [org.springframework.kafka.KafkaListenerEndpointContainer#0-0-C-1] INFO  c.e.d.services.kafka.KafkaConsumer - 
ID: 175
Annette Olson
annette.olson@sakilacustomer.org
Wypożyczone filmy:
- Deer Virginian - Wypozyczono 18 dni temu
- Pirates Roxanne - Wypozyczono 18 dni temu

14:54:30.422 [org.springframework.kafka.KafkaListenerEndpointContainer#0-0-C-1] INFO  c.e.d.services.kafka.KafkaConsumer - 
ID: 431
Joel Francisco
joel.francisco@sakilacustomer.org
Wypożyczone filmy:
- Lovely Jingle - Wypozyczono 18 dni temu

14:54:30.425 [org.springframework.kafka.KafkaListenerEndpointContainer#0-0-C-1] INFO  c.e.d.services.kafka.KafkaConsumer - 
ID: 178
Marion Snyder
marion.snyder@sakilacustomer.org
Wypożyczone filmy:
- Forrester Comancheros - Wypozyczono 18 dni temu

14:54:30.426 [org.springframework.kafka.KafkaListenerEndpointContainer#0-0-C-1] INFO  c.e.d.services.kafka.KafkaConsumer - 
ID: 180
Stacy Cunningham
stacy.cunningham@sakilacustomer.org
Wypożyczone filmy:
- Name Detective - Wypozyczono 18 dni temu

14:54:30.435 [org.springframework.kafka.KafkaListenerEndpointContainer#0-0-C-1] INFO  c.e.d.services.kafka.KafkaConsumer - 
ID: 181
Ana Bradley
ana.bradley@sakilacustomer.org
Wypożyczone filmy:
- Happiness United - Wypozyczono 18 dni temu

14:54:30.442 [org.springframework.kafka.KafkaListenerEndpointContainer#0-0-C-1] INFO  c.e.d.services.kafka.KafkaConsumer - 
ID: 438
Barry Lovelace
barry.lovelace@sakilacustomer.org
Wypożyczone filmy:
- Creatures Shakespeare - Wypozyczono 18 dni temu

14:54:30.444 [org.springframework.kafka.KafkaListenerEndpointContainer#0-0-C-1] INFO  c.e.d.services.kafka.KafkaConsumer - 
ID: 440
Bernard Colby
bernard.colby@sakilacustomer.org
Wypożyczone filmy:
- Queen Luke - Wypozyczono 18 dni temu

14:54:30.446 [org.springframework.kafka.KafkaListenerEndpointContainer#0-0-C-1] INFO  c.e.d.services.kafka.KafkaConsumer - 
ID: 441
Mario Cheatham
mario.cheatham@sakilacustomer.org
Wypożyczone filmy:
- Eagles Panky - Wypozyczono 18 dni temu

14:54:30.447 [org.springframework.kafka.KafkaListenerEndpointContainer#0-0-C-1] INFO  c.e.d.services.kafka.KafkaConsumer - 
ID: 186
Holly Fox
holly.fox@sakilacustomer.org
Wypożyczone filmy:
- South Wait - Wypozyczono 18 dni temu

14:54:30.449 [org.springframework.kafka.KafkaListenerEndpointContainer#0-0-C-1] INFO  c.e.d.services.kafka.KafkaConsumer - 
ID: 188
Melanie Armstrong
melanie.armstrong@sakilacustomer.org
Wypożyczone filmy:
- Intentions Empire - Wypozyczono 18 dni temu

14:54:30.450 [org.springframework.kafka.KafkaListenerEndpointContainer#0-0-C-1] INFO  c.e.d.services.kafka.KafkaConsumer - 
ID: 190
Yolanda Weaver
yolanda.weaver@sakilacustomer.org
Wypożyczone filmy:
- Day Unfaithful - Wypozyczono 18 dni temu

14:54:30.452 [org.springframework.kafka.KafkaListenerEndpointContainer#0-0-C-1] INFO  c.e.d.services.kafka.KafkaConsumer - 
ID: 191
Jeanette Greene
jeanette.greene@sakilacustomer.org
Wypożyczone filmy:
- Effect Gladiator - Wypozyczono 18 dni temu

14:54:30.453 [org.springframework.kafka.KafkaListenerEndpointContainer#0-0-C-1] INFO  c.e.d.services.kafka.KafkaConsumer - 
ID: 192
Laurie Lawrence
laurie.lawrence@sakilacustomer.org
Wypożyczone filmy:
- Haunted Antitrust - Wypozyczono 18 dni temu

14:54:30.454 [org.springframework.kafka.KafkaListenerEndpointContainer#0-0-C-1] INFO  c.e.d.services.kafka.KafkaConsumer - 
ID: 448
Miguel Betancourt
miguel.betancourt@sakilacustomer.org
Wypożyczone filmy:
- State Wasteland - Wypozyczono 18 dni temu
- Family Sweet - Wypozyczono 18 dni temu

14:54:30.456 [org.springframework.kafka.KafkaListenerEndpointContainer#0-0-C-1] INFO  c.e.d.services.kafka.KafkaConsumer - 
ID: 193
Katie Elliott
katie.elliott@sakilacustomer.org
Wypożyczone filmy:
- Monster Spartacus - Wypozyczono 18 dni temu

14:54:30.462 [org.springframework.kafka.KafkaListenerEndpointContainer#0-0-C-1] INFO  c.e.d.services.kafka.KafkaConsumer - 
ID: 450
Jay Robb
jay.robb@sakilacustomer.org
Wypożyczone filmy:
- Intrigue Worst - Wypozyczono 18 dni temu

14:54:30.471 [org.springframework.kafka.KafkaListenerEndpointContainer#0-0-C-1] INFO  c.e.d.services.kafka.KafkaConsumer - 
ID: 452
Tom Milner
tom.milner@sakilacustomer.org
Wypożyczone filmy:
- Hunchback Impossible - Wypozyczono 18 dni temu

14:54:30.473 [org.springframework.kafka.KafkaListenerEndpointContainer#0-0-C-1] INFO  c.e.d.services.kafka.KafkaConsumer - 
ID: 199
Beth Franklin
beth.franklin@sakilacustomer.org
Wypożyczone filmy:
- Baked Cleopatra - Wypozyczono 18 dni temu

14:54:30.476 [org.springframework.kafka.KafkaListenerEndpointContainer#0-0-C-1] INFO  c.e.d.services.kafka.KafkaConsumer - 
ID: 200
Jeanne Lawson
jeanne.lawson@sakilacustomer.org
Wypożyczone filmy:
- Mulholland Beast - Wypozyczono 18 dni temu

14:54:30.477 [org.springframework.kafka.KafkaListenerEndpointContainer#0-0-C-1] INFO  c.e.d.services.kafka.KafkaConsumer - 
ID: 457
Bill Gavin
bill.gavin@sakilacustomer.org
Wypożyczone filmy:
- Gleaming Jawbreaker - Wypozyczono 18 dni temu
- Cleopatra Devil - Wypozyczono 18 dni temu

14:54:30.480 [org.springframework.kafka.KafkaListenerEndpointContainer#0-0-C-1] INFO  c.e.d.services.kafka.KafkaConsumer - 
ID: 208
Lucy Wheeler
lucy.wheeler@sakilacustomer.org
Wypożyczone filmy:
- Seattle Expecations - Wypozyczono 18 dni temu
- Curtain Videotape - Wypozyczono 18 dni temu

14:54:30.481 [org.springframework.kafka.KafkaListenerEndpointContainer#0-0-C-1] INFO  c.e.d.services.kafka.KafkaConsumer - 
ID: 211
Stacey Montgomery
stacey.montgomery@sakilacustomer.org
Wypożyczone filmy:
- Details Packer - Wypozyczono 18 dni temu

14:54:30.483 [org.springframework.kafka.KafkaListenerEndpointContainer#0-0-C-1] INFO  c.e.d.services.kafka.KafkaConsumer - 
ID: 213
Gina Williamson
gina.williamson@sakilacustomer.org
Wypożyczone filmy:
- Bang Kwai - Wypozyczono 18 dni temu

14:54:30.483 [org.springframework.kafka.KafkaListenerEndpointContainer#0-0-C-1] INFO  c.e.d.services.kafka.KafkaConsumer - 
ID: 214
Kristin Johnston
kristin.johnston@sakilacustomer.org
Wypożyczone filmy:
- Star Operation - Wypozyczono 18 dni temu

14:54:30.485 [org.springframework.kafka.KafkaListenerEndpointContainer#0-0-C-1] INFO  c.e.d.services.kafka.KafkaConsumer - 
ID: 215
Jessie Banks
jessie.banks@sakilacustomer.org
Wypożyczone filmy:
- Dances None - Wypozyczono 18 dni temu

14:54:30.486 [org.springframework.kafka.KafkaListenerEndpointContainer#0-0-C-1] INFO  c.e.d.services.kafka.KafkaConsumer - 
ID: 216
Natalie Meyer
natalie.meyer@sakilacustomer.org
Wypożyczone filmy:
- Women Dorado - Wypozyczono 18 dni temu
- Sweden Shining - Wypozyczono 18 dni temu

14:54:30.493 [org.springframework.kafka.KafkaListenerEndpointContainer#0-0-C-1] INFO  c.e.d.services.kafka.KafkaConsumer - 
ID: 472
Greg Robins
greg.robins@sakilacustomer.org
Wypożyczone filmy:
- Wanda Chamber - Wypozyczono 18 dni temu

14:54:30.501 [org.springframework.kafka.KafkaListenerEndpointContainer#0-0-C-1] INFO  c.e.d.services.kafka.KafkaConsumer - 
ID: 474
Dustin Gillette
dustin.gillette@sakilacustomer.org
Wypożyczone filmy:
- Crooked Frogmen - Wypozyczono 18 dni temu

14:54:30.502 [org.springframework.kafka.KafkaListenerEndpointContainer#0-0-C-1] INFO  c.e.d.services.kafka.KafkaConsumer - 
ID: 219
Willie Howell
willie.howell@sakilacustomer.org
Wypożyczone filmy:
- Titans Jerk - Wypozyczono 18 dni temu

14:54:30.504 [org.springframework.kafka.KafkaListenerEndpointContainer#0-0-C-1] INFO  c.e.d.services.kafka.KafkaConsumer - 
ID: 476
Derrick Bourque
derrick.bourque@sakilacustomer.org
Wypożyczone filmy:
- Mosquito Armageddon - Wypozyczono 18 dni temu

14:54:30.507 [org.springframework.kafka.KafkaListenerEndpointContainer#0-0-C-1] INFO  c.e.d.services.kafka.KafkaConsumer - 
ID: 479
Zachary Hite
zachary.hite@sakilacustomer.org
Wypożyczone filmy:
- Frost Head - Wypozyczono 18 dni temu

14:54:30.508 [org.springframework.kafka.KafkaListenerEndpointContainer#0-0-C-1] INFO  c.e.d.services.kafka.KafkaConsumer - 
ID: 227
Colleen Burton
colleen.burton@sakilacustomer.org
Wypożyczone filmy:
- Moonwalker Fool - Wypozyczono 18 dni temu

14:54:30.510 [org.springframework.kafka.KafkaListenerEndpointContainer#0-0-C-1] INFO  c.e.d.services.kafka.KafkaConsumer - 
ID: 228
Allison Stanley
allison.stanley@sakilacustomer.org
Wypożyczone filmy:
- Grapes Fury - Wypozyczono 18 dni temu
- Cyclone Family - Wypozyczono 18 dni temu

14:54:30.511 [org.springframework.kafka.KafkaListenerEndpointContainer#0-0-C-1] INFO  c.e.d.services.kafka.KafkaConsumer - 
ID: 229
Tamara Nguyen
tamara.nguyen@sakilacustomer.org
Wypożyczone filmy:
- Loathing Legally - Wypozyczono 18 dni temu

14:54:30.513 [org.springframework.kafka.KafkaListenerEndpointContainer#0-0-C-1] INFO  c.e.d.services.kafka.KafkaConsumer - 
ID: 234
Claudia Fuller
claudia.fuller@sakilacustomer.org
Wypożyczone filmy:
- Encino Elf - Wypozyczono 18 dni temu

14:54:30.514 [org.springframework.kafka.KafkaListenerEndpointContainer#0-0-C-1] INFO  c.e.d.services.kafka.KafkaConsumer - 
ID: 236
Marcia Dean
marcia.dean@sakilacustomer.org
Wypożyczone filmy:
- Alone Trip - Wypozyczono 18 dni temu

14:54:30.515 [org.springframework.kafka.KafkaListenerEndpointContainer#0-0-C-1] INFO  c.e.d.services.kafka.KafkaConsumer - 
ID: 493
Brent Harkins
brent.harkins@sakilacustomer.org
Wypożyczone filmy:
- Lord Arizona - Wypozyczono 18 dni temu

14:54:30.517 [org.springframework.kafka.KafkaListenerEndpointContainer#0-0-C-1] INFO  c.e.d.services.kafka.KafkaConsumer - 
ID: 495
Charlie Bess
charlie.bess@sakilacustomer.org
Wypożyczone filmy:
- Song Hedwig - Wypozyczono 18 dni temu

14:54:30.529 [org.springframework.kafka.KafkaListenerEndpointContainer#0-0-C-1] INFO  c.e.d.services.kafka.KafkaConsumer - 
ID: 496
Tyler Wren
tyler.wren@sakilacustomer.org
Wypożyczone filmy:
- Blanket Beverly - Wypozyczono 18 dni temu

14:54:30.532 [org.springframework.kafka.KafkaListenerEndpointContainer#0-0-C-1] INFO  c.e.d.services.kafka.KafkaConsumer - 
ID: 497
Gilbert Sledge
gilbert.sledge@sakilacustomer.org
Wypożyczone filmy:
- Silverado Goldfinger - Wypozyczono 18 dni temu

14:54:30.535 [org.springframework.kafka.KafkaListenerEndpointContainer#0-0-C-1] INFO  c.e.d.services.kafka.KafkaConsumer - 
ID: 244
Viola Hanson
viola.hanson@sakilacustomer.org
Wypożyczone filmy:
- Shawshank Bubble - Wypozyczono 18 dni temu

14:54:30.537 [org.springframework.kafka.KafkaListenerEndpointContainer#0-0-C-1] INFO  c.e.d.services.kafka.KafkaConsumer - 
ID: 245
Courtney Day
courtney.day@sakilacustomer.org
Wypożyczone filmy:
- Driver Annie - Wypozyczono 18 dni temu

14:54:30.539 [org.springframework.kafka.KafkaListenerEndpointContainer#0-0-C-1] INFO  c.e.d.services.kafka.KafkaConsumer - 
ID: 505
Rafael Abney
rafael.abney@sakilacustomer.org
Wypożyczone filmy:
- Conversation Downhill - Wypozyczono 18 dni temu

14:54:30.540 [org.springframework.kafka.KafkaListenerEndpointContainer#0-0-C-1] INFO  c.e.d.services.kafka.KafkaConsumer - 
ID: 251
Vickie Brewer
vickie.brewer@sakilacustomer.org
Wypożyczone filmy:
- Swarm Gold - Wypozyczono 18 dni temu

14:54:30.542 [org.springframework.kafka.KafkaListenerEndpointContainer#0-0-C-1] INFO  c.e.d.services.kafka.KafkaConsumer - 
ID: 252
Mattie Hoffman
mattie.hoffman@sakilacustomer.org
Wypożyczone filmy:
- Drifter Commandments - Wypozyczono 18 dni temu

14:54:30.543 [org.springframework.kafka.KafkaListenerEndpointContainer#0-0-C-1] INFO  c.e.d.services.kafka.KafkaConsumer - 
ID: 508
Milton Howland
milton.howland@sakilacustomer.org
Wypożyczone filmy:
- Disciple Mother - Wypozyczono 18 dni temu

