13:44:00.173 [scheduling-1] INFO  c.e.d.schedulded.ScheduldedTasks - 
ID: 512
Cecil Vines
cecil.vines@sakilacustomer.org
Wypożyczone filmy:
- Amadeus Holy - Wypozyczono 17 dni temu

13:44:00.197 [scheduling-1] INFO  c.e.d.schedulded.ScheduldedTasks - 
ID: 1
Mary Smith
mary.smith@sakilacustomer.org
Wypożyczone filmy:
- African Egg - Wypozyczono 13 dni temu

13:44:00.197 [scheduling-1] INFO  c.e.d.schedulded.ScheduldedTasks - 
ID: 516
Elmer Noe
elmer.noe@sakilacustomer.org
Wypożyczone filmy:
- Falcon Volume - Wypozyczono 17 dni temu
- Minority Kiss - Wypozyczono 17 dni temu

13:44:00.197 [scheduling-1] INFO  c.e.d.schedulded.ScheduldedTasks - 
ID: 5
Elizabeth Brown
elizabeth.brown@sakilacustomer.org
Wypożyczone filmy:
- Gables Metropolis - Wypozyczono 17 dni temu

13:44:00.210 [scheduling-1] INFO  c.e.d.schedulded.ScheduldedTasks - 
ID: 263
Hilda Hopkins
hilda.hopkins@sakilacustomer.org
Wypożyczone filmy:
- Earth Vision - Wypozyczono 17 dni temu

13:44:00.210 [scheduling-1] INFO  c.e.d.schedulded.ScheduldedTasks - 
ID: 264
Gwendolyn May
gwendolyn.may@sakilacustomer.org
Wypożyczone filmy:
- Flying Hook - Wypozyczono 17 dni temu

13:44:00.213 [scheduling-1] INFO  c.e.d.schedulded.ScheduldedTasks - 
ID: 521
Roland South
roland.south@sakilacustomer.org
Wypożyczone filmy:
- Suit Walls - Wypozyczono 17 dni temu

13:44:00.213 [scheduling-1] INFO  c.e.d.schedulded.ScheduldedTasks - 
ID: 9
Margaret Moore
margaret.moore@sakilacustomer.org
Wypożyczone filmy:
- Deep Crusade - Wypozyczono 17 dni temu

13:44:00.213 [scheduling-1] INFO  c.e.d.schedulded.ScheduldedTasks - 
ID: 11
Lisa Anderson
lisa.anderson@sakilacustomer.org
Wypożyczone filmy:
- Bull Shawshank - Wypozyczono 17 dni temu

13:44:00.213 [scheduling-1] INFO  c.e.d.schedulded.ScheduldedTasks - 
ID: 267
Margie Wade
margie.wade@sakilacustomer.org
Wypożyczone filmy:
- Lust Lock - Wypozyczono 17 dni temu
- Philadelphia Wife - Wypozyczono 17 dni temu

13:44:00.213 [scheduling-1] INFO  c.e.d.schedulded.ScheduldedTasks - 
ID: 269
Cassandra Walters
cassandra.walters@sakilacustomer.org
Wypożyczone filmy:
- Princess Giant - Wypozyczono 17 dni temu
- Theory Mermaid - Wypozyczono 17 dni temu

13:44:00.217 [scheduling-1] INFO  c.e.d.schedulded.ScheduldedTasks - 
ID: 525
Adrian Clary
adrian.clary@sakilacustomer.org
Wypożyczone filmy:
- Shock Cabin - Wypozyczono 17 dni temu

13:44:00.217 [scheduling-1] INFO  c.e.d.schedulded.ScheduldedTasks - 
ID: 14
Betty White
betty.white@sakilacustomer.org
Wypożyczone filmy:
- Groundhog Uncut - Wypozyczono 17 dni temu

13:44:00.217 [scheduling-1] INFO  c.e.d.schedulded.ScheduldedTasks - 
ID: 15
Helen Harris
helen.harris@sakilacustomer.org
Wypożyczone filmy:
- Candidate Perdition - Wypozyczono 17 dni temu
- Smoking Barbarella - Wypozyczono 17 dni temu

13:44:00.217 [scheduling-1] INFO  c.e.d.schedulded.ScheduldedTasks - 
ID: 527
Cory Meehan
cory.meehan@sakilacustomer.org
Wypożyczone filmy:
- Jason Trap - Wypozyczono 17 dni temu

13:44:00.221 [scheduling-1] INFO  c.e.d.schedulded.ScheduldedTasks - 
ID: 274
Naomi Jennings
naomi.jennings@sakilacustomer.org
Wypożyczone filmy:
- Wild Apollo - Wypozyczono 17 dni temu

13:44:00.221 [scheduling-1] INFO  c.e.d.schedulded.ScheduldedTasks - 
ID: 530
Darryl Ashcraft
darryl.ashcraft@sakilacustomer.org
Wypożyczone filmy:
- Pure Runner - Wypozyczono 17 dni temu

13:44:00.221 [scheduling-1] INFO  c.e.d.schedulded.ScheduldedTasks - 
ID: 532
Neil Renner
neil.renner@sakilacustomer.org
Wypożyczone filmy:
- World Leathernecks - Wypozyczono 17 dni temu

13:44:00.221 [scheduling-1] INFO  c.e.d.schedulded.ScheduldedTasks - 
ID: 533
Jessie Milam
jessie.milam@sakilacustomer.org
Wypożyczone filmy:
- Insider Arizona - Wypozyczono 17 dni temu

13:44:00.231 [scheduling-1] INFO  c.e.d.schedulded.ScheduldedTasks - 
ID: 21
Michelle Clark
michelle.clark@sakilacustomer.org
Wypożyczone filmy:
- Dwarfs Alter - Wypozyczono 17 dni temu

13:44:00.238 [scheduling-1] INFO  c.e.d.schedulded.ScheduldedTasks - 
ID: 22
Laura Rodriguez
laura.rodriguez@sakilacustomer.org
Wypożyczone filmy:
- Suit Walls - Wypozyczono 17 dni temu

13:44:00.241 [scheduling-1] INFO  c.e.d.schedulded.ScheduldedTasks - 
ID: 534
Christian Jung
christian.jung@sakilacustomer.org
Wypożyczone filmy:
- Half Outfield - Wypozyczono 17 dni temu

13:44:00.243 [scheduling-1] INFO  c.e.d.schedulded.ScheduldedTasks - 
ID: 279
Dianne Shelton
dianne.shelton@sakilacustomer.org
Wypożyczone filmy:
- Cat Coneheads - Wypozyczono 17 dni temu

13:44:00.243 [scheduling-1] INFO  c.e.d.schedulded.ScheduldedTasks - 
ID: 23
Sarah Lewis
sarah.lewis@sakilacustomer.org
Wypożyczone filmy:
- Divine Resurrection - Wypozyczono 17 dni temu

13:44:00.246 [scheduling-1] INFO  c.e.d.schedulded.ScheduldedTasks - 
ID: 537
Clinton Buford
clinton.buford@sakilacustomer.org
Wypożyczone filmy:
- Scarface Bang - Wypozyczono 17 dni temu

13:44:00.247 [scheduling-1] INFO  c.e.d.schedulded.ScheduldedTasks - 
ID: 282
Jenny Castro
jenny.castro@sakilacustomer.org
Wypożyczone filmy:
- Volcano Texas - Wypozyczono 17 dni temu

13:44:00.247 [scheduling-1] INFO  c.e.d.schedulded.ScheduldedTasks - 
ID: 284
Sonia Gregory
sonia.gregory@sakilacustomer.org
Wypożyczone filmy:
- Berets Agent - Wypozyczono 17 dni temu
- Frida Slipper - Wypozyczono 17 dni temu

13:44:00.247 [scheduling-1] INFO  c.e.d.schedulded.ScheduldedTasks - 
ID: 28
Cynthia Young
cynthia.young@sakilacustomer.org
Wypożyczone filmy:
- Suspects Quills - Wypozyczono 17 dni temu

13:44:00.247 [scheduling-1] INFO  c.e.d.schedulded.ScheduldedTasks - 
ID: 29
Angela Hernandez
angela.hernandez@sakilacustomer.org
Wypożyczone filmy:
- Canyon Stock - Wypozyczono 17 dni temu

13:44:00.252 [scheduling-1] INFO  c.e.d.schedulded.ScheduldedTasks - 
ID: 287
Becky Miles
becky.miles@sakilacustomer.org
Wypożyczone filmy:
- Virginian Pluto - Wypozyczono 17 dni temu

13:44:00.252 [scheduling-1] INFO  c.e.d.schedulded.ScheduldedTasks - 
ID: 33
Anna Hill
anna.hill@sakilacustomer.org
Wypożyczone filmy:
- Boulevard Mob - Wypozyczono 17 dni temu

13:44:00.252 [scheduling-1] INFO  c.e.d.schedulded.ScheduldedTasks - 
ID: 548
Allan Cornish
allan.cornish@sakilacustomer.org
Wypożyczone filmy:
- Sundance Invasion - Wypozyczono 17 dni temu

13:44:00.255 [scheduling-1] INFO  c.e.d.schedulded.ScheduldedTasks - 
ID: 550
Guy Brownlee
guy.brownlee@sakilacustomer.org
Wypożyczone filmy:
- Enough Raging - Wypozyczono 17 dni temu

13:44:00.262 [scheduling-1] INFO  c.e.d.schedulded.ScheduldedTasks - 
ID: 295
Daisy Bates
daisy.bates@sakilacustomer.org
Wypożyczone filmy:
- Pride Alamo - Wypozyczono 17 dni temu

13:44:00.267 [scheduling-1] INFO  c.e.d.schedulded.ScheduldedTasks - 
ID: 296
Ramona Hale
ramona.hale@sakilacustomer.org
Wypożyczone filmy:
- Insider Arizona - Wypozyczono 17 dni temu

13:44:00.271 [scheduling-1] INFO  c.e.d.schedulded.ScheduldedTasks - 
ID: 41
Stephanie Mitchell
stephanie.mitchell@sakilacustomer.org
Wypożyczone filmy:
- Shock Cabin - Wypozyczono 17 dni temu

13:44:00.271 [scheduling-1] INFO  c.e.d.schedulded.ScheduldedTasks - 
ID: 42
Carolyn Perez
carolyn.perez@sakilacustomer.org
Wypożyczone filmy:
- Torque Bound - Wypozyczono 17 dni temu
- River Outlaw - Wypozyczono 17 dni temu

13:44:00.276 [scheduling-1] INFO  c.e.d.schedulded.ScheduldedTasks - 
ID: 554
Dwayne Olvera
dwayne.olvera@sakilacustomer.org
Wypożyczone filmy:
- Academy Dinosaur - Wypozyczono 10 dni temu

13:44:00.277 [scheduling-1] INFO  c.e.d.schedulded.ScheduldedTasks - 
ID: 43
Christine Roberts
christine.roberts@sakilacustomer.org
Wypożyczone filmy:
- Pollock Deliverance - Wypozyczono 17 dni temu
- Motions Details - Wypozyczono 17 dni temu

13:44:00.277 [scheduling-1] INFO  c.e.d.schedulded.ScheduldedTasks - 
ID: 44
Marie Turner
marie.turner@sakilacustomer.org
Wypożyczone filmy:
- American Circus - Wypozyczono 17 dni temu

13:44:00.281 [scheduling-1] INFO  c.e.d.schedulded.ScheduldedTasks - 
ID: 300
John Farnsworth
john.farnsworth@sakilacustomer.org
Wypożyczone filmy:
- Outlaw Hanky - Wypozyczono 17 dni temu

13:44:00.282 [scheduling-1] INFO  c.e.d.schedulded.ScheduldedTasks - 
ID: 557
Felix Gaffney
felix.gaffney@sakilacustomer.org
Wypożyczone filmy:
- Lady Stage - Wypozyczono 17 dni temu

13:44:00.282 [scheduling-1] INFO  c.e.d.schedulded.ScheduldedTasks - 
ID: 560
Jordan Archuleta
jordan.archuleta@sakilacustomer.org
Wypożyczone filmy:
- Pianist Outfield - Wypozyczono 17 dni temu
- Movie Shakespeare - Wypozyczono 17 dni temu

13:44:00.282 [scheduling-1] INFO  c.e.d.schedulded.ScheduldedTasks - 
ID: 561
Ian Still
ian.still@sakilacustomer.org
Wypożyczone filmy:
- Mockingbird Hollywood - Wypozyczono 17 dni temu

13:44:00.282 [scheduling-1] INFO  c.e.d.schedulded.ScheduldedTasks - 
ID: 52
Julie Sanchez
julie.sanchez@sakilacustomer.org
Wypożyczone filmy:
- Trading Pinocchio - Wypozyczono 17 dni temu

13:44:00.282 [scheduling-1] INFO  c.e.d.schedulded.ScheduldedTasks - 
ID: 53
Heather Morris
heather.morris@sakilacustomer.org
Wypożyczone filmy:
- Peach Innocent - Wypozyczono 17 dni temu
- Lawless Vision - Wypozyczono 17 dni temu

13:44:00.287 [scheduling-1] INFO  c.e.d.schedulded.ScheduldedTasks - 
ID: 568
Alberto Henning
alberto.henning@sakilacustomer.org
Wypożyczone filmy:
- Vanishing Rocky - Wypozyczono 17 dni temu

13:44:00.297 [scheduling-1] INFO  c.e.d.schedulded.ScheduldedTasks - 
ID: 56
Gloria Cook
gloria.cook@sakilacustomer.org
Wypożyczone filmy:
- Igby Maker - Wypozyczono 17 dni temu

13:44:00.303 [scheduling-1] INFO  c.e.d.schedulded.ScheduldedTasks - 
ID: 570
Ivan Cromwell
ivan.cromwell@sakilacustomer.org
Wypożyczone filmy:
- Creatures Shakespeare - Wypozyczono 17 dni temu

13:44:00.305 [scheduling-1] INFO  c.e.d.schedulded.ScheduldedTasks - 
ID: 58
Jean Bell
jean.bell@sakilacustomer.org
Wypożyczone filmy:
- Ridgemont Submarine - Wypozyczono 17 dni temu

13:44:00.307 [scheduling-1] INFO  c.e.d.schedulded.ScheduldedTasks - 
ID: 315
Kenneth Gooden
kenneth.gooden@sakilacustomer.org
Wypożyczone filmy:
- Operation Operation - Wypozyczono 17 dni temu

13:44:00.308 [scheduling-1] INFO  c.e.d.schedulded.ScheduldedTasks - 
ID: 60
Mildred Bailey
mildred.bailey@sakilacustomer.org
Wypożyczone filmy:
- Boogie Amelie - Wypozyczono 17 dni temu
- Chamber Italian - Wypozyczono 17 dni temu

13:44:00.310 [scheduling-1] INFO  c.e.d.schedulded.ScheduldedTasks - 
ID: 317
Edward Baugh
edward.baugh@sakilacustomer.org
Wypożyczone filmy:
- Armageddon Lost - Wypozyczono 17 dni temu

13:44:00.311 [scheduling-1] INFO  c.e.d.schedulded.ScheduldedTasks - 
ID: 576
Morris Mccarter
morris.mccarter@sakilacustomer.org
Wypożyczone filmy:
- Titanic Boondock - Wypozyczono 17 dni temu
- Vanished Garden - Wypozyczono 17 dni temu

13:44:00.311 [scheduling-1] INFO  c.e.d.schedulded.ScheduldedTasks - 
ID: 64
Judith Cox
judith.cox@sakilacustomer.org
Wypożyczone filmy:
- Doors President - Wypozyczono 17 dni temu

13:44:00.313 [scheduling-1] INFO  c.e.d.schedulded.ScheduldedTasks - 
ID: 579
Daryl Larue
daryl.larue@sakilacustomer.org
Wypożyczone filmy:
- Streak Ridgemont - Wypozyczono 17 dni temu

13:44:00.314 [scheduling-1] INFO  c.e.d.schedulded.ScheduldedTasks - 
ID: 324
Gary Coy
gary.coy@sakilacustomer.org
Wypożyczone filmy:
- Chitty Lock - Wypozyczono 17 dni temu

13:44:00.314 [scheduling-1] INFO  c.e.d.schedulded.ScheduldedTasks - 
ID: 69
Judy Gray
judy.gray@sakilacustomer.org
Wypożyczone filmy:
- Summer Scarface - Wypozyczono 17 dni temu

13:44:00.314 [scheduling-1] INFO  c.e.d.schedulded.ScheduldedTasks - 
ID: 582
Andy Vanhorn
andy.vanhorn@sakilacustomer.org
Wypożyczone filmy:
- Tuxedo Mile - Wypozyczono 17 dni temu

13:44:00.317 [scheduling-1] INFO  c.e.d.schedulded.ScheduldedTasks - 
ID: 327
Larry Thrasher
larry.thrasher@sakilacustomer.org
Wypożyczone filmy:
- Pulp Beverly - Wypozyczono 17 dni temu

13:44:00.318 [scheduling-1] INFO  c.e.d.schedulded.ScheduldedTasks - 
ID: 73
Beverly Brooks
beverly.brooks@sakilacustomer.org
Wypożyczone filmy:
- Shrek License - Wypozyczono 17 dni temu

13:44:00.327 [scheduling-1] INFO  c.e.d.schedulded.ScheduldedTasks - 
ID: 585
Perry Swafford
perry.swafford@sakilacustomer.org
Wypożyczone filmy:
- Devil Desire - Wypozyczono 17 dni temu

13:44:00.334 [scheduling-1] INFO  c.e.d.schedulded.ScheduldedTasks - 
ID: 330
Scott Shelley
scott.shelley@sakilacustomer.org
Wypożyczone filmy:
- Grail Frankenstein - Wypozyczono 17 dni temu

13:44:00.334 [scheduling-1] INFO  c.e.d.schedulded.ScheduldedTasks - 
ID: 587
Sergio Stanfield
sergio.stanfield@sakilacustomer.org
Wypożyczone filmy:
- Camelot Vacation - Wypozyczono 17 dni temu

13:44:00.337 [scheduling-1] INFO  c.e.d.schedulded.ScheduldedTasks - 
ID: 75
Tammy Sanders
tammy.sanders@sakilacustomer.org
Wypożyczone filmy:
- Lust Lock - Wypozyczono 17 dni temu
- Trouble Date - Wypozyczono 17 dni temu
- Sleepy Japanese - Wypozyczono 17 dni temu

13:44:00.337 [scheduling-1] INFO  c.e.d.schedulded.ScheduldedTasks - 
ID: 334
Raymond Mcwhorter
raymond.mcwhorter@sakilacustomer.org
Wypożyczone filmy:
- Smoochy Control - Wypozyczono 17 dni temu

13:44:00.337 [scheduling-1] INFO  c.e.d.schedulded.ScheduldedTasks - 
ID: 590
Seth Hannon
seth.hannon@sakilacustomer.org
Wypożyczone filmy:
- African Egg - Wypozyczono 17 dni temu

13:44:00.342 [scheduling-1] INFO  c.e.d.schedulded.ScheduldedTasks - 
ID: 335
Gregory Mauldin
gregory.mauldin@sakilacustomer.org
Wypożyczone filmy:
- Hunger Roof - Wypozyczono 17 dni temu

13:44:00.342 [scheduling-1] INFO  c.e.d.schedulded.ScheduldedTasks - 
ID: 80
Marilyn Ross
marilyn.ross@sakilacustomer.org
Wypożyczone filmy:
- Intentions Empire - Wypozyczono 17 dni temu

13:44:00.342 [scheduling-1] INFO  c.e.d.schedulded.ScheduldedTasks - 
ID: 336
Joshua Mark
joshua.mark@sakilacustomer.org
Wypożyczone filmy:
- Juggler Hardly - Wypozyczono 17 dni temu

13:44:00.342 [scheduling-1] INFO  c.e.d.schedulded.ScheduldedTasks - 
ID: 592
Terrance Roush
terrance.roush@sakilacustomer.org
Wypożyczone filmy:
- Kick Savannah - Wypozyczono 17 dni temu

13:44:00.347 [scheduling-1] INFO  c.e.d.schedulded.ScheduldedTasks - 
ID: 337
Jerry Jordon
jerry.jordon@sakilacustomer.org
Wypożyczone filmy:
- Gunfight Moon - Wypozyczono 17 dni temu

13:44:00.347 [scheduling-1] INFO  c.e.d.schedulded.ScheduldedTasks - 
ID: 83
Louise Jenkins
louise.jenkins@sakilacustomer.org
Wypożyczone filmy:
- Frisco Forrest - Wypozyczono 17 dni temu

13:44:00.349 [scheduling-1] INFO  c.e.d.schedulded.ScheduldedTasks - 
ID: 596
Enrique Forsythe
enrique.forsythe@sakilacustomer.org
Wypożyczone filmy:
- Gunfight Moon - Wypozyczono 17 dni temu

13:44:00.350 [scheduling-1] INFO  c.e.d.schedulded.ScheduldedTasks - 
ID: 597
Freddie Duggan
freddie.duggan@sakilacustomer.org
Wypożyczone filmy:
- Ghost Groundhog - Wypozyczono 17 dni temu

13:44:00.360 [scheduling-1] INFO  c.e.d.schedulded.ScheduldedTasks - 
ID: 87
Wanda Patterson
wanda.patterson@sakilacustomer.org
Wypożyczone filmy:
- Doors President - Wypozyczono 17 dni temu

13:44:00.367 [scheduling-1] INFO  c.e.d.schedulded.ScheduldedTasks - 
ID: 91
Lois Butler
lois.butler@sakilacustomer.org
Wypożyczone filmy:
- Bubble Grosse - Wypozyczono 17 dni temu

13:44:00.369 [scheduling-1] INFO  c.e.d.schedulded.ScheduldedTasks - 
ID: 349
Joe Gilliland
joe.gilliland@sakilacustomer.org
Wypożyczone filmy:
- Amistad Midsummer - Wypozyczono 17 dni temu

13:44:00.371 [scheduling-1] INFO  c.e.d.schedulded.ScheduldedTasks - 
ID: 94
Norma Gonzales
norma.gonzales@sakilacustomer.org
Wypożyczone filmy:
- Sleeping Suspects - Wypozyczono 17 dni temu

13:44:00.373 [scheduling-1] INFO  c.e.d.schedulded.ScheduldedTasks - 
ID: 352
Albert Crouse
albert.crouse@sakilacustomer.org
Wypożyczone filmy:
- Varsity Trip - Wypozyczono 17 dni temu

13:44:00.374 [scheduling-1] INFO  c.e.d.schedulded.ScheduldedTasks - 
ID: 354
Justin Ngo
justin.ngo@sakilacustomer.org
Wypożyczone filmy:
- Titanic Boondock - Wypozyczono 17 dni temu
- Trojan Tomorrow - Wypozyczono 17 dni temu

13:44:00.374 [scheduling-1] INFO  c.e.d.schedulded.ScheduldedTasks - 
ID: 99
Emily Diaz
emily.diaz@sakilacustomer.org
Wypożyczone filmy:
- Connection Microcosmos - Wypozyczono 17 dni temu

13:44:00.374 [scheduling-1] INFO  c.e.d.schedulded.ScheduldedTasks - 
ID: 355
Terry Grissom
terry.grissom@sakilacustomer.org
Wypożyczone filmy:
- Family Sweet - Wypozyczono 17 dni temu

13:44:00.377 [scheduling-1] INFO  c.e.d.schedulded.ScheduldedTasks - 
ID: 100
Robin Hayes
robin.hayes@sakilacustomer.org
Wypożyczone filmy:
- Bound Cheaper - Wypozyczono 17 dni temu

13:44:00.377 [scheduling-1] INFO  c.e.d.schedulded.ScheduldedTasks - 
ID: 101
Peggy Myers
peggy.myers@sakilacustomer.org
Wypożyczone filmy:
- Club Graffiti - Wypozyczono 17 dni temu

13:44:00.377 [scheduling-1] INFO  c.e.d.schedulded.ScheduldedTasks - 
ID: 359
Willie Markham
willie.markham@sakilacustomer.org
Wypożyczone filmy:
- Center Dinosaur - Wypozyczono 17 dni temu

13:44:00.377 [scheduling-1] INFO  c.e.d.schedulded.ScheduldedTasks - 
ID: 361
Lawrence Lawton
lawrence.lawton@sakilacustomer.org
Wypożyczone filmy:
- Insects Stone - Wypozyczono 17 dni temu
- Half Outfield - Wypozyczono 17 dni temu

13:44:00.382 [scheduling-1] INFO  c.e.d.schedulded.ScheduldedTasks - 
ID: 107
Florence Woods
florence.woods@sakilacustomer.org
Wypożyczone filmy:
- Club Graffiti - Wypozyczono 17 dni temu
- Blade Polish - Wypozyczono 17 dni temu

13:44:00.383 [scheduling-1] INFO  c.e.d.schedulded.ScheduldedTasks - 
ID: 108
Tracy Cole
tracy.cole@sakilacustomer.org
Wypożyczone filmy:
- Ali Forever - Wypozyczono 17 dni temu

13:44:00.383 [scheduling-1] INFO  c.e.d.schedulded.ScheduldedTasks - 
ID: 366
Brandon Huey
brandon.huey@sakilacustomer.org
Wypożyczone filmy:
- Ace Goldfinger - Wypozyczono 17 dni temu

13:44:00.383 [scheduling-1] INFO  c.e.d.schedulded.ScheduldedTasks - 
ID: 111
Carmen Owens
carmen.owens@sakilacustomer.org
Wypożyczone filmy:
- Affair Prejudice - Wypozyczono 17 dni temu

13:44:00.383 [scheduling-1] INFO  c.e.d.schedulded.ScheduldedTasks - 
ID: 369
Fred Wheat
fred.wheat@sakilacustomer.org
Wypożyczone filmy:
- Sweethearts Suspects - Wypozyczono 17 dni temu

13:44:00.387 [scheduling-1] INFO  c.e.d.schedulded.ScheduldedTasks - 
ID: 114
Grace Ellis
grace.ellis@sakilacustomer.org
Wypożyczone filmy:
- Dragonfly Strangers - Wypozyczono 17 dni temu

13:44:00.387 [scheduling-1] INFO  c.e.d.schedulded.ScheduldedTasks - 
ID: 115
Wendy Harrison
wendy.harrison@sakilacustomer.org
Wypożyczone filmy:
- Sons Interview - Wypozyczono 17 dni temu

13:44:00.387 [scheduling-1] INFO  c.e.d.schedulded.ScheduldedTasks - 
ID: 373
Louis Leone
louis.leone@sakilacustomer.org
Wypożyczone filmy:
- Zhivago Core - Wypozyczono 17 dni temu

13:44:00.387 [scheduling-1] INFO  c.e.d.schedulded.ScheduldedTasks - 
ID: 374
Jeremy Hurtado
jeremy.hurtado@sakilacustomer.org
Wypożyczone filmy:
- Window Side - Wypozyczono 17 dni temu

13:44:00.387 [scheduling-1] INFO  c.e.d.schedulded.ScheduldedTasks - 
ID: 120
Sylvia Ortiz
sylvia.ortiz@sakilacustomer.org
Wypożyczone filmy:
- Opposite Necklace - Wypozyczono 17 dni temu

13:44:00.394 [scheduling-1] INFO  c.e.d.schedulded.ScheduldedTasks - 
ID: 388
Craig Morrell
craig.morrell@sakilacustomer.org
Wypożyczone filmy:
- Mummy Creatures - Wypozyczono 17 dni temu

13:44:00.396 [scheduling-1] INFO  c.e.d.schedulded.ScheduldedTasks - 
ID: 135
Juanita Mason
juanita.mason@sakilacustomer.org
Wypożyczone filmy:
- None Spiking - Wypozyczono 17 dni temu

13:44:00.398 [scheduling-1] INFO  c.e.d.schedulded.ScheduldedTasks - 
ID: 394
Chris Brothers
chris.brothers@sakilacustomer.org
Wypożyczone filmy:
- Cincinatti Whisperer - Wypozyczono 17 dni temu

13:44:00.398 [scheduling-1] INFO  c.e.d.schedulded.ScheduldedTasks - 
ID: 142
April Burns
april.burns@sakilacustomer.org
Wypożyczone filmy:
- Outfield Massacre - Wypozyczono 17 dni temu

13:44:00.398 [scheduling-1] INFO  c.e.d.schedulded.ScheduldedTasks - 
ID: 405
Leonard Schofield
leonard.schofield@sakilacustomer.org
Wypożyczone filmy:
- Fight Jawbreaker - Wypozyczono 17 dni temu

13:44:00.398 [scheduling-1] INFO  c.e.d.schedulded.ScheduldedTasks - 
ID: 152
Alicia Mills
alicia.mills@sakilacustomer.org
Wypożyczone filmy:
- Sleepless Monsoon - Wypozyczono 17 dni temu

13:44:00.398 [scheduling-1] INFO  c.e.d.schedulded.ScheduldedTasks - 
ID: 410
Curtis Irby
curtis.irby@sakilacustomer.org
Wypożyczone filmy:
- Gorgeous Bingo - Wypozyczono 17 dni temu

13:44:00.398 [scheduling-1] INFO  c.e.d.schedulded.ScheduldedTasks - 
ID: 155
Gail Knight
gail.knight@sakilacustomer.org
Wypożyczone filmy:
- Hyde Doctor - Wypozyczono 17 dni temu
- Chasing Fight - Wypozyczono 17 dni temu

13:44:00.398 [scheduling-1] INFO  c.e.d.schedulded.ScheduldedTasks - 
ID: 411
Norman Currier
norman.currier@sakilacustomer.org
Wypożyczone filmy:
- Harry Idaho - Wypozyczono 17 dni temu

13:44:00.398 [scheduling-1] INFO  c.e.d.schedulded.ScheduldedTasks - 
ID: 412
Allen Butterfield
allen.butterfield@sakilacustomer.org
Wypożyczone filmy:
- Mulan Moon - Wypozyczono 17 dni temu

13:44:00.407 [scheduling-1] INFO  c.e.d.schedulded.ScheduldedTasks - 
ID: 417
Travis Estep
travis.estep@sakilacustomer.org
Wypożyczone filmy:
- Seabiscuit Punk - Wypozyczono 17 dni temu

13:44:00.407 [scheduling-1] INFO  c.e.d.schedulded.ScheduldedTasks - 
ID: 162
Lauren Hudson
lauren.hudson@sakilacustomer.org
Wypożyczone filmy:
- Midnight Westward - Wypozyczono 17 dni temu

13:44:00.407 [scheduling-1] INFO  c.e.d.schedulded.ScheduldedTasks - 
ID: 163
Cathy Spencer
cathy.spencer@sakilacustomer.org
Wypożyczone filmy:
- Sons Interview - Wypozyczono 17 dni temu
- Holes Brannigan - Wypozyczono 17 dni temu

13:44:00.407 [scheduling-1] INFO  c.e.d.schedulded.ScheduldedTasks - 
ID: 421
Lee Hawks
lee.hawks@sakilacustomer.org
Wypożyczone filmy:
- Detective Vision - Wypozyczono 17 dni temu

13:44:00.407 [scheduling-1] INFO  c.e.d.schedulded.ScheduldedTasks - 
ID: 422
Melvin Ellington
melvin.ellington@sakilacustomer.org
Wypożyczone filmy:
- Basic Easy - Wypozyczono 17 dni temu

13:44:00.407 [scheduling-1] INFO  c.e.d.schedulded.ScheduldedTasks - 
ID: 424
Kyle Spurlock
kyle.spurlock@sakilacustomer.org
Wypożyczone filmy:
- Dances None - Wypozyczono 17 dni temu

13:44:00.412 [scheduling-1] INFO  c.e.d.schedulded.ScheduldedTasks - 
ID: 168
Regina Berry
regina.berry@sakilacustomer.org
Wypożyczone filmy:
- Wedding Apollo - Wypozyczono 17 dni temu

13:44:00.413 [scheduling-1] INFO  c.e.d.schedulded.ScheduldedTasks - 
ID: 175
Annette Olson
annette.olson@sakilacustomer.org
Wypożyczone filmy:
- Deer Virginian - Wypozyczono 17 dni temu
- Pirates Roxanne - Wypozyczono 17 dni temu

13:44:00.414 [scheduling-1] INFO  c.e.d.schedulded.ScheduldedTasks - 
ID: 431
Joel Francisco
joel.francisco@sakilacustomer.org
Wypożyczone filmy:
- Lovely Jingle - Wypozyczono 17 dni temu

13:44:00.422 [scheduling-1] INFO  c.e.d.schedulded.ScheduldedTasks - 
ID: 178
Marion Snyder
marion.snyder@sakilacustomer.org
Wypożyczone filmy:
- Forrester Comancheros - Wypozyczono 17 dni temu

13:44:00.430 [scheduling-1] INFO  c.e.d.schedulded.ScheduldedTasks - 
ID: 180
Stacy Cunningham
stacy.cunningham@sakilacustomer.org
Wypożyczone filmy:
- Name Detective - Wypozyczono 17 dni temu

13:44:00.430 [scheduling-1] INFO  c.e.d.schedulded.ScheduldedTasks - 
ID: 181
Ana Bradley
ana.bradley@sakilacustomer.org
Wypożyczone filmy:
- Happiness United - Wypozyczono 17 dni temu

13:44:00.430 [scheduling-1] INFO  c.e.d.schedulded.ScheduldedTasks - 
ID: 438
Barry Lovelace
barry.lovelace@sakilacustomer.org
Wypożyczone filmy:
- Creatures Shakespeare - Wypozyczono 17 dni temu

13:44:00.437 [scheduling-1] INFO  c.e.d.schedulded.ScheduldedTasks - 
ID: 440
Bernard Colby
bernard.colby@sakilacustomer.org
Wypożyczone filmy:
- Queen Luke - Wypozyczono 17 dni temu

13:44:00.437 [scheduling-1] INFO  c.e.d.schedulded.ScheduldedTasks - 
ID: 441
Mario Cheatham
mario.cheatham@sakilacustomer.org
Wypożyczone filmy:
- Eagles Panky - Wypozyczono 17 dni temu

13:44:00.437 [scheduling-1] INFO  c.e.d.schedulded.ScheduldedTasks - 
ID: 186
Holly Fox
holly.fox@sakilacustomer.org
Wypożyczone filmy:
- South Wait - Wypozyczono 17 dni temu

13:44:00.437 [scheduling-1] INFO  c.e.d.schedulded.ScheduldedTasks - 
ID: 188
Melanie Armstrong
melanie.armstrong@sakilacustomer.org
Wypożyczone filmy:
- Intentions Empire - Wypozyczono 17 dni temu

13:44:00.442 [scheduling-1] INFO  c.e.d.schedulded.ScheduldedTasks - 
ID: 190
Yolanda Weaver
yolanda.weaver@sakilacustomer.org
Wypożyczone filmy:
- Day Unfaithful - Wypozyczono 17 dni temu

13:44:00.442 [scheduling-1] INFO  c.e.d.schedulded.ScheduldedTasks - 
ID: 191
Jeanette Greene
jeanette.greene@sakilacustomer.org
Wypożyczone filmy:
- Effect Gladiator - Wypozyczono 17 dni temu

13:44:00.442 [scheduling-1] INFO  c.e.d.schedulded.ScheduldedTasks - 
ID: 192
Laurie Lawrence
laurie.lawrence@sakilacustomer.org
Wypożyczone filmy:
- Haunted Antitrust - Wypozyczono 17 dni temu

13:44:00.442 [scheduling-1] INFO  c.e.d.schedulded.ScheduldedTasks - 
ID: 448
Miguel Betancourt
miguel.betancourt@sakilacustomer.org
Wypożyczone filmy:
- State Wasteland - Wypozyczono 17 dni temu
- Family Sweet - Wypozyczono 17 dni temu

13:44:00.447 [scheduling-1] INFO  c.e.d.schedulded.ScheduldedTasks - 
ID: 193
Katie Elliott
katie.elliott@sakilacustomer.org
Wypożyczone filmy:
- Monster Spartacus - Wypozyczono 17 dni temu

13:44:00.457 [scheduling-1] INFO  c.e.d.schedulded.ScheduldedTasks - 
ID: 450
Jay Robb
jay.robb@sakilacustomer.org
Wypożyczone filmy:
- Intrigue Worst - Wypozyczono 17 dni temu

13:44:00.463 [scheduling-1] INFO  c.e.d.schedulded.ScheduldedTasks - 
ID: 452
Tom Milner
tom.milner@sakilacustomer.org
Wypożyczone filmy:
- Hunchback Impossible - Wypozyczono 17 dni temu

13:44:00.464 [scheduling-1] INFO  c.e.d.schedulded.ScheduldedTasks - 
ID: 199
Beth Franklin
beth.franklin@sakilacustomer.org
Wypożyczone filmy:
- Baked Cleopatra - Wypozyczono 17 dni temu

13:44:00.467 [scheduling-1] INFO  c.e.d.schedulded.ScheduldedTasks - 
ID: 200
Jeanne Lawson
jeanne.lawson@sakilacustomer.org
Wypożyczone filmy:
- Mulholland Beast - Wypozyczono 17 dni temu

13:44:00.467 [scheduling-1] INFO  c.e.d.schedulded.ScheduldedTasks - 
ID: 457
Bill Gavin
bill.gavin@sakilacustomer.org
Wypożyczone filmy:
- Gleaming Jawbreaker - Wypozyczono 17 dni temu
- Cleopatra Devil - Wypozyczono 17 dni temu

13:44:00.467 [scheduling-1] INFO  c.e.d.schedulded.ScheduldedTasks - 
ID: 208
Lucy Wheeler
lucy.wheeler@sakilacustomer.org
Wypożyczone filmy:
- Seattle Expecations - Wypozyczono 17 dni temu
- Curtain Videotape - Wypozyczono 17 dni temu

13:44:00.467 [scheduling-1] INFO  c.e.d.schedulded.ScheduldedTasks - 
ID: 211
Stacey Montgomery
stacey.montgomery@sakilacustomer.org
Wypożyczone filmy:
- Details Packer - Wypozyczono 17 dni temu

13:44:00.473 [scheduling-1] INFO  c.e.d.schedulded.ScheduldedTasks - 
ID: 213
Gina Williamson
gina.williamson@sakilacustomer.org
Wypożyczone filmy:
- Bang Kwai - Wypozyczono 17 dni temu

13:44:00.474 [scheduling-1] INFO  c.e.d.schedulded.ScheduldedTasks - 
ID: 214
Kristin Johnston
kristin.johnston@sakilacustomer.org
Wypożyczone filmy:
- Star Operation - Wypozyczono 17 dni temu

13:44:00.476 [scheduling-1] INFO  c.e.d.schedulded.ScheduldedTasks - 
ID: 215
Jessie Banks
jessie.banks@sakilacustomer.org
Wypożyczone filmy:
- Dances None - Wypozyczono 17 dni temu

13:44:00.476 [scheduling-1] INFO  c.e.d.schedulded.ScheduldedTasks - 
ID: 216
Natalie Meyer
natalie.meyer@sakilacustomer.org
Wypożyczone filmy:
- Women Dorado - Wypozyczono 17 dni temu
- Sweden Shining - Wypozyczono 17 dni temu

13:44:00.477 [scheduling-1] INFO  c.e.d.schedulded.ScheduldedTasks - 
ID: 472
Greg Robins
greg.robins@sakilacustomer.org
Wypożyczone filmy:
- Wanda Chamber - Wypozyczono 17 dni temu

13:44:00.481 [scheduling-1] INFO  c.e.d.schedulded.ScheduldedTasks - 
ID: 474
Dustin Gillette
dustin.gillette@sakilacustomer.org
Wypożyczone filmy:
- Crooked Frogmen - Wypozyczono 17 dni temu

13:44:00.491 [scheduling-1] INFO  c.e.d.schedulded.ScheduldedTasks - 
ID: 219
Willie Howell
willie.howell@sakilacustomer.org
Wypożyczone filmy:
- Titans Jerk - Wypozyczono 17 dni temu

13:44:00.494 [scheduling-1] INFO  c.e.d.schedulded.ScheduldedTasks - 
ID: 476
Derrick Bourque
derrick.bourque@sakilacustomer.org
Wypożyczone filmy:
- Mosquito Armageddon - Wypozyczono 17 dni temu

13:44:00.497 [scheduling-1] INFO  c.e.d.schedulded.ScheduldedTasks - 
ID: 479
Zachary Hite
zachary.hite@sakilacustomer.org
Wypożyczone filmy:
- Frost Head - Wypozyczono 17 dni temu

13:44:00.497 [scheduling-1] INFO  c.e.d.schedulded.ScheduldedTasks - 
ID: 227
Colleen Burton
colleen.burton@sakilacustomer.org
Wypożyczone filmy:
- Moonwalker Fool - Wypozyczono 17 dni temu

13:44:00.500 [scheduling-1] INFO  c.e.d.schedulded.ScheduldedTasks - 
ID: 228
Allison Stanley
allison.stanley@sakilacustomer.org
Wypożyczone filmy:
- Grapes Fury - Wypozyczono 17 dni temu
- Cyclone Family - Wypozyczono 17 dni temu

13:44:00.500 [scheduling-1] INFO  c.e.d.schedulded.ScheduldedTasks - 
ID: 229
Tamara Nguyen
tamara.nguyen@sakilacustomer.org
Wypożyczone filmy:
- Loathing Legally - Wypozyczono 17 dni temu

13:44:00.502 [scheduling-1] INFO  c.e.d.schedulded.ScheduldedTasks - 
ID: 234
Claudia Fuller
claudia.fuller@sakilacustomer.org
Wypożyczone filmy:
- Encino Elf - Wypozyczono 17 dni temu

13:44:00.503 [scheduling-1] INFO  c.e.d.schedulded.ScheduldedTasks - 
ID: 236
Marcia Dean
marcia.dean@sakilacustomer.org
Wypożyczone filmy:
- Alone Trip - Wypozyczono 17 dni temu

13:44:00.504 [scheduling-1] INFO  c.e.d.schedulded.ScheduldedTasks - 
ID: 493
Brent Harkins
brent.harkins@sakilacustomer.org
Wypożyczone filmy:
- Lord Arizona - Wypozyczono 17 dni temu

13:44:00.506 [scheduling-1] INFO  c.e.d.schedulded.ScheduldedTasks - 
ID: 495
Charlie Bess
charlie.bess@sakilacustomer.org
Wypożyczone filmy:
- Song Hedwig - Wypozyczono 17 dni temu

13:44:00.506 [scheduling-1] INFO  c.e.d.schedulded.ScheduldedTasks - 
ID: 496
Tyler Wren
tyler.wren@sakilacustomer.org
Wypożyczone filmy:
- Blanket Beverly - Wypozyczono 17 dni temu

13:44:00.511 [scheduling-1] INFO  c.e.d.schedulded.ScheduldedTasks - 
ID: 497
Gilbert Sledge
gilbert.sledge@sakilacustomer.org
Wypożyczone filmy:
- Silverado Goldfinger - Wypozyczono 17 dni temu

13:44:00.519 [scheduling-1] INFO  c.e.d.schedulded.ScheduldedTasks - 
ID: 244
Viola Hanson
viola.hanson@sakilacustomer.org
Wypożyczone filmy:
- Shawshank Bubble - Wypozyczono 17 dni temu

13:44:00.525 [scheduling-1] INFO  c.e.d.schedulded.ScheduldedTasks - 
ID: 245
Courtney Day
courtney.day@sakilacustomer.org
Wypożyczone filmy:
- Driver Annie - Wypozyczono 17 dni temu

13:44:00.527 [scheduling-1] INFO  c.e.d.schedulded.ScheduldedTasks - 
ID: 505
Rafael Abney
rafael.abney@sakilacustomer.org
Wypożyczone filmy:
- Conversation Downhill - Wypozyczono 17 dni temu

13:44:00.527 [scheduling-1] INFO  c.e.d.schedulded.ScheduldedTasks - 
ID: 251
Vickie Brewer
vickie.brewer@sakilacustomer.org
Wypożyczone filmy:
- Swarm Gold - Wypozyczono 17 dni temu

13:44:00.529 [scheduling-1] INFO  c.e.d.schedulded.ScheduldedTasks - 
ID: 252
Mattie Hoffman
mattie.hoffman@sakilacustomer.org
Wypożyczone filmy:
- Drifter Commandments - Wypozyczono 17 dni temu

13:44:00.529 [scheduling-1] INFO  c.e.d.schedulded.ScheduldedTasks - 
ID: 508
Milton Howland
milton.howland@sakilacustomer.org
Wypożyczone filmy:
- Disciple Mother - Wypozyczono 17 dni temu

13:44:02.448 [SpringApplicationShutdownHook] INFO  o.s.o.j.LocalContainerEntityManagerFactoryBean - Closing JPA EntityManagerFactory for persistence unit 'default'
13:44:02.448 [SpringApplicationShutdownHook] INFO  com.zaxxer.hikari.HikariDataSource - HikariPool-1 - Shutdown initiated...
13:44:02.452 [SpringApplicationShutdownHook] INFO  com.zaxxer.hikari.HikariDataSource - HikariPool-1 - Shutdown completed.
