17:28:00.258 [scheduling-1] INFO  c.e.d.schedulded.ScheduldedTasks - 
ID: 512
Cecil Vines
cecil.vines@sakilacustomer.org
Wypożyczone filmy:
- Amadeus Holy - Wypozyczono -2001331935 dni temu

17:28:00.269 [scheduling-1] INFO  c.e.d.schedulded.ScheduldedTasks - 
ID: 516
Elmer Noe
elmer.noe@sakilacustomer.org
Wypożyczone filmy:
- Falcon Volume - Wypozyczono -2001331935 dni temu
- Minority Kiss - Wypozyczono -2001331935 dni temu

17:28:00.269 [scheduling-1] INFO  c.e.d.schedulded.ScheduldedTasks - 
ID: 5
Elizabeth Brown
elizabeth.brown@sakilacustomer.org
Wypożyczone filmy:
- Gables Metropolis - Wypozyczono -2001331935 dni temu

17:28:00.280 [scheduling-1] INFO  c.e.d.schedulded.ScheduldedTasks - 
ID: 263
Hilda Hopkins
hilda.hopkins@sakilacustomer.org
Wypożyczone filmy:
- Earth Vision - Wypozyczono -2001331935 dni temu

17:28:00.283 [scheduling-1] INFO  c.e.d.schedulded.ScheduldedTasks - 
ID: 264
Gwendolyn May
gwendolyn.may@sakilacustomer.org
Wypożyczone filmy:
- Flying Hook - Wypozyczono -2001331935 dni temu

17:28:00.292 [scheduling-1] INFO  c.e.d.schedulded.ScheduldedTasks - 
ID: 521
Roland South
roland.south@sakilacustomer.org
Wypożyczone filmy:
- Suit Walls - Wypozyczono -2001331935 dni temu

17:28:00.301 [scheduling-1] INFO  c.e.d.schedulded.ScheduldedTasks - 
ID: 9
Margaret Moore
margaret.moore@sakilacustomer.org
Wypożyczone filmy:
- Deep Crusade - Wypozyczono -2001331935 dni temu

17:28:00.305 [scheduling-1] INFO  c.e.d.schedulded.ScheduldedTasks - 
ID: 11
Lisa Anderson
lisa.anderson@sakilacustomer.org
Wypożyczone filmy:
- Bull Shawshank - Wypozyczono -2001331935 dni temu

17:28:00.330 [scheduling-1] INFO  c.e.d.schedulded.ScheduldedTasks - 
ID: 267
Margie Wade
margie.wade@sakilacustomer.org
Wypożyczone filmy:
- Lust Lock - Wypozyczono -2001331935 dni temu
- Philadelphia Wife - Wypozyczono -2001331935 dni temu

17:28:00.338 [scheduling-1] INFO  c.e.d.schedulded.ScheduldedTasks - 
ID: 269
Cassandra Walters
cassandra.walters@sakilacustomer.org
Wypożyczone filmy:
- Princess Giant - Wypozyczono -2001331935 dni temu
- Theory Mermaid - Wypozyczono -2001331935 dni temu

17:28:00.341 [scheduling-1] INFO  c.e.d.schedulded.ScheduldedTasks - 
ID: 525
Adrian Clary
adrian.clary@sakilacustomer.org
Wypożyczone filmy:
- Shock Cabin - Wypozyczono -2001331935 dni temu

17:28:00.341 [scheduling-1] INFO  c.e.d.schedulded.ScheduldedTasks - 
ID: 14
Betty White
betty.white@sakilacustomer.org
Wypożyczone filmy:
- Groundhog Uncut - Wypozyczono -2001331935 dni temu

17:28:00.341 [scheduling-1] INFO  c.e.d.schedulded.ScheduldedTasks - 
ID: 15
Helen Harris
helen.harris@sakilacustomer.org
Wypożyczone filmy:
- Candidate Perdition - Wypozyczono -2001331935 dni temu
- Smoking Barbarella - Wypozyczono -2001331935 dni temu

17:28:00.341 [scheduling-1] INFO  c.e.d.schedulded.ScheduldedTasks - 
ID: 527
Cory Meehan
cory.meehan@sakilacustomer.org
Wypożyczone filmy:
- Jason Trap - Wypozyczono -2001331935 dni temu

17:28:00.341 [scheduling-1] INFO  c.e.d.schedulded.ScheduldedTasks - 
ID: 274
Naomi Jennings
naomi.jennings@sakilacustomer.org
Wypożyczone filmy:
- Wild Apollo - Wypozyczono -2001331935 dni temu

17:28:00.349 [scheduling-1] INFO  c.e.d.schedulded.ScheduldedTasks - 
ID: 530
Darryl Ashcraft
darryl.ashcraft@sakilacustomer.org
Wypożyczone filmy:
- Pure Runner - Wypozyczono -2001331935 dni temu

17:28:00.352 [scheduling-1] INFO  c.e.d.schedulded.ScheduldedTasks - 
ID: 532
Neil Renner
neil.renner@sakilacustomer.org
Wypożyczone filmy:
- World Leathernecks - Wypozyczono -2001331935 dni temu

17:28:00.353 [scheduling-1] INFO  c.e.d.schedulded.ScheduldedTasks - 
ID: 533
Jessie Milam
jessie.milam@sakilacustomer.org
Wypożyczone filmy:
- Insider Arizona - Wypozyczono -2001331935 dni temu

17:28:00.354 [scheduling-1] INFO  c.e.d.schedulded.ScheduldedTasks - 
ID: 21
Michelle Clark
michelle.clark@sakilacustomer.org
Wypożyczone filmy:
- Dwarfs Alter - Wypozyczono -2001331935 dni temu

17:28:00.354 [scheduling-1] INFO  c.e.d.schedulded.ScheduldedTasks - 
ID: 22
Laura Rodriguez
laura.rodriguez@sakilacustomer.org
Wypożyczone filmy:
- Suit Walls - Wypozyczono -2001331935 dni temu

17:28:00.358 [scheduling-1] INFO  c.e.d.schedulded.ScheduldedTasks - 
ID: 534
Christian Jung
christian.jung@sakilacustomer.org
Wypożyczone filmy:
- Half Outfield - Wypozyczono -2001331935 dni temu

17:28:00.358 [scheduling-1] INFO  c.e.d.schedulded.ScheduldedTasks - 
ID: 279
Dianne Shelton
dianne.shelton@sakilacustomer.org
Wypożyczone filmy:
- Cat Coneheads - Wypozyczono -2001331935 dni temu

17:28:00.361 [scheduling-1] INFO  c.e.d.schedulded.ScheduldedTasks - 
ID: 23
Sarah Lewis
sarah.lewis@sakilacustomer.org
Wypożyczone filmy:
- Divine Resurrection - Wypozyczono -2001331935 dni temu

17:28:00.361 [scheduling-1] INFO  c.e.d.schedulded.ScheduldedTasks - 
ID: 537
Clinton Buford
clinton.buford@sakilacustomer.org
Wypożyczone filmy:
- Scarface Bang - Wypozyczono -2001331935 dni temu

17:28:00.364 [scheduling-1] INFO  c.e.d.schedulded.ScheduldedTasks - 
ID: 282
Jenny Castro
jenny.castro@sakilacustomer.org
Wypożyczone filmy:
- Volcano Texas - Wypozyczono -2001331935 dni temu

17:28:00.364 [scheduling-1] INFO  c.e.d.schedulded.ScheduldedTasks - 
ID: 284
Sonia Gregory
sonia.gregory@sakilacustomer.org
Wypożyczone filmy:
- Berets Agent - Wypozyczono -2001331935 dni temu
- Frida Slipper - Wypozyczono -2001331935 dni temu

17:28:00.364 [scheduling-1] INFO  c.e.d.schedulded.ScheduldedTasks - 
ID: 28
Cynthia Young
cynthia.young@sakilacustomer.org
Wypożyczone filmy:
- Suspects Quills - Wypozyczono -2001331935 dni temu

17:28:00.388 [scheduling-1] INFO  c.e.d.schedulded.ScheduldedTasks - 
ID: 29
Angela Hernandez
angela.hernandez@sakilacustomer.org
Wypożyczone filmy:
- Canyon Stock - Wypozyczono -2001331935 dni temu

17:28:00.392 [scheduling-1] INFO  c.e.d.schedulded.ScheduldedTasks - 
ID: 287
Becky Miles
becky.miles@sakilacustomer.org
Wypożyczone filmy:
- Virginian Pluto - Wypozyczono -2001331935 dni temu

17:28:00.394 [scheduling-1] INFO  c.e.d.schedulded.ScheduldedTasks - 
ID: 33
Anna Hill
anna.hill@sakilacustomer.org
Wypożyczone filmy:
- Boulevard Mob - Wypozyczono -2001331935 dni temu

17:28:00.396 [scheduling-1] INFO  c.e.d.schedulded.ScheduldedTasks - 
ID: 548
Allan Cornish
allan.cornish@sakilacustomer.org
Wypożyczone filmy:
- Sundance Invasion - Wypozyczono -2001331935 dni temu

17:28:00.400 [scheduling-1] INFO  c.e.d.schedulded.ScheduldedTasks - 
ID: 550
Guy Brownlee
guy.brownlee@sakilacustomer.org
Wypożyczone filmy:
- Enough Raging - Wypozyczono -2001331935 dni temu

17:28:00.404 [scheduling-1] INFO  c.e.d.schedulded.ScheduldedTasks - 
ID: 295
Daisy Bates
daisy.bates@sakilacustomer.org
Wypożyczone filmy:
- Pride Alamo - Wypozyczono -2001331935 dni temu

17:28:00.404 [scheduling-1] INFO  c.e.d.schedulded.ScheduldedTasks - 
ID: 296
Ramona Hale
ramona.hale@sakilacustomer.org
Wypożyczone filmy:
- Insider Arizona - Wypozyczono -2001331935 dni temu

17:28:00.420 [scheduling-1] INFO  c.e.d.schedulded.ScheduldedTasks - 
ID: 41
Stephanie Mitchell
stephanie.mitchell@sakilacustomer.org
Wypożyczone filmy:
- Shock Cabin - Wypozyczono -2001331935 dni temu

17:28:00.422 [scheduling-1] INFO  c.e.d.schedulded.ScheduldedTasks - 
ID: 42
Carolyn Perez
carolyn.perez@sakilacustomer.org
Wypożyczone filmy:
- Torque Bound - Wypozyczono -2001331935 dni temu
- River Outlaw - Wypozyczono -2001331935 dni temu

17:28:00.425 [scheduling-1] INFO  c.e.d.schedulded.ScheduldedTasks - 
ID: 554
Dwayne Olvera
dwayne.olvera@sakilacustomer.org
Wypożyczone filmy:
- Academy Dinosaur - Wypozyczono -170994251 dni temu

17:28:00.425 [scheduling-1] INFO  c.e.d.schedulded.ScheduldedTasks - 
ID: 43
Christine Roberts
christine.roberts@sakilacustomer.org
Wypożyczone filmy:
- Pollock Deliverance - Wypozyczono -2001331935 dni temu
- Motions Details - Wypozyczono -2001331935 dni temu

17:28:00.425 [scheduling-1] INFO  c.e.d.schedulded.ScheduldedTasks - 
ID: 44
Marie Turner
marie.turner@sakilacustomer.org
Wypożyczone filmy:
- American Circus - Wypozyczono -2001331935 dni temu

17:28:00.425 [scheduling-1] INFO  c.e.d.schedulded.ScheduldedTasks - 
ID: 300
John Farnsworth
john.farnsworth@sakilacustomer.org
Wypożyczone filmy:
- Outlaw Hanky - Wypozyczono -2001331935 dni temu

17:28:00.429 [scheduling-1] INFO  c.e.d.schedulded.ScheduldedTasks - 
ID: 557
Felix Gaffney
felix.gaffney@sakilacustomer.org
Wypożyczone filmy:
- Lady Stage - Wypozyczono -2001331935 dni temu

17:28:00.429 [scheduling-1] INFO  c.e.d.schedulded.ScheduldedTasks - 
ID: 560
Jordan Archuleta
jordan.archuleta@sakilacustomer.org
Wypożyczone filmy:
- Pianist Outfield - Wypozyczono -2001331935 dni temu
- Movie Shakespeare - Wypozyczono -2001331935 dni temu

17:28:00.429 [scheduling-1] INFO  c.e.d.schedulded.ScheduldedTasks - 
ID: 561
Ian Still
ian.still@sakilacustomer.org
Wypożyczone filmy:
- Mockingbird Hollywood - Wypozyczono -2001331935 dni temu

17:28:00.429 [scheduling-1] INFO  c.e.d.schedulded.ScheduldedTasks - 
ID: 52
Julie Sanchez
julie.sanchez@sakilacustomer.org
Wypożyczone filmy:
- Trading Pinocchio - Wypozyczono -2001331935 dni temu

17:28:00.429 [scheduling-1] INFO  c.e.d.schedulded.ScheduldedTasks - 
ID: 53
Heather Morris
heather.morris@sakilacustomer.org
Wypożyczone filmy:
- Peach Innocent - Wypozyczono -2001331935 dni temu
- Lawless Vision - Wypozyczono -2001331935 dni temu

17:28:00.429 [scheduling-1] INFO  c.e.d.schedulded.ScheduldedTasks - 
ID: 568
Alberto Henning
alberto.henning@sakilacustomer.org
Wypożyczone filmy:
- Vanishing Rocky - Wypozyczono -2001331935 dni temu

17:28:00.436 [scheduling-1] INFO  c.e.d.schedulded.ScheduldedTasks - 
ID: 56
Gloria Cook
gloria.cook@sakilacustomer.org
Wypożyczone filmy:
- Igby Maker - Wypozyczono -2001331935 dni temu

17:28:00.437 [scheduling-1] INFO  c.e.d.schedulded.ScheduldedTasks - 
ID: 570
Ivan Cromwell
ivan.cromwell@sakilacustomer.org
Wypożyczone filmy:
- Creatures Shakespeare - Wypozyczono -2001331935 dni temu

17:28:00.439 [scheduling-1] INFO  c.e.d.schedulded.ScheduldedTasks - 
ID: 58
Jean Bell
jean.bell@sakilacustomer.org
Wypożyczone filmy:
- Ridgemont Submarine - Wypozyczono -2001331935 dni temu

17:28:00.440 [scheduling-1] INFO  c.e.d.schedulded.ScheduldedTasks - 
ID: 315
Kenneth Gooden
kenneth.gooden@sakilacustomer.org
Wypożyczone filmy:
- Operation Operation - Wypozyczono -2001331935 dni temu

17:28:00.442 [scheduling-1] INFO  c.e.d.schedulded.ScheduldedTasks - 
ID: 60
Mildred Bailey
mildred.bailey@sakilacustomer.org
Wypożyczone filmy:
- Boogie Amelie - Wypozyczono -2001331935 dni temu
- Chamber Italian - Wypozyczono -2001331935 dni temu

17:28:00.443 [scheduling-1] INFO  c.e.d.schedulded.ScheduldedTasks - 
ID: 317
Edward Baugh
edward.baugh@sakilacustomer.org
Wypożyczone filmy:
- Armageddon Lost - Wypozyczono -2001331935 dni temu

17:28:00.443 [scheduling-1] INFO  c.e.d.schedulded.ScheduldedTasks - 
ID: 576
Morris Mccarter
morris.mccarter@sakilacustomer.org
Wypożyczone filmy:
- Titanic Boondock - Wypozyczono -2001331935 dni temu
- Vanished Garden - Wypozyczono -2001331935 dni temu

17:28:00.443 [scheduling-1] INFO  c.e.d.schedulded.ScheduldedTasks - 
ID: 64
Judith Cox
judith.cox@sakilacustomer.org
Wypożyczone filmy:
- Doors President - Wypozyczono -2001331935 dni temu

17:28:00.447 [scheduling-1] INFO  c.e.d.schedulded.ScheduldedTasks - 
ID: 579
Daryl Larue
daryl.larue@sakilacustomer.org
Wypożyczone filmy:
- Streak Ridgemont - Wypozyczono -2001331935 dni temu

17:28:00.448 [scheduling-1] INFO  c.e.d.schedulded.ScheduldedTasks - 
ID: 324
Gary Coy
gary.coy@sakilacustomer.org
Wypożyczone filmy:
- Chitty Lock - Wypozyczono -2001331935 dni temu

17:28:00.449 [scheduling-1] INFO  c.e.d.schedulded.ScheduldedTasks - 
ID: 69
Judy Gray
judy.gray@sakilacustomer.org
Wypożyczone filmy:
- Summer Scarface - Wypozyczono -2001331935 dni temu

17:28:00.451 [scheduling-1] INFO  c.e.d.schedulded.ScheduldedTasks - 
ID: 582
Andy Vanhorn
andy.vanhorn@sakilacustomer.org
Wypożyczone filmy:
- Tuxedo Mile - Wypozyczono -2001331935 dni temu

17:28:00.460 [scheduling-1] INFO  c.e.d.schedulded.ScheduldedTasks - 
ID: 327
Larry Thrasher
larry.thrasher@sakilacustomer.org
Wypożyczone filmy:
- Pulp Beverly - Wypozyczono -2001331935 dni temu

17:28:00.462 [scheduling-1] INFO  c.e.d.schedulded.ScheduldedTasks - 
ID: 73
Beverly Brooks
beverly.brooks@sakilacustomer.org
Wypożyczone filmy:
- Shrek License - Wypozyczono -2001331935 dni temu

17:28:00.462 [scheduling-1] INFO  c.e.d.schedulded.ScheduldedTasks - 
ID: 585
Perry Swafford
perry.swafford@sakilacustomer.org
Wypożyczone filmy:
- Devil Desire - Wypozyczono -2001331935 dni temu

17:28:00.473 [scheduling-1] INFO  c.e.d.schedulded.ScheduldedTasks - 
ID: 330
Scott Shelley
scott.shelley@sakilacustomer.org
Wypożyczone filmy:
- Grail Frankenstein - Wypozyczono -2001331935 dni temu

17:28:00.477 [scheduling-1] INFO  c.e.d.schedulded.ScheduldedTasks - 
ID: 587
Sergio Stanfield
sergio.stanfield@sakilacustomer.org
Wypożyczone filmy:
- Camelot Vacation - Wypozyczono -2001331935 dni temu

17:28:00.480 [scheduling-1] INFO  c.e.d.schedulded.ScheduldedTasks - 
ID: 75
Tammy Sanders
tammy.sanders@sakilacustomer.org
Wypożyczone filmy:
- Lust Lock - Wypozyczono -2001331935 dni temu
- Trouble Date - Wypozyczono -2001331935 dni temu
- Sleepy Japanese - Wypozyczono -2001331935 dni temu

17:28:00.480 [scheduling-1] INFO  c.e.d.schedulded.ScheduldedTasks - 
ID: 334
Raymond Mcwhorter
raymond.mcwhorter@sakilacustomer.org
Wypożyczone filmy:
- Smoochy Control - Wypozyczono -2001331935 dni temu

17:28:00.484 [scheduling-1] INFO  c.e.d.schedulded.ScheduldedTasks - 
ID: 590
Seth Hannon
seth.hannon@sakilacustomer.org
Wypożyczone filmy:
- African Egg - Wypozyczono -2001331935 dni temu

17:28:00.485 [scheduling-1] INFO  c.e.d.schedulded.ScheduldedTasks - 
ID: 335
Gregory Mauldin
gregory.mauldin@sakilacustomer.org
Wypożyczone filmy:
- Hunger Roof - Wypozyczono -2001331935 dni temu

17:28:00.489 [scheduling-1] INFO  c.e.d.schedulded.ScheduldedTasks - 
ID: 80
Marilyn Ross
marilyn.ross@sakilacustomer.org
Wypożyczone filmy:
- Intentions Empire - Wypozyczono -2001331935 dni temu

17:28:00.491 [scheduling-1] INFO  c.e.d.schedulded.ScheduldedTasks - 
ID: 336
Joshua Mark
joshua.mark@sakilacustomer.org
Wypożyczone filmy:
- Juggler Hardly - Wypozyczono -2001331935 dni temu

17:28:00.494 [scheduling-1] INFO  c.e.d.schedulded.ScheduldedTasks - 
ID: 592
Terrance Roush
terrance.roush@sakilacustomer.org
Wypożyczone filmy:
- Kick Savannah - Wypozyczono -2001331935 dni temu

17:28:00.494 [scheduling-1] INFO  c.e.d.schedulded.ScheduldedTasks - 
ID: 337
Jerry Jordon
jerry.jordon@sakilacustomer.org
Wypożyczone filmy:
- Gunfight Moon - Wypozyczono -2001331935 dni temu

17:28:00.494 [scheduling-1] INFO  c.e.d.schedulded.ScheduldedTasks - 
ID: 83
Louise Jenkins
louise.jenkins@sakilacustomer.org
Wypożyczone filmy:
- Frisco Forrest - Wypozyczono -2001331935 dni temu

17:28:00.494 [scheduling-1] INFO  c.e.d.schedulded.ScheduldedTasks - 
ID: 596
Enrique Forsythe
enrique.forsythe@sakilacustomer.org
Wypożyczone filmy:
- Gunfight Moon - Wypozyczono -2001331935 dni temu

17:28:00.503 [scheduling-1] INFO  c.e.d.schedulded.ScheduldedTasks - 
ID: 597
Freddie Duggan
freddie.duggan@sakilacustomer.org
Wypożyczone filmy:
- Ghost Groundhog - Wypozyczono -2001331935 dni temu

17:28:00.504 [scheduling-1] INFO  c.e.d.schedulded.ScheduldedTasks - 
ID: 87
Wanda Patterson
wanda.patterson@sakilacustomer.org
Wypożyczone filmy:
- Doors President - Wypozyczono -2001331935 dni temu

17:28:00.504 [scheduling-1] INFO  c.e.d.schedulded.ScheduldedTasks - 
ID: 91
Lois Butler
lois.butler@sakilacustomer.org
Wypożyczone filmy:
- Bubble Grosse - Wypozyczono -2001331935 dni temu

17:28:00.504 [scheduling-1] INFO  c.e.d.schedulded.ScheduldedTasks - 
ID: 349
Joe Gilliland
joe.gilliland@sakilacustomer.org
Wypożyczone filmy:
- Amistad Midsummer - Wypozyczono -2001331935 dni temu

17:28:00.510 [scheduling-1] INFO  c.e.d.schedulded.ScheduldedTasks - 
ID: 94
Norma Gonzales
norma.gonzales@sakilacustomer.org
Wypożyczone filmy:
- Sleeping Suspects - Wypozyczono -2001331935 dni temu

17:28:00.511 [scheduling-1] INFO  c.e.d.schedulded.ScheduldedTasks - 
ID: 352
Albert Crouse
albert.crouse@sakilacustomer.org
Wypożyczone filmy:
- Varsity Trip - Wypozyczono -2001331935 dni temu

17:28:00.513 [scheduling-1] INFO  c.e.d.schedulded.ScheduldedTasks - 
ID: 354
Justin Ngo
justin.ngo@sakilacustomer.org
Wypożyczone filmy:
- Titanic Boondock - Wypozyczono -2001331935 dni temu
- Trojan Tomorrow - Wypozyczono -2001331935 dni temu

17:28:00.514 [scheduling-1] INFO  c.e.d.schedulded.ScheduldedTasks - 
ID: 99
Emily Diaz
emily.diaz@sakilacustomer.org
Wypożyczone filmy:
- Connection Microcosmos - Wypozyczono -2001331935 dni temu

17:28:00.514 [scheduling-1] INFO  c.e.d.schedulded.ScheduldedTasks - 
ID: 355
Terry Grissom
terry.grissom@sakilacustomer.org
Wypożyczone filmy:
- Family Sweet - Wypozyczono -2001331935 dni temu

17:28:00.518 [scheduling-1] INFO  c.e.d.schedulded.ScheduldedTasks - 
ID: 100
Robin Hayes
robin.hayes@sakilacustomer.org
Wypożyczone filmy:
- Bound Cheaper - Wypozyczono -2001331935 dni temu

17:28:00.520 [scheduling-1] INFO  c.e.d.schedulded.ScheduldedTasks - 
ID: 101
Peggy Myers
peggy.myers@sakilacustomer.org
Wypożyczone filmy:
- Club Graffiti - Wypozyczono -2001331935 dni temu

17:28:00.520 [scheduling-1] INFO  c.e.d.schedulded.ScheduldedTasks - 
ID: 359
Willie Markham
willie.markham@sakilacustomer.org
Wypożyczone filmy:
- Center Dinosaur - Wypozyczono -2001331935 dni temu

17:28:00.520 [scheduling-1] INFO  c.e.d.schedulded.ScheduldedTasks - 
ID: 361
Lawrence Lawton
lawrence.lawton@sakilacustomer.org
Wypożyczone filmy:
- Insects Stone - Wypozyczono -2001331935 dni temu
- Half Outfield - Wypozyczono -2001331935 dni temu

17:28:00.526 [scheduling-1] INFO  c.e.d.schedulded.ScheduldedTasks - 
ID: 107
Florence Woods
florence.woods@sakilacustomer.org
Wypożyczone filmy:
- Club Graffiti - Wypozyczono -2001331935 dni temu
- Blade Polish - Wypozyczono -2001331935 dni temu

17:28:00.527 [scheduling-1] INFO  c.e.d.schedulded.ScheduldedTasks - 
ID: 108
Tracy Cole
tracy.cole@sakilacustomer.org
Wypożyczone filmy:
- Ali Forever - Wypozyczono -2001331935 dni temu

17:28:00.529 [scheduling-1] INFO  c.e.d.schedulded.ScheduldedTasks - 
ID: 366
Brandon Huey
brandon.huey@sakilacustomer.org
Wypożyczone filmy:
- Ace Goldfinger - Wypozyczono -2001331935 dni temu

17:28:00.530 [scheduling-1] INFO  c.e.d.schedulded.ScheduldedTasks - 
ID: 111
Carmen Owens
carmen.owens@sakilacustomer.org
Wypożyczone filmy:
- Affair Prejudice - Wypozyczono -2001331935 dni temu

17:28:00.531 [scheduling-1] INFO  c.e.d.schedulded.ScheduldedTasks - 
ID: 369
Fred Wheat
fred.wheat@sakilacustomer.org
Wypożyczone filmy:
- Sweethearts Suspects - Wypozyczono -2001331935 dni temu

17:28:00.534 [scheduling-1] INFO  c.e.d.schedulded.ScheduldedTasks - 
ID: 114
Grace Ellis
grace.ellis@sakilacustomer.org
Wypożyczone filmy:
- Dragonfly Strangers - Wypozyczono -2001331935 dni temu

17:28:00.536 [scheduling-1] INFO  c.e.d.schedulded.ScheduldedTasks - 
ID: 115
Wendy Harrison
wendy.harrison@sakilacustomer.org
Wypożyczone filmy:
- Sons Interview - Wypozyczono -2001331935 dni temu

17:28:00.551 [scheduling-1] INFO  c.e.d.schedulded.ScheduldedTasks - 
ID: 373
Louis Leone
louis.leone@sakilacustomer.org
Wypożyczone filmy:
- Zhivago Core - Wypozyczono -2001331935 dni temu

17:28:00.555 [scheduling-1] INFO  c.e.d.schedulded.ScheduldedTasks - 
ID: 374
Jeremy Hurtado
jeremy.hurtado@sakilacustomer.org
Wypożyczone filmy:
- Window Side - Wypozyczono -2001331935 dni temu

17:28:00.558 [scheduling-1] INFO  c.e.d.schedulded.ScheduldedTasks - 
ID: 120
Sylvia Ortiz
sylvia.ortiz@sakilacustomer.org
Wypożyczone filmy:
- Opposite Necklace - Wypozyczono -2001331935 dni temu

17:28:00.560 [scheduling-1] INFO  c.e.d.schedulded.ScheduldedTasks - 
ID: 388
Craig Morrell
craig.morrell@sakilacustomer.org
Wypożyczone filmy:
- Mummy Creatures - Wypozyczono -2001331935 dni temu

17:28:00.560 [scheduling-1] INFO  c.e.d.schedulded.ScheduldedTasks - 
ID: 135
Juanita Mason
juanita.mason@sakilacustomer.org
Wypożyczone filmy:
- None Spiking - Wypozyczono -2001331935 dni temu

17:28:00.564 [scheduling-1] INFO  c.e.d.schedulded.ScheduldedTasks - 
ID: 394
Chris Brothers
chris.brothers@sakilacustomer.org
Wypożyczone filmy:
- Cincinatti Whisperer - Wypozyczono -2001331935 dni temu

17:28:00.564 [scheduling-1] INFO  c.e.d.schedulded.ScheduldedTasks - 
ID: 142
April Burns
april.burns@sakilacustomer.org
Wypożyczone filmy:
- Outfield Massacre - Wypozyczono -2001331935 dni temu

17:28:00.567 [scheduling-1] INFO  c.e.d.schedulded.ScheduldedTasks - 
ID: 405
Leonard Schofield
leonard.schofield@sakilacustomer.org
Wypożyczone filmy:
- Fight Jawbreaker - Wypozyczono -2001331935 dni temu

17:28:00.567 [scheduling-1] INFO  c.e.d.schedulded.ScheduldedTasks - 
ID: 152
Alicia Mills
alicia.mills@sakilacustomer.org
Wypożyczone filmy:
- Sleepless Monsoon - Wypozyczono -2001331935 dni temu

17:28:00.567 [scheduling-1] INFO  c.e.d.schedulded.ScheduldedTasks - 
ID: 410
Curtis Irby
curtis.irby@sakilacustomer.org
Wypożyczone filmy:
- Gorgeous Bingo - Wypozyczono -2001331935 dni temu

17:28:00.567 [scheduling-1] INFO  c.e.d.schedulded.ScheduldedTasks - 
ID: 155
Gail Knight
gail.knight@sakilacustomer.org
Wypożyczone filmy:
- Hyde Doctor - Wypozyczono -2001331935 dni temu
- Chasing Fight - Wypozyczono -2001331935 dni temu

17:28:00.571 [scheduling-1] INFO  c.e.d.schedulded.ScheduldedTasks - 
ID: 411
Norman Currier
norman.currier@sakilacustomer.org
Wypożyczone filmy:
- Harry Idaho - Wypozyczono -2001331935 dni temu

17:28:00.572 [scheduling-1] INFO  c.e.d.schedulded.ScheduldedTasks - 
ID: 412
Allen Butterfield
allen.butterfield@sakilacustomer.org
Wypożyczone filmy:
- Mulan Moon - Wypozyczono -2001331935 dni temu

17:28:00.588 [scheduling-1] INFO  c.e.d.schedulded.ScheduldedTasks - 
ID: 417
Travis Estep
travis.estep@sakilacustomer.org
Wypożyczone filmy:
- Seabiscuit Punk - Wypozyczono -2001331935 dni temu

17:28:00.592 [scheduling-1] INFO  c.e.d.schedulded.ScheduldedTasks - 
ID: 162
Lauren Hudson
lauren.hudson@sakilacustomer.org
Wypożyczone filmy:
- Midnight Westward - Wypozyczono -2001331935 dni temu

17:28:00.594 [scheduling-1] INFO  c.e.d.schedulded.ScheduldedTasks - 
ID: 163
Cathy Spencer
cathy.spencer@sakilacustomer.org
Wypożyczone filmy:
- Sons Interview - Wypozyczono -2001331935 dni temu
- Holes Brannigan - Wypozyczono -2001331935 dni temu

17:28:00.595 [scheduling-1] INFO  c.e.d.schedulded.ScheduldedTasks - 
ID: 421
Lee Hawks
lee.hawks@sakilacustomer.org
Wypożyczone filmy:
- Detective Vision - Wypozyczono -2001331935 dni temu

17:28:00.595 [scheduling-1] INFO  c.e.d.schedulded.ScheduldedTasks - 
ID: 422
Melvin Ellington
melvin.ellington@sakilacustomer.org
Wypożyczone filmy:
- Basic Easy - Wypozyczono -2001331935 dni temu

17:28:00.598 [scheduling-1] INFO  c.e.d.schedulded.ScheduldedTasks - 
ID: 424
Kyle Spurlock
kyle.spurlock@sakilacustomer.org
Wypożyczone filmy:
- Dances None - Wypozyczono -2001331935 dni temu

17:28:00.599 [scheduling-1] INFO  c.e.d.schedulded.ScheduldedTasks - 
ID: 168
Regina Berry
regina.berry@sakilacustomer.org
Wypożyczone filmy:
- Wedding Apollo - Wypozyczono -2001331935 dni temu

17:28:00.599 [scheduling-1] INFO  c.e.d.schedulded.ScheduldedTasks - 
ID: 175
Annette Olson
annette.olson@sakilacustomer.org
Wypożyczone filmy:
- Deer Virginian - Wypozyczono -2001331935 dni temu
- Pirates Roxanne - Wypozyczono -2001331935 dni temu

17:28:00.599 [scheduling-1] INFO  c.e.d.schedulded.ScheduldedTasks - 
ID: 431
Joel Francisco
joel.francisco@sakilacustomer.org
Wypożyczone filmy:
- Lovely Jingle - Wypozyczono -2001331935 dni temu

17:28:00.604 [scheduling-1] INFO  c.e.d.schedulded.ScheduldedTasks - 
ID: 178
Marion Snyder
marion.snyder@sakilacustomer.org
Wypożyczone filmy:
- Forrester Comancheros - Wypozyczono -2001331935 dni temu

17:28:00.605 [scheduling-1] INFO  c.e.d.schedulded.ScheduldedTasks - 
ID: 180
Stacy Cunningham
stacy.cunningham@sakilacustomer.org
Wypożyczone filmy:
- Name Detective - Wypozyczono -2001331935 dni temu

17:28:00.606 [scheduling-1] INFO  c.e.d.schedulded.ScheduldedTasks - 
ID: 181
Ana Bradley
ana.bradley@sakilacustomer.org
Wypożyczone filmy:
- Happiness United - Wypozyczono -2001331935 dni temu

17:28:00.607 [scheduling-1] INFO  c.e.d.schedulded.ScheduldedTasks - 
ID: 438
Barry Lovelace
barry.lovelace@sakilacustomer.org
Wypożyczone filmy:
- Creatures Shakespeare - Wypozyczono -2001331935 dni temu

17:28:00.607 [scheduling-1] INFO  c.e.d.schedulded.ScheduldedTasks - 
ID: 440
Bernard Colby
bernard.colby@sakilacustomer.org
Wypożyczone filmy:
- Queen Luke - Wypozyczono -2001331935 dni temu

17:28:00.607 [scheduling-1] INFO  c.e.d.schedulded.ScheduldedTasks - 
ID: 441
Mario Cheatham
mario.cheatham@sakilacustomer.org
Wypożyczone filmy:
- Eagles Panky - Wypozyczono -2001331935 dni temu

17:28:00.611 [scheduling-1] INFO  c.e.d.schedulded.ScheduldedTasks - 
ID: 186
Holly Fox
holly.fox@sakilacustomer.org
Wypożyczone filmy:
- South Wait - Wypozyczono -2001331935 dni temu

17:28:00.612 [scheduling-1] INFO  c.e.d.schedulded.ScheduldedTasks - 
ID: 188
Melanie Armstrong
melanie.armstrong@sakilacustomer.org
Wypożyczone filmy:
- Intentions Empire - Wypozyczono -2001331935 dni temu

17:28:00.612 [scheduling-1] INFO  c.e.d.schedulded.ScheduldedTasks - 
ID: 190
Yolanda Weaver
yolanda.weaver@sakilacustomer.org
Wypożyczone filmy:
- Day Unfaithful - Wypozyczono -2001331935 dni temu

17:28:00.612 [scheduling-1] INFO  c.e.d.schedulded.ScheduldedTasks - 
ID: 191
Jeanette Greene
jeanette.greene@sakilacustomer.org
Wypożyczone filmy:
- Effect Gladiator - Wypozyczono -2001331935 dni temu

17:28:00.612 [scheduling-1] INFO  c.e.d.schedulded.ScheduldedTasks - 
ID: 192
Laurie Lawrence
laurie.lawrence@sakilacustomer.org
Wypożyczone filmy:
- Haunted Antitrust - Wypozyczono -2001331935 dni temu

17:28:00.612 [scheduling-1] INFO  c.e.d.schedulded.ScheduldedTasks - 
ID: 448
Miguel Betancourt
miguel.betancourt@sakilacustomer.org
Wypożyczone filmy:
- State Wasteland - Wypozyczono -2001331935 dni temu
- Family Sweet - Wypozyczono -2001331935 dni temu

17:28:00.612 [scheduling-1] INFO  c.e.d.schedulded.ScheduldedTasks - 
ID: 193
Katie Elliott
katie.elliott@sakilacustomer.org
Wypożyczone filmy:
- Monster Spartacus - Wypozyczono -2001331935 dni temu

17:28:00.620 [scheduling-1] INFO  c.e.d.schedulded.ScheduldedTasks - 
ID: 450
Jay Robb
jay.robb@sakilacustomer.org
Wypożyczone filmy:
- Intrigue Worst - Wypozyczono -2001331935 dni temu

17:28:00.620 [scheduling-1] INFO  c.e.d.schedulded.ScheduldedTasks - 
ID: 452
Tom Milner
tom.milner@sakilacustomer.org
Wypożyczone filmy:
- Hunchback Impossible - Wypozyczono -2001331935 dni temu

17:28:00.622 [scheduling-1] INFO  c.e.d.schedulded.ScheduldedTasks - 
ID: 199
Beth Franklin
beth.franklin@sakilacustomer.org
Wypożyczone filmy:
- Baked Cleopatra - Wypozyczono -2001331935 dni temu

17:28:00.624 [scheduling-1] INFO  c.e.d.schedulded.ScheduldedTasks - 
ID: 200
Jeanne Lawson
jeanne.lawson@sakilacustomer.org
Wypożyczone filmy:
- Mulholland Beast - Wypozyczono -2001331935 dni temu

17:28:00.625 [scheduling-1] INFO  c.e.d.schedulded.ScheduldedTasks - 
ID: 457
Bill Gavin
bill.gavin@sakilacustomer.org
Wypożyczone filmy:
- Gleaming Jawbreaker - Wypozyczono -2001331935 dni temu
- Cleopatra Devil - Wypozyczono -2001331935 dni temu

17:28:00.626 [scheduling-1] INFO  c.e.d.schedulded.ScheduldedTasks - 
ID: 208
Lucy Wheeler
lucy.wheeler@sakilacustomer.org
Wypożyczone filmy:
- Seattle Expecations - Wypozyczono -2001331935 dni temu
- Curtain Videotape - Wypozyczono -2001331935 dni temu

17:28:00.628 [scheduling-1] INFO  c.e.d.schedulded.ScheduldedTasks - 
ID: 211
Stacey Montgomery
stacey.montgomery@sakilacustomer.org
Wypożyczone filmy:
- Details Packer - Wypozyczono -2001331935 dni temu

17:28:00.628 [scheduling-1] INFO  c.e.d.schedulded.ScheduldedTasks - 
ID: 213
Gina Williamson
gina.williamson@sakilacustomer.org
Wypożyczone filmy:
- Bang Kwai - Wypozyczono -2001331935 dni temu

17:28:00.631 [scheduling-1] INFO  c.e.d.schedulded.ScheduldedTasks - 
ID: 214
Kristin Johnston
kristin.johnston@sakilacustomer.org
Wypożyczone filmy:
- Star Operation - Wypozyczono -2001331935 dni temu

17:28:00.631 [scheduling-1] INFO  c.e.d.schedulded.ScheduldedTasks - 
ID: 215
Jessie Banks
jessie.banks@sakilacustomer.org
Wypożyczone filmy:
- Dances None - Wypozyczono -2001331935 dni temu

17:28:00.631 [scheduling-1] INFO  c.e.d.schedulded.ScheduldedTasks - 
ID: 216
Natalie Meyer
natalie.meyer@sakilacustomer.org
Wypożyczone filmy:
- Women Dorado - Wypozyczono -2001331935 dni temu
- Sweden Shining - Wypozyczono -2001331935 dni temu

17:28:00.631 [scheduling-1] INFO  c.e.d.schedulded.ScheduldedTasks - 
ID: 472
Greg Robins
greg.robins@sakilacustomer.org
Wypożyczone filmy:
- Wanda Chamber - Wypozyczono -2001331935 dni temu

17:28:00.645 [scheduling-1] INFO  c.e.d.schedulded.ScheduldedTasks - 
ID: 474
Dustin Gillette
dustin.gillette@sakilacustomer.org
Wypożyczone filmy:
- Crooked Frogmen - Wypozyczono -2001331935 dni temu

17:28:00.653 [scheduling-1] INFO  c.e.d.schedulded.ScheduldedTasks - 
ID: 219
Willie Howell
willie.howell@sakilacustomer.org
Wypożyczone filmy:
- Titans Jerk - Wypozyczono -2001331935 dni temu

17:28:00.655 [scheduling-1] INFO  c.e.d.schedulded.ScheduldedTasks - 
ID: 476
Derrick Bourque
derrick.bourque@sakilacustomer.org
Wypożyczone filmy:
- Mosquito Armageddon - Wypozyczono -2001331935 dni temu

17:28:00.658 [scheduling-1] INFO  c.e.d.schedulded.ScheduldedTasks - 
ID: 479
Zachary Hite
zachary.hite@sakilacustomer.org
Wypożyczone filmy:
- Frost Head - Wypozyczono -2001331935 dni temu

17:28:00.658 [scheduling-1] INFO  c.e.d.schedulded.ScheduldedTasks - 
ID: 227
Colleen Burton
colleen.burton@sakilacustomer.org
Wypożyczone filmy:
- Moonwalker Fool - Wypozyczono -2001331935 dni temu

17:28:00.658 [scheduling-1] INFO  c.e.d.schedulded.ScheduldedTasks - 
ID: 228
Allison Stanley
allison.stanley@sakilacustomer.org
Wypożyczone filmy:
- Grapes Fury - Wypozyczono -2001331935 dni temu
- Cyclone Family - Wypozyczono -2001331935 dni temu

17:28:00.658 [scheduling-1] INFO  c.e.d.schedulded.ScheduldedTasks - 
ID: 229
Tamara Nguyen
tamara.nguyen@sakilacustomer.org
Wypożyczone filmy:
- Loathing Legally - Wypozyczono -2001331935 dni temu

17:28:00.658 [scheduling-1] INFO  c.e.d.schedulded.ScheduldedTasks - 
ID: 234
Claudia Fuller
claudia.fuller@sakilacustomer.org
Wypożyczone filmy:
- Encino Elf - Wypozyczono -2001331935 dni temu

17:28:00.658 [scheduling-1] INFO  c.e.d.schedulded.ScheduldedTasks - 
ID: 236
Marcia Dean
marcia.dean@sakilacustomer.org
Wypożyczone filmy:
- Alone Trip - Wypozyczono -2001331935 dni temu

17:28:00.670 [scheduling-1] INFO  c.e.d.schedulded.ScheduldedTasks - 
ID: 493
Brent Harkins
brent.harkins@sakilacustomer.org
Wypożyczone filmy:
- Lord Arizona - Wypozyczono -2001331935 dni temu

17:28:00.670 [scheduling-1] INFO  c.e.d.schedulded.ScheduldedTasks - 
ID: 495
Charlie Bess
charlie.bess@sakilacustomer.org
Wypożyczone filmy:
- Song Hedwig - Wypozyczono -2001331935 dni temu

17:28:00.687 [scheduling-1] INFO  c.e.d.schedulded.ScheduldedTasks - 
ID: 496
Tyler Wren
tyler.wren@sakilacustomer.org
Wypożyczone filmy:
- Blanket Beverly - Wypozyczono -2001331935 dni temu

17:28:00.687 [scheduling-1] INFO  c.e.d.schedulded.ScheduldedTasks - 
ID: 497
Gilbert Sledge
gilbert.sledge@sakilacustomer.org
Wypożyczone filmy:
- Silverado Goldfinger - Wypozyczono -2001331935 dni temu

17:28:00.687 [scheduling-1] INFO  c.e.d.schedulded.ScheduldedTasks - 
ID: 244
Viola Hanson
viola.hanson@sakilacustomer.org
Wypożyczone filmy:
- Shawshank Bubble - Wypozyczono -2001331935 dni temu

17:28:00.687 [scheduling-1] INFO  c.e.d.schedulded.ScheduldedTasks - 
ID: 245
Courtney Day
courtney.day@sakilacustomer.org
Wypożyczone filmy:
- Driver Annie - Wypozyczono -2001331935 dni temu

17:28:00.696 [scheduling-1] INFO  c.e.d.schedulded.ScheduldedTasks - 
ID: 505
Rafael Abney
rafael.abney@sakilacustomer.org
Wypożyczone filmy:
- Conversation Downhill - Wypozyczono -2001331935 dni temu

17:28:00.709 [scheduling-1] INFO  c.e.d.schedulded.ScheduldedTasks - 
ID: 251
Vickie Brewer
vickie.brewer@sakilacustomer.org
Wypożyczone filmy:
- Swarm Gold - Wypozyczono -2001331935 dni temu

17:28:00.713 [scheduling-1] INFO  c.e.d.schedulded.ScheduldedTasks - 
ID: 252
Mattie Hoffman
mattie.hoffman@sakilacustomer.org
Wypożyczone filmy:
- Drifter Commandments - Wypozyczono -2001331935 dni temu

17:28:00.713 [scheduling-1] INFO  c.e.d.schedulded.ScheduldedTasks - 
ID: 508
Milton Howland
milton.howland@sakilacustomer.org
Wypożyczone filmy:
- Disciple Mother - Wypozyczono -2001331935 dni temu

